[2024-03-19 17:20:25.021] [INFO ] [ServerSockets.java:37] read config file: {
    "IP": "127.0.0.1",
    "PORT": 6001,
    "CORE_POOL_SIZE": 8,
    "MAXIMUM_POOL_SIZE": 12,
    "KEEP_ALIVE_TIME": 60,
    "BLOCKING_QUEUE_CAPACITY": 100

}

[2024-03-19 17:20:46.565] [INFO ] [ClientSocket.java:37] read config file: {
    "IP": "127.0.0.1",
    "PORT": 6001,
    "CORE_POOL_SIZE": 8,
    "MAXIMUM_POOL_SIZE": 12,
    "KEEP_ALIVE_TIME": 60,
    "BLOCKING_QUEUE_CAPACITY": 100

}

[2024-03-19 17:20:46.572] [INFO ] [ClientSocket.java:37] read config file: {
    "IP": "127.0.0.1",
    "PORT": 6001,
    "CORE_POOL_SIZE": 8,
    "MAXIMUM_POOL_SIZE": 12,
    "KEEP_ALIVE_TIME": 60,
    "BLOCKING_QUEUE_CAPACITY": 100

}

[2024-03-19 17:20:46.573] [INFO ] [ClientSocket.java:37] read config file: {
    "IP": "127.0.0.1",
    "PORT": 6001,
    "CORE_POOL_SIZE": 8,
    "MAXIMUM_POOL_SIZE": 12,
    "KEEP_ALIVE_TIME": 60,
    "BLOCKING_QUEUE_CAPACITY": 100

}

[2024-03-19 17:20:54.878] [INFO ] [ClientRequestHandler.java:151] request send: {"password":"raj","command":"login","username":"raj"}
[2024-03-19 17:20:54.885] [INFO ] [ClientRequestHandler.java:155] response from server: {"password":"raj","command":"login","username":"raj"}
[2024-03-19 17:21:00.197] [INFO ] [TerminalUI.java:123] null username length less than 6
[2024-03-19 17:21:05.210] [INFO ] [TerminalUI.java:123] null username length less than 6
[2024-03-19 17:21:53.037] [INFO ] [ClientRequestHandler.java:186] request send: {"password":"raj1234","command":"register","username":"raj1234"}
[2024-03-19 17:21:53.041] [INFO ] [ClientRequestHandler.java:190] response from server: {"password":"raj1234","command":"register","username":"raj1234"}
[2024-03-19 17:22:02.474] [INFO ] [ClientRequestHandler.java:151] request send: {"password":"raj1234","command":"login","username":"raj1234"}
[2024-03-19 17:22:02.479] [INFO ] [ClientRequestHandler.java:155] response from server: {"password":"raj1234","command":"login","username":"raj1234"}
[2024-03-19 17:22:02.481] [INFO ] [TerminalUI.java:88] raj1234 logged in
[2024-03-19 17:22:06.465] [INFO ] [ClientRequestHandler.java:58] request send: {"command":"library"}
[2024-03-19 17:22:22.880] [INFO ] [ClientRequestHandler.java:230] request send: {"message":"Imagine.wav","command":"audioFile"}
[2024-03-19 17:22:35.578] [INFO ] [ClientSocket.java:37] read config file: {
    "IP": "127.0.0.1",
    "PORT": 6001,
    "CORE_POOL_SIZE": 8,
    "MAXIMUM_POOL_SIZE": 12,
    "KEEP_ALIVE_TIME": 60,
    "BLOCKING_QUEUE_CAPACITY": 100

}

[2024-03-19 17:22:35.586] [INFO ] [ClientSocket.java:37] read config file: {
    "IP": "127.0.0.1",
    "PORT": 6001,
    "CORE_POOL_SIZE": 8,
    "MAXIMUM_POOL_SIZE": 12,
    "KEEP_ALIVE_TIME": 60,
    "BLOCKING_QUEUE_CAPACITY": 100

}

[2024-03-19 17:22:35.586] [INFO ] [ClientSocket.java:37] read config file: {
    "IP": "127.0.0.1",
    "PORT": 6001,
    "CORE_POOL_SIZE": 8,
    "MAXIMUM_POOL_SIZE": 12,
    "KEEP_ALIVE_TIME": 60,
    "BLOCKING_QUEUE_CAPACITY": 100

}

[2024-03-19 17:22:41.492] [INFO ] [ClientRequestHandler.java:151] request send: {"password":"raj1234","command":"login","username":"raj1234"}
[2024-03-19 17:22:41.494] [INFO ] [ClientRequestHandler.java:155] response from server: {"password":"raj1234","command":"login","username":"raj1234"}
[2024-03-19 17:22:41.496] [INFO ] [TerminalUI.java:88] raj1234 logged in
[2024-03-19 17:22:43.687] [INFO ] [ClientRequestHandler.java:58] request send: {"command":"library"}
[2024-03-19 17:22:46.770] [INFO ] [ClientRequestHandler.java:373] request send: {"command":"getPlaylistName"}
[2024-03-19 17:22:46.773] [INFO ] [ClientRequestHandler.java:380] response from server: {"command":"getPlaylistName"}
[2024-03-19 17:22:49.937] [INFO ] [ClientRequestHandler.java:341] request send: {"message":"test","command":"createPlaylist","username":"raj1234"}
[2024-03-19 17:22:49.938] [INFO ] [ClientRequestHandler.java:345] response from server: {"message":"test","command":"createPlaylist","username":"raj1234"}
[2024-03-19 17:22:49.939] [INFO ] [ClientRequestHandler.java:373] request send: {"command":"getPlaylistName"}
[2024-03-19 17:22:49.940] [INFO ] [ClientRequestHandler.java:380] response from server: {"command":"getPlaylistName"}
[2024-03-19 17:22:55.120] [INFO ] [ClientRequestHandler.java:373] request send: {"command":"getPlaylistName"}
[2024-03-19 17:22:55.121] [INFO ] [ClientRequestHandler.java:380] response from server: {"command":"getPlaylistName"}
[2024-03-19 17:22:55.123] [INFO ] [ClientRequestHandler.java:428] request send: {"message":"test/Imagine.wav","command":"addToPlaylist","username":"raj1234"}
[2024-03-19 17:22:55.125] [INFO ] [ClientRequestHandler.java:434] response from server: {"message":"test/Imagine.wav","command":"addToPlaylist","username":"raj1234"}
[2024-03-19 17:23:05.655] [INFO ] [ClientRequestHandler.java:58] request send: {"command":"library"}
[2024-03-19 17:23:05.656] [INFO ] [ClientRequestHandler.java:230] request send: {"message":"mini2.wav","command":"audioFile"}
[2024-03-19 17:23:25.584] [INFO ] [ClientRequestHandler.java:58] request send: {"command":"library"}
[2024-03-19 17:23:25.587] [INFO ] [ClientRequestHandler.java:230] request send: {"message":"Perfect.wav","command":"audioFile"}
[2024-03-19 17:23:36.255] [INFO ] [ClientRequestHandler.java:373] request send: {"command":"getPlaylistName"}
[2024-03-19 17:23:36.256] [INFO ] [ClientRequestHandler.java:380] response from server: {"command":"getPlaylistName"}
[2024-03-19 17:23:36.257] [INFO ] [ClientRequestHandler.java:428] request send: {"message":"test/Perfect.wav","command":"addToPlaylist","username":"raj1234"}
[2024-03-19 17:23:36.257] [INFO ] [ClientRequestHandler.java:434] response from server: {"message":"test/Perfect.wav","command":"addToPlaylist","username":"raj1234"}
[2024-03-19 17:23:50.706] [INFO ] [ClientSocket.java:37] read config file: {
    "IP": "127.0.0.1",
    "PORT": 6001,
    "CORE_POOL_SIZE": 8,
    "MAXIMUM_POOL_SIZE": 12,
    "KEEP_ALIVE_TIME": 60,
    "BLOCKING_QUEUE_CAPACITY": 100

}

[2024-03-19 17:23:50.707] [INFO ] [ClientRequestHandler.java:522] request send: {"message":"test","command":"getPlaylist"}
[2024-03-19 17:23:50.709] [INFO ] [ClientRequestHandler.java:529] response from server: {"getPlaylist":["Imagine.wav","Perfect.wav"]}
[2024-03-19 17:23:54.850] [INFO ] [ClientRequestHandler.java:230] request send: {"message":"Imagine.wav","command":"audioFile"}
[2024-03-19 17:24:05.121] [INFO ] [ClientRequestHandler.java:58] request send: {"command":"library"}
[2024-03-19 17:24:05.122] [INFO ] [ClientRequestHandler.java:230] request send: {"message":"Heading_Home.wav","command":"audioFile"}
[2024-03-19 17:24:09.631] [INFO ] [ClientRequestHandler.java:373] request send: {"command":"getPlaylistName"}
[2024-03-19 17:24:09.633] [INFO ] [ClientRequestHandler.java:380] response from server: {"command":"getPlaylistName"}
[2024-03-19 17:24:09.635] [INFO ] [ClientRequestHandler.java:428] request send: {"message":"test/Heading_Home.wav","command":"addToPlaylist","username":"raj1234"}
[2024-03-19 17:24:09.638] [INFO ] [ClientRequestHandler.java:434] response from server: {"message":"test/Heading_Home.wav","command":"addToPlaylist","username":"raj1234"}
[2024-03-19 17:24:12.778] [INFO ] [ClientSocket.java:37] read config file: {
    "IP": "127.0.0.1",
    "PORT": 6001,
    "CORE_POOL_SIZE": 8,
    "MAXIMUM_POOL_SIZE": 12,
    "KEEP_ALIVE_TIME": 60,
    "BLOCKING_QUEUE_CAPACITY": 100

}

[2024-03-19 17:24:12.787] [INFO ] [ClientSocket.java:37] read config file: {
    "IP": "127.0.0.1",
    "PORT": 6001,
    "CORE_POOL_SIZE": 8,
    "MAXIMUM_POOL_SIZE": 12,
    "KEEP_ALIVE_TIME": 60,
    "BLOCKING_QUEUE_CAPACITY": 100

}

[2024-03-19 17:24:12.788] [INFO ] [ClientSocket.java:37] read config file: {
    "IP": "127.0.0.1",
    "PORT": 6001,
    "CORE_POOL_SIZE": 8,
    "MAXIMUM_POOL_SIZE": 12,
    "KEEP_ALIVE_TIME": 60,
    "BLOCKING_QUEUE_CAPACITY": 100

}

[2024-03-19 17:24:20.207] [INFO ] [ClientRequestHandler.java:186] request send: {"password":"deval123","command":"register","username":"deval123"}
[2024-03-19 17:24:20.209] [INFO ] [ClientRequestHandler.java:190] response from server: {"password":"deval123","command":"register","username":"deval123"}
[2024-03-19 17:24:27.886] [INFO ] [ClientRequestHandler.java:151] request send: {"password":"deval123","command":"login","username":"deval123"}
[2024-03-19 17:24:27.887] [INFO ] [ClientRequestHandler.java:155] response from server: {"password":"deval123","command":"login","username":"deval123"}
[2024-03-19 17:24:27.888] [INFO ] [TerminalUI.java:88] deval123 logged in
[2024-03-19 17:24:29.888] [INFO ] [ClientRequestHandler.java:373] request send: {"command":"getPlaylistName"}
[2024-03-19 17:24:29.889] [INFO ] [ClientRequestHandler.java:380] response from server: {"command":"getPlaylistName"}
[2024-03-19 17:24:35.482] [INFO ] [ClientSocket.java:37] read config file: {
    "IP": "127.0.0.1",
    "PORT": 6001,
    "CORE_POOL_SIZE": 8,
    "MAXIMUM_POOL_SIZE": 12,
    "KEEP_ALIVE_TIME": 60,
    "BLOCKING_QUEUE_CAPACITY": 100

}

[2024-03-19 17:24:35.486] [INFO ] [ClientRequestHandler.java:522] request send: {"message":"test","command":"getPlaylist"}
[2024-03-19 17:24:35.488] [INFO ] [ClientRequestHandler.java:529] response from server: {"getPlaylist":["Imagine.wav","Perfect.wav","Heading_Home.wav"]}
[2024-03-19 17:24:40.615] [INFO ] [ClientRequestHandler.java:230] request send: {"message":"Imagine.wav","command":"audioFile"}
[2024-03-19 17:24:50.416] [INFO ] [ClientRequestHandler.java:58] request send: {"command":"library"}
[2024-03-19 17:25:01.050] [INFO ] [ClientRequestHandler.java:373] request send: {"command":"getPlaylistName"}
[2024-03-19 17:25:01.051] [INFO ] [ClientRequestHandler.java:380] response from server: {"command":"getPlaylistName"}
[2024-03-19 17:25:31.358] [INFO ] [ClientRequestHandler.java:522] request send: {"message":"test","command":"getPlaylist"}
[2024-03-19 17:25:31.359] [INFO ] [ClientRequestHandler.java:529] response from server: {"getPlaylist":["Imagine.wav","Perfect.wav","Heading_Home.wav"]}
[2024-03-19 17:25:38.123] [INFO ] [ClientRequestHandler.java:522] request send: {"message":"test","command":"getPlaylist"}
[2024-03-19 17:25:38.124] [INFO ] [ClientRequestHandler.java:529] response from server: {"getPlaylist":["Imagine.wav","Perfect.wav","Heading_Home.wav"]}
[2024-03-19 17:25:44.977] [INFO ] [ClientRequestHandler.java:428] request send: {"message":"test/Imagine.wav","command":"removeFromPlaylist","username":"deval123"}
[2024-03-19 17:25:44.980] [INFO ] [ClientRequestHandler.java:434] response from server: {"message":"test/Imagine.wav","command":"removeFromPlaylist","username":"deval123"}
[2024-03-19 17:25:44.981] [INFO ] [ClientRequestHandler.java:522] request send: {"message":"test","command":"getPlaylist"}
[2024-03-19 17:25:44.981] [INFO ] [ClientRequestHandler.java:529] response from server: {"getPlaylist":["Imagine.wav","Perfect.wav","Heading_Home.wav"]}
[2024-03-19 17:25:51.676] [INFO ] [ClientRequestHandler.java:428] request send: {"message":"test/Imagine.wav","command":"removeFromPlaylist","username":"raj1234"}
[2024-03-19 17:25:51.680] [INFO ] [ClientRequestHandler.java:434] response from server: {"message":"test/Imagine.wav","command":"removeFromPlaylist","username":"raj1234"}
[2024-03-19 17:25:51.682] [INFO ] [ClientRequestHandler.java:522] request send: {"message":"test","command":"getPlaylist"}
[2024-03-19 17:25:51.684] [INFO ] [ClientRequestHandler.java:529] response from server: {"getPlaylist":["Perfect.wav","Heading_Home.wav"]}
[2024-03-19 17:26:06.525] [INFO ] [ClientRequestHandler.java:230] request send: {"message":"Perfect.wav","command":"audioFile"}
[2024-03-19 17:26:15.177] [INFO ] [ClientRequestHandler.java:373] request send: {"command":"getPlaylistName"}
[2024-03-19 17:26:15.178] [INFO ] [ClientRequestHandler.java:380] response from server: {"command":"getPlaylistName"}
[2024-03-19 17:26:18.168] [INFO ] [ClientRequestHandler.java:373] request send: {"command":"getPlaylistName"}
[2024-03-19 17:26:18.170] [INFO ] [ClientRequestHandler.java:380] response from server: {"command":"getPlaylistName"}
[2024-03-19 17:26:18.173] [INFO ] [ClientRequestHandler.java:474] request send: {"message":"test","command":"removePlaylist","username":"raj1234"}
[2024-03-19 17:26:18.175] [INFO ] [ClientRequestHandler.java:480] response from server: {"message":"test","command":"removePlaylist","username":"raj1234"}
[2024-03-19 17:26:18.177] [INFO ] [ClientRequestHandler.java:373] request send: {"command":"getPlaylistName"}
[2024-03-19 17:26:18.179] [INFO ] [ClientRequestHandler.java:380] response from server: {"command":"getPlaylistName"}
[2024-03-19 17:26:28.721] [INFO ] [ClientRequestHandler.java:522] request send: {"message":"test","command":"getPlaylist"}
[2024-03-19 17:26:28.722] [INFO ] [ClientRequestHandler.java:529] response from server: null
[2024-03-19 17:26:28.722] [INFO ] [ClientRequestHandler.java:522] request send: {"message":"test","command":"getPlaylist"}
[2024-03-19 17:26:28.722] [INFO ] [ClientRequestHandler.java:529] response from server: null
[2024-03-19 17:26:28.723] [INFO ] [ClientRequestHandler.java:373] request send: {"command":"getPlaylistName"}
[2024-03-19 17:26:28.723] [INFO ] [ClientRequestHandler.java:380] response from server: {"command":"getPlaylistName"}
[2024-03-19 17:26:46.162] [INFO ] [ClientRequestHandler.java:230] request send: {"message":"Heading_Home.wav","command":"audioFile"}
[2024-03-19 17:27:27.789] [INFO ] [ClientRequestHandler.java:522] request send: {"message":"test","command":"getPlaylist"}
[2024-03-19 17:27:27.790] [INFO ] [ClientRequestHandler.java:529] response from server: null
[2024-03-19 17:27:27.790] [INFO ] [ClientRequestHandler.java:522] request send: {"message":"test","command":"getPlaylist"}
[2024-03-19 17:27:27.790] [INFO ] [ClientRequestHandler.java:529] response from server: null
[2024-03-19 17:27:27.791] [INFO ] [ClientRequestHandler.java:373] request send: {"command":"getPlaylistName"}
[2024-03-19 17:27:27.792] [INFO ] [ClientRequestHandler.java:380] response from server: {"command":"getPlaylistName"}
[2024-03-19 17:27:59.658] [INFO ] [ClientRequestHandler.java:58] request send: {"command":"library"}
[2024-03-19 17:28:08.120] [INFO ] [ClientRequestHandler.java:230] request send: {"message":"Imagine.wav","command":"audioFile"}
[2024-03-19 17:29:18.876] [INFO ] [ClientRequestHandler.java:313] request send: {"message":"Imagine.wav","command":"downloadAudio"}
[2024-03-19 17:29:18.974] [INFO ] [ClientRequestHandler.java:320] Download successful: Imagine.wav
[2024-03-19 17:29:34.372] [INFO ] [ClientRequestHandler.java:313] request send: {"message":"Imagine.wav","command":"downloadAudio"}
[2024-03-19 17:29:34.469] [INFO ] [ClientRequestHandler.java:320] Download successful: Imagine.wav
[2024-03-19 17:29:58.185] [INFO ] [ClientRequestHandler.java:373] request send: {"command":"getPlaylistName"}
[2024-03-19 17:29:58.185] [INFO ] [ClientRequestHandler.java:380] response from server: {"command":"getPlaylistName"}
[2024-03-19 17:30:04.005] [INFO ] [ClientRequestHandler.java:373] request send: {"command":"getPlaylistName"}
[2024-03-19 17:30:04.005] [INFO ] [ClientRequestHandler.java:380] response from server: {"command":"getPlaylistName"}
[2024-03-19 17:30:34.608] [INFO ] [ClientRequestHandler.java:341] request send: {"message":"teset","command":"createPlaylist","username":"raj1234"}
[2024-03-19 17:30:34.611] [INFO ] [ClientRequestHandler.java:345] response from server: {"message":"teset","command":"createPlaylist","username":"raj1234"}
[2024-03-19 17:30:34.613] [INFO ] [ClientRequestHandler.java:373] request send: {"command":"getPlaylistName"}
[2024-03-19 17:30:34.614] [INFO ] [ClientRequestHandler.java:380] response from server: {"command":"getPlaylistName"}
[2024-03-19 17:30:39.080] [INFO ] [ClientRequestHandler.java:373] request send: {"command":"getPlaylistName"}
[2024-03-19 17:30:39.081] [INFO ] [ClientRequestHandler.java:380] response from server: {"command":"getPlaylistName"}
[2024-03-19 17:30:47.120] [INFO ] [ClientRequestHandler.java:373] request send: {"command":"getPlaylistName"}
[2024-03-19 17:30:47.120] [INFO ] [ClientRequestHandler.java:380] response from server: {"command":"getPlaylistName"}
[2024-03-19 17:30:57.449] [INFO ] [ClientRequestHandler.java:341] request send: {"message":"test","command":"createPlaylist","username":"raj1234"}
[2024-03-19 17:30:57.450] [INFO ] [ClientRequestHandler.java:345] response from server: {"message":"test","command":"createPlaylist","username":"raj1234"}
[2024-03-19 17:30:57.450] [INFO ] [ClientRequestHandler.java:373] request send: {"command":"getPlaylistName"}
[2024-03-19 17:30:57.451] [INFO ] [ClientRequestHandler.java:380] response from server: {"command":"getPlaylistName"}
[2024-03-19 17:31:05.191] [INFO ] [ClientRequestHandler.java:373] request send: {"command":"getPlaylistName"}
[2024-03-19 17:31:05.191] [INFO ] [ClientRequestHandler.java:380] response from server: {"command":"getPlaylistName"}
[2024-03-19 17:31:05.192] [INFO ] [ClientRequestHandler.java:428] request send: {"message":"test/Imagine.wav","command":"addToPlaylist","username":"raj1234"}
[2024-03-19 17:31:05.193] [INFO ] [ClientRequestHandler.java:434] response from server: {"message":"test/Imagine.wav","command":"addToPlaylist","username":"raj1234"}
[2024-03-19 17:31:15.958] [INFO ] [ClientRequestHandler.java:341] request send: {"message":"test","command":"createPlaylist","username":"deval123"}
[2024-03-19 17:31:15.960] [INFO ] [ClientRequestHandler.java:345] response from server: {"message":"test","command":"createPlaylist","username":"deval123"}
[2024-03-19 17:31:15.962] [INFO ] [ClientRequestHandler.java:373] request send: {"command":"getPlaylistName"}
[2024-03-19 17:31:15.964] [INFO ] [ClientRequestHandler.java:380] response from server: {"command":"getPlaylistName"}
[2024-03-19 17:31:22.518] [INFO ] [ClientRequestHandler.java:373] request send: {"command":"getPlaylistName"}
[2024-03-19 17:31:22.518] [INFO ] [ClientRequestHandler.java:380] response from server: {"command":"getPlaylistName"}
[2024-03-19 17:31:27.058] [INFO ] [ClientRequestHandler.java:373] request send: {"command":"getPlaylistName"}
[2024-03-19 17:31:27.059] [INFO ] [ClientRequestHandler.java:380] response from server: {"command":"getPlaylistName"}
[2024-03-19 17:31:33.795] [INFO ] [ClientRequestHandler.java:58] request send: {"command":"library"}
[2024-03-19 17:31:36.861] [INFO ] [ClientRequestHandler.java:373] request send: {"command":"getPlaylistName"}
[2024-03-19 17:31:36.863] [INFO ] [ClientRequestHandler.java:380] response from server: {"command":"getPlaylistName"}
[2024-03-19 17:31:38.537] [INFO ] [ClientRequestHandler.java:373] request send: {"command":"getPlaylistName"}
[2024-03-19 17:31:38.539] [INFO ] [ClientRequestHandler.java:380] response from server: {"command":"getPlaylistName"}
[2024-03-19 17:31:48.989] [INFO ] [ClientRequestHandler.java:373] request send: {"command":"getPlaylistName"}
[2024-03-19 17:31:48.990] [INFO ] [ClientRequestHandler.java:380] response from server: {"command":"getPlaylistName"}
[2024-03-19 17:31:54.699] [INFO ] [ClientSocket.java:37] read config file: {
    "IP": "127.0.0.1",
    "PORT": 6001,
    "CORE_POOL_SIZE": 8,
    "MAXIMUM_POOL_SIZE": 12,
    "KEEP_ALIVE_TIME": 60,
    "BLOCKING_QUEUE_CAPACITY": 100

}

[2024-03-19 17:31:54.702] [INFO ] [ClientRequestHandler.java:522] request send: {"message":"test","command":"getPlaylist"}
[2024-03-19 17:31:54.703] [INFO ] [ClientRequestHandler.java:529] response from server: {"getPlaylist":["Imagine.wav"]}
[2024-03-19 17:32:01.860] [INFO ] [ClientSocket.java:37] read config file: {
    "IP": "127.0.0.1",
    "PORT": 6001,
    "CORE_POOL_SIZE": 8,
    "MAXIMUM_POOL_SIZE": 12,
    "KEEP_ALIVE_TIME": 60,
    "BLOCKING_QUEUE_CAPACITY": 100

}

[2024-03-19 17:32:01.862] [INFO ] [ClientRequestHandler.java:522] request send: {"message":"test","command":"getPlaylist"}
[2024-03-19 17:32:01.867] [INFO ] [ClientRequestHandler.java:529] response from server: {"getPlaylist":["Imagine.wav"]}
[2024-03-19 17:34:40.440] [INFO ] [ClientRequestHandler.java:373] request send: {"command":"getPlaylistName"}
[2024-03-19 17:34:40.442] [INFO ] [ClientRequestHandler.java:380] response from server: {"command":"getPlaylistName"}
[2024-03-19 17:34:53.068] [INFO ] [ClientRequestHandler.java:428] request send: {"message":"test/Imagine.wav","command":"removeFromPlaylist","username":"deval123"}
[2024-03-19 17:34:53.070] [INFO ] [ClientRequestHandler.java:434] response from server: {"message":"test/Imagine.wav","command":"removeFromPlaylist","username":"deval123"}
[2024-03-19 17:34:53.073] [INFO ] [ClientRequestHandler.java:522] request send: {"message":"test","command":"getPlaylist"}
[2024-03-19 17:34:53.074] [INFO ] [ClientRequestHandler.java:529] response from server: {"getPlaylist":["Imagine.wav"]}
[2024-03-19 17:35:47.282] [INFO ] [ClientRequestHandler.java:373] request send: {"command":"getPlaylistName"}
[2024-03-19 17:35:47.283] [INFO ] [ClientRequestHandler.java:380] response from server: {"command":"getPlaylistName"}
[2024-03-19 17:35:51.600] [INFO ] [ClientSocket.java:37] read config file: {
    "IP": "127.0.0.1",
    "PORT": 6001,
    "CORE_POOL_SIZE": 8,
    "MAXIMUM_POOL_SIZE": 12,
    "KEEP_ALIVE_TIME": 60,
    "BLOCKING_QUEUE_CAPACITY": 100

}

[2024-03-19 17:35:51.602] [INFO ] [ClientRequestHandler.java:522] request send: {"message":"test","command":"getPlaylist"}
[2024-03-19 17:35:51.604] [INFO ] [ClientRequestHandler.java:529] response from server: {"getPlaylist":["Imagine.wav"]}
[2024-03-19 17:37:13.537] [INFO ] [ClientRequestHandler.java:373] request send: {"command":"getPlaylistName"}
[2024-03-19 17:37:13.539] [INFO ] [ClientRequestHandler.java:380] response from server: {"command":"getPlaylistName"}
[2024-03-19 17:37:30.836] [INFO ] [ClientRequestHandler.java:230] request send: {"message":"Imagine.wav","command":"audioFile"}
[2024-03-19 17:37:35.174] [INFO ] [ClientRequestHandler.java:522] request send: {"message":"test","command":"getPlaylist"}
[2024-03-19 17:37:35.174] [INFO ] [ClientRequestHandler.java:529] response from server: {"getPlaylist":["Imagine.wav"]}
[2024-03-19 17:37:38.815] [INFO ] [ClientRequestHandler.java:428] request send: {"message":"test/Imagine.wav","command":"removeFromPlaylist","username":"raj1234"}
[2024-03-19 17:37:38.817] [INFO ] [ClientRequestHandler.java:434] response from server: {"message":"test/Imagine.wav","command":"removeFromPlaylist","username":"raj1234"}
[2024-03-19 17:37:38.819] [INFO ] [ClientRequestHandler.java:522] request send: {"message":"test","command":"getPlaylist"}
[2024-03-19 17:37:38.821] [INFO ] [ClientRequestHandler.java:529] response from server: {"getPlaylist":[]}
[2024-03-19 17:37:38.823] [INFO ] [ClientRequestHandler.java:373] request send: {"command":"getPlaylistName"}
[2024-03-19 17:37:38.824] [INFO ] [ClientRequestHandler.java:380] response from server: {"command":"getPlaylistName"}
[2024-03-19 17:37:42.311] [INFO ] [ClientRequestHandler.java:373] request send: {"command":"getPlaylistName"}
[2024-03-19 17:37:42.313] [INFO ] [ClientRequestHandler.java:380] response from server: {"command":"getPlaylistName"}
[2024-03-19 17:37:44.054] [INFO ] [ClientRequestHandler.java:373] request send: {"command":"getPlaylistName"}
[2024-03-19 17:37:44.056] [INFO ] [ClientRequestHandler.java:380] response from server: {"command":"getPlaylistName"}
[2024-03-19 17:37:48.718] [INFO ] [ClientSocket.java:37] read config file: {
    "IP": "127.0.0.1",
    "PORT": 6001,
    "CORE_POOL_SIZE": 8,
    "MAXIMUM_POOL_SIZE": 12,
    "KEEP_ALIVE_TIME": 60,
    "BLOCKING_QUEUE_CAPACITY": 100

}

[2024-03-19 17:37:48.720] [INFO ] [ClientRequestHandler.java:522] request send: {"message":"test","command":"getPlaylist"}
[2024-03-19 17:37:48.722] [INFO ] [ClientRequestHandler.java:529] response from server: {"getPlaylist":[]}
[2024-03-19 17:37:48.724] [INFO ] [ClientRequestHandler.java:373] request send: {"command":"getPlaylistName"}
[2024-03-19 17:37:48.724] [INFO ] [ClientRequestHandler.java:380] response from server: {"command":"getPlaylistName"}
[2024-03-19 17:37:52.736] [INFO ] [ClientSocket.java:37] read config file: {
    "IP": "127.0.0.1",
    "PORT": 6001,
    "CORE_POOL_SIZE": 8,
    "MAXIMUM_POOL_SIZE": 12,
    "KEEP_ALIVE_TIME": 60,
    "BLOCKING_QUEUE_CAPACITY": 100

}

[2024-03-19 17:37:52.738] [INFO ] [ClientRequestHandler.java:522] request send: {"message":"test","command":"getPlaylist"}
[2024-03-19 17:37:52.738] [INFO ] [ClientRequestHandler.java:529] response from server: {"getPlaylist":[]}
[2024-03-19 17:37:52.739] [INFO ] [ClientRequestHandler.java:373] request send: {"command":"getPlaylistName"}
[2024-03-19 17:37:52.740] [INFO ] [ClientRequestHandler.java:380] response from server: {"command":"getPlaylistName"}
[2024-03-19 17:37:58.051] [INFO ] [ClientRequestHandler.java:58] request send: {"command":"library"}
[2024-03-19 17:38:06.149] [INFO ] [ClientRequestHandler.java:230] request send: {"message":"Yodha.wav","command":"audioFile"}
[2024-03-19 17:38:10.882] [INFO ] [ClientRequestHandler.java:373] request send: {"command":"getPlaylistName"}
[2024-03-19 17:38:10.884] [INFO ] [ClientRequestHandler.java:380] response from server: {"command":"getPlaylistName"}
[2024-03-19 17:38:10.886] [INFO ] [ClientRequestHandler.java:428] request send: {"message":"test/Yodha.wav","command":"addToPlaylist","username":"raj1234"}
[2024-03-19 17:38:10.888] [INFO ] [ClientRequestHandler.java:434] response from server: {"message":"test/Yodha.wav","command":"addToPlaylist","username":"raj1234"}
[2024-03-19 17:38:12.283] [INFO ] [ClientRequestHandler.java:58] request send: {"command":"library"}
[2024-03-19 17:38:18.941] [INFO ] [ClientSocket.java:37] read config file: {
    "IP": "127.0.0.1",
    "PORT": 6001,
    "CORE_POOL_SIZE": 8,
    "MAXIMUM_POOL_SIZE": 12,
    "KEEP_ALIVE_TIME": 60,
    "BLOCKING_QUEUE_CAPACITY": 100

}

[2024-03-19 17:38:18.944] [INFO ] [ClientRequestHandler.java:522] request send: {"message":"test","command":"getPlaylist"}
[2024-03-19 17:38:18.945] [INFO ] [ClientRequestHandler.java:529] response from server: {"getPlaylist":["Yodha.wav"]}
[2024-03-19 17:38:20.905] [INFO ] [ClientRequestHandler.java:373] request send: {"command":"getPlaylistName"}
[2024-03-19 17:38:20.907] [INFO ] [ClientRequestHandler.java:380] response from server: {"command":"getPlaylistName"}
[2024-03-19 17:38:30.988] [INFO ] [ClientRequestHandler.java:58] request send: {"command":"library"}
[2024-03-19 17:40:07.119] [INFO ] [ClientRequestHandler.java:58] request send: {"command":"library"}
[2024-03-19 17:40:18.552] [INFO ] [ClientRequestHandler.java:58] request send: {"command":"library"}
[2024-03-19 17:40:26.050] [INFO ] [ClientRequestHandler.java:58] request send: {"command":"library"}
[2024-03-19 17:40:37.773] [INFO ] [ClientRequestHandler.java:58] request send: {"command":"library"}
[2024-03-19 17:40:49.359] [INFO ] [ClientRequestHandler.java:58] request send: {"command":"library"}
[2024-03-19 17:44:03.293] [INFO ] [ServerSockets.java:37] read config file: {
    "IP": "127.0.0.1",
    "PORT": 6001,
    "CORE_POOL_SIZE": 8,
    "MAXIMUM_POOL_SIZE": 12,
    "KEEP_ALIVE_TIME": 60,
    "BLOCKING_QUEUE_CAPACITY": 100

}

[2024-03-19 17:44:07.167] [INFO ] [ClientSocket.java:37] read config file: {
    "IP": "127.0.0.1",
    "PORT": 6001,
    "CORE_POOL_SIZE": 8,
    "MAXIMUM_POOL_SIZE": 12,
    "KEEP_ALIVE_TIME": 60,
    "BLOCKING_QUEUE_CAPACITY": 100

}

[2024-03-19 17:44:07.174] [INFO ] [ClientSocket.java:37] read config file: {
    "IP": "127.0.0.1",
    "PORT": 6001,
    "CORE_POOL_SIZE": 8,
    "MAXIMUM_POOL_SIZE": 12,
    "KEEP_ALIVE_TIME": 60,
    "BLOCKING_QUEUE_CAPACITY": 100

}

[2024-03-19 17:44:07.175] [INFO ] [ClientSocket.java:37] read config file: {
    "IP": "127.0.0.1",
    "PORT": 6001,
    "CORE_POOL_SIZE": 8,
    "MAXIMUM_POOL_SIZE": 12,
    "KEEP_ALIVE_TIME": 60,
    "BLOCKING_QUEUE_CAPACITY": 100

}

[2024-03-19 17:44:12.213] [INFO ] [ClientRequestHandler.java:151] request send: {"password":"raj123","command":"login","username":"raj123"}
[2024-03-19 17:44:12.219] [INFO ] [ClientRequestHandler.java:155] response from server: {"password":"raj123","command":"login","username":"raj123"}
[2024-03-19 17:44:19.291] [INFO ] [ClientRequestHandler.java:151] request send: {"password":"raj1234","command":"login","username":"raj1234"}
[2024-03-19 17:44:19.294] [INFO ] [ClientRequestHandler.java:155] response from server: {"password":"raj1234","command":"login","username":"raj1234"}
[2024-03-19 17:44:49.072] [INFO ] [TerminalUI.java:123] null username length less than 6
[2024-03-19 17:44:55.376] [INFO ] [ClientRequestHandler.java:186] request send: {"password":"deval123","command":"register","username":"deval123"}
[2024-03-19 17:44:55.379] [INFO ] [ClientRequestHandler.java:190] response from server: {"password":"deval123","command":"register","username":"deval123"}
[2024-03-19 17:45:04.380] [INFO ] [ClientRequestHandler.java:151] request send: {"password":"deval123","command":"login","username":"deval123"}
[2024-03-19 17:45:04.384] [INFO ] [ClientRequestHandler.java:155] response from server: {"password":"deval123","command":"login","username":"deval123"}
[2024-03-19 17:45:04.385] [INFO ] [TerminalUI.java:88] deval123 logged in
[2024-03-19 17:45:11.170] [INFO ] [ClientRequestHandler.java:58] request send: {"command":"library"}
[2024-03-19 17:45:32.346] [INFO ] [ClientSocket.java:37] read config file: {
    "IP": "127.0.0.1",
    "PORT": 6001,
    "CORE_POOL_SIZE": 8,
    "MAXIMUM_POOL_SIZE": 12,
    "KEEP_ALIVE_TIME": 60,
    "BLOCKING_QUEUE_CAPACITY": 100

}

[2024-03-19 17:45:32.355] [INFO ] [ClientSocket.java:37] read config file: {
    "IP": "127.0.0.1",
    "PORT": 6001,
    "CORE_POOL_SIZE": 8,
    "MAXIMUM_POOL_SIZE": 12,
    "KEEP_ALIVE_TIME": 60,
    "BLOCKING_QUEUE_CAPACITY": 100

}

[2024-03-19 17:45:32.356] [INFO ] [ClientSocket.java:37] read config file: {
    "IP": "127.0.0.1",
    "PORT": 6001,
    "CORE_POOL_SIZE": 8,
    "MAXIMUM_POOL_SIZE": 12,
    "KEEP_ALIVE_TIME": 60,
    "BLOCKING_QUEUE_CAPACITY": 100

}

[2024-03-19 17:45:39.058] [INFO ] [ClientRequestHandler.java:151] request send: {"password":"raj123","command":"login","username":"raj123"}
[2024-03-19 17:45:39.058] [INFO ] [ClientRequestHandler.java:155] response from server: {"password":"raj123","command":"login","username":"raj123"}
[2024-03-19 17:45:51.769] [INFO ] [ClientRequestHandler.java:151] request send: {"password":"deval123","command":"login","username":"deval123"}
[2024-03-19 17:45:51.774] [INFO ] [ClientRequestHandler.java:155] response from server: {"password":"deval123","command":"login","username":"deval123"}
[2024-03-19 17:45:51.777] [INFO ] [TerminalUI.java:88] deval123 logged in
[2024-03-19 17:45:53.560] [INFO ] [ClientRequestHandler.java:58] request send: {"command":"library"}
[2024-03-19 17:55:30.337] [INFO ] [ServerSockets.java:37] read config file: {
    "IP": "127.0.0.1",
    "PORT": 6001,
    "CORE_POOL_SIZE": 8,
    "MAXIMUM_POOL_SIZE": 12,
    "KEEP_ALIVE_TIME": 60,
    "BLOCKING_QUEUE_CAPACITY": 100

}

[2024-03-19 17:55:36.364] [INFO ] [ClientSocket.java:37] read config file: {
    "IP": "127.0.0.1",
    "PORT": 6001,
    "CORE_POOL_SIZE": 8,
    "MAXIMUM_POOL_SIZE": 12,
    "KEEP_ALIVE_TIME": 60,
    "BLOCKING_QUEUE_CAPACITY": 100

}

[2024-03-19 17:55:36.374] [INFO ] [ClientSocket.java:37] read config file: {
    "IP": "127.0.0.1",
    "PORT": 6001,
    "CORE_POOL_SIZE": 8,
    "MAXIMUM_POOL_SIZE": 12,
    "KEEP_ALIVE_TIME": 60,
    "BLOCKING_QUEUE_CAPACITY": 100

}

[2024-03-19 17:55:36.375] [INFO ] [ClientSocket.java:37] read config file: {
    "IP": "127.0.0.1",
    "PORT": 6001,
    "CORE_POOL_SIZE": 8,
    "MAXIMUM_POOL_SIZE": 12,
    "KEEP_ALIVE_TIME": 60,
    "BLOCKING_QUEUE_CAPACITY": 100

}

[2024-03-19 17:55:40.594] [INFO ] [ClientRequestHandler.java:151] request send: {"password":"d","command":"login","username":"s"}
[2024-03-19 17:55:40.611] [INFO ] [ClientRequestHandler.java:155] response from server: {"password":"d","command":"login","username":"s"}
[2024-03-19 18:04:38.329] [INFO ] [ServerSockets.java:37] read config file: {
    "IP": "127.0.0.1",
    "PORT": 6001,
    "CORE_POOL_SIZE": 8,
    "MAXIMUM_POOL_SIZE": 12,
    "KEEP_ALIVE_TIME": 60,
    "BLOCKING_QUEUE_CAPACITY": 100

}

[2024-03-19 18:05:29.031] [INFO ] [ClientSocket.java:37] read config file: {
    "IP": "127.0.0.1",
    "PORT": 6001,
    "CORE_POOL_SIZE": 8,
    "MAXIMUM_POOL_SIZE": 12,
    "KEEP_ALIVE_TIME": 60,
    "BLOCKING_QUEUE_CAPACITY": 100

}

[2024-03-19 18:05:29.039] [INFO ] [ClientSocket.java:37] read config file: {
    "IP": "127.0.0.1",
    "PORT": 6001,
    "CORE_POOL_SIZE": 8,
    "MAXIMUM_POOL_SIZE": 12,
    "KEEP_ALIVE_TIME": 60,
    "BLOCKING_QUEUE_CAPACITY": 100

}

[2024-03-19 18:05:29.039] [INFO ] [ClientSocket.java:37] read config file: {
    "IP": "127.0.0.1",
    "PORT": 6001,
    "CORE_POOL_SIZE": 8,
    "MAXIMUM_POOL_SIZE": 12,
    "KEEP_ALIVE_TIME": 60,
    "BLOCKING_QUEUE_CAPACITY": 100

}

[2024-03-19 18:05:34.764] [INFO ] [ClientRequestHandler.java:186] request send: {"password":"shivam","command":"register","username":"shivam"}
[2024-03-19 18:05:34.772] [INFO ] [ClientRequestHandler.java:190] response from server: {"password":"shivam","command":"register","username":"shivam"}
[2024-03-19 18:05:39.991] [INFO ] [ClientRequestHandler.java:151] request send: {"password":"shivam","command":"login","username":"shivam"}
[2024-03-19 18:05:39.996] [INFO ] [ClientRequestHandler.java:155] response from server: {"password":"shivam","command":"login","username":"shivam"}
[2024-03-19 18:05:39.999] [INFO ] [TerminalUI.java:88] shivam logged in
[2024-03-19 18:05:42.347] [INFO ] [ClientRequestHandler.java:373] request send: {"command":"getPlaylistName"}
[2024-03-19 18:05:42.355] [INFO ] [ClientRequestHandler.java:380] response from server: {"command":"getPlaylistName"}
[2024-03-19 18:05:43.362] [INFO ] [ClientRequestHandler.java:373] request send: {"command":"getPlaylistName"}
[2024-03-19 18:05:43.365] [INFO ] [ClientRequestHandler.java:380] response from server: {"command":"getPlaylistName"}
[2024-03-19 18:05:49.858] [INFO ] [ClientRequestHandler.java:341] request send: {"message":"test","command":"createPlaylist","username":"shivam"}
[2024-03-19 18:05:49.863] [INFO ] [ClientRequestHandler.java:345] response from server: {"message":"test","command":"createPlaylist","username":"shivam"}
[2024-03-19 18:05:49.866] [INFO ] [ClientRequestHandler.java:373] request send: {"command":"getPlaylistName"}
[2024-03-19 18:05:49.869] [INFO ] [ClientRequestHandler.java:380] response from server: {"command":"getPlaylistName"}
[2024-03-19 18:05:56.334] [INFO ] [ClientSocket.java:37] read config file: {
    "IP": "127.0.0.1",
    "PORT": 6001,
    "CORE_POOL_SIZE": 8,
    "MAXIMUM_POOL_SIZE": 12,
    "KEEP_ALIVE_TIME": 60,
    "BLOCKING_QUEUE_CAPACITY": 100

}

[2024-03-19 18:05:56.344] [INFO ] [ClientSocket.java:37] read config file: {
    "IP": "127.0.0.1",
    "PORT": 6001,
    "CORE_POOL_SIZE": 8,
    "MAXIMUM_POOL_SIZE": 12,
    "KEEP_ALIVE_TIME": 60,
    "BLOCKING_QUEUE_CAPACITY": 100

}

[2024-03-19 18:05:56.345] [INFO ] [ClientSocket.java:37] read config file: {
    "IP": "127.0.0.1",
    "PORT": 6001,
    "CORE_POOL_SIZE": 8,
    "MAXIMUM_POOL_SIZE": 12,
    "KEEP_ALIVE_TIME": 60,
    "BLOCKING_QUEUE_CAPACITY": 100

}

[2024-03-19 18:06:06.394] [INFO ] [ClientRequestHandler.java:186] request send: {"password":"shivam1","command":"register","username":"shivam"}
[2024-03-19 18:06:06.395] [INFO ] [ClientRequestHandler.java:190] response from server: {"password":"shivam1","command":"register","username":"shivam"}
[2024-03-19 18:06:14.458] [INFO ] [ClientRequestHandler.java:186] request send: {"password":"shivam1","command":"register","username":"shivam1"}
[2024-03-19 18:06:14.462] [INFO ] [ClientRequestHandler.java:190] response from server: {"password":"shivam1","command":"register","username":"shivam1"}
[2024-03-19 18:06:21.039] [INFO ] [ClientRequestHandler.java:151] request send: {"password":"shivam1","command":"login","username":"shivam1"}
[2024-03-19 18:06:21.043] [INFO ] [ClientRequestHandler.java:155] response from server: {"password":"shivam1","command":"login","username":"shivam1"}
[2024-03-19 18:06:21.046] [INFO ] [TerminalUI.java:88] shivam1 logged in
[2024-03-19 18:06:25.494] [INFO ] [ClientRequestHandler.java:373] request send: {"command":"getPlaylistName"}
[2024-03-19 18:06:25.496] [INFO ] [ClientRequestHandler.java:380] response from server: {"command":"getPlaylistName"}
[2024-03-19 18:06:29.243] [INFO ] [ClientRequestHandler.java:341] request send: {"message":"test","command":"createPlaylist","username":"shivam1"}
[2024-03-19 18:06:29.245] [INFO ] [ClientRequestHandler.java:345] response from server: {"message":"test","command":"createPlaylist","username":"shivam1"}
[2024-03-19 18:06:29.248] [INFO ] [ClientRequestHandler.java:373] request send: {"command":"getPlaylistName"}
[2024-03-19 18:06:29.250] [INFO ] [ClientRequestHandler.java:380] response from server: {"command":"getPlaylistName"}
[2024-03-19 18:06:30.826] [INFO ] [ClientRequestHandler.java:373] request send: {"command":"getPlaylistName"}
[2024-03-19 18:06:30.828] [INFO ] [ClientRequestHandler.java:380] response from server: {"command":"getPlaylistName"}
[2024-03-19 18:06:42.386] [INFO ] [ClientRequestHandler.java:58] request send: {"command":"library"}
[2024-03-19 18:06:44.902] [INFO ] [ClientRequestHandler.java:230] request send: {"message":"music.wav","command":"audioFile"}
[2024-03-19 18:06:49.922] [INFO ] [ClientRequestHandler.java:373] request send: {"command":"getPlaylistName"}
[2024-03-19 18:06:49.924] [INFO ] [ClientRequestHandler.java:380] response from server: {"command":"getPlaylistName"}
[2024-03-19 18:07:02.034] [INFO ] [ClientRequestHandler.java:373] request send: {"command":"getPlaylistName"}
[2024-03-19 18:07:02.036] [INFO ] [ClientRequestHandler.java:380] response from server: {"command":"getPlaylistName"}
[2024-03-19 18:10:02.053] [INFO ] [ClientRequestHandler.java:58] request send: {"command":"library"}
[2024-03-19 18:10:07.462] [INFO ] [ServerSockets.java:37] read config file: {
    "IP": "127.0.0.1",
    "PORT": 6001,
    "CORE_POOL_SIZE": 8,
    "MAXIMUM_POOL_SIZE": 12,
    "KEEP_ALIVE_TIME": 60,
    "BLOCKING_QUEUE_CAPACITY": 100

}

[2024-03-19 18:10:10.745] [INFO ] [ClientSocket.java:37] read config file: {
    "IP": "127.0.0.1",
    "PORT": 6001,
    "CORE_POOL_SIZE": 8,
    "MAXIMUM_POOL_SIZE": 12,
    "KEEP_ALIVE_TIME": 60,
    "BLOCKING_QUEUE_CAPACITY": 100

}

[2024-03-19 18:10:10.769] [INFO ] [ClientSocket.java:37] read config file: {
    "IP": "127.0.0.1",
    "PORT": 6001,
    "CORE_POOL_SIZE": 8,
    "MAXIMUM_POOL_SIZE": 12,
    "KEEP_ALIVE_TIME": 60,
    "BLOCKING_QUEUE_CAPACITY": 100

}

[2024-03-19 18:10:10.771] [INFO ] [ClientSocket.java:37] read config file: {
    "IP": "127.0.0.1",
    "PORT": 6001,
    "CORE_POOL_SIZE": 8,
    "MAXIMUM_POOL_SIZE": 12,
    "KEEP_ALIVE_TIME": 60,
    "BLOCKING_QUEUE_CAPACITY": 100

}

[2024-03-19 18:10:13.528] [INFO ] [ClientSocket.java:37] read config file: {
    "IP": "127.0.0.1",
    "PORT": 6001,
    "CORE_POOL_SIZE": 8,
    "MAXIMUM_POOL_SIZE": 12,
    "KEEP_ALIVE_TIME": 60,
    "BLOCKING_QUEUE_CAPACITY": 100

}

[2024-03-19 18:10:13.540] [INFO ] [ClientSocket.java:37] read config file: {
    "IP": "127.0.0.1",
    "PORT": 6001,
    "CORE_POOL_SIZE": 8,
    "MAXIMUM_POOL_SIZE": 12,
    "KEEP_ALIVE_TIME": 60,
    "BLOCKING_QUEUE_CAPACITY": 100

}

[2024-03-19 18:10:13.541] [INFO ] [ClientSocket.java:37] read config file: {
    "IP": "127.0.0.1",
    "PORT": 6001,
    "CORE_POOL_SIZE": 8,
    "MAXIMUM_POOL_SIZE": 12,
    "KEEP_ALIVE_TIME": 60,
    "BLOCKING_QUEUE_CAPACITY": 100

}

[2024-03-19 18:10:20.857] [INFO ] [ClientRequestHandler.java:186] request send: {"password":"shivam","command":"register","username":"shivam"}
[2024-03-19 18:10:20.877] [INFO ] [ClientRequestHandler.java:190] response from server: {"password":"shivam","command":"register","username":"shivam"}
[2024-03-19 18:10:25.040] [INFO ] [ClientRequestHandler.java:151] request send: {"password":"shivam","command":"login","username":"shivam"}
[2024-03-19 18:10:25.044] [INFO ] [ClientRequestHandler.java:155] response from server: {"password":"shivam","command":"login","username":"shivam"}
[2024-03-19 18:10:25.046] [INFO ] [TerminalUI.java:89] shivam logged in
[2024-03-19 18:10:33.176] [INFO ] [ClientRequestHandler.java:186] request send: {"password":"shivam1","command":"register","username":"shivam1"}
[2024-03-19 18:10:33.179] [INFO ] [ClientRequestHandler.java:190] response from server: {"password":"shivam1","command":"register","username":"shivam1"}
[2024-03-19 18:10:40.062] [INFO ] [ClientRequestHandler.java:151] request send: {"password":"shivam1","command":"login","username":"shivam1"}
[2024-03-19 18:10:40.063] [INFO ] [ClientRequestHandler.java:155] response from server: {"password":"shivam1","command":"login","username":"shivam1"}
[2024-03-19 18:10:40.068] [INFO ] [TerminalUI.java:89] shivam1 logged in
[2024-03-19 18:10:43.360] [INFO ] [ClientRequestHandler.java:373] request send: {"command":"getPlaylistName"}
[2024-03-19 18:10:43.367] [INFO ] [ClientRequestHandler.java:380] response from server: {"command":"getPlaylistName"}
[2024-03-19 18:10:46.843] [INFO ] [ClientRequestHandler.java:341] request send: {"message":"tets","command":"createPlaylist","username":"shivam"}
[2024-03-19 18:10:46.847] [INFO ] [ClientRequestHandler.java:345] response from server: {"message":"tets","command":"createPlaylist","username":"shivam"}
[2024-03-19 18:10:46.850] [INFO ] [ClientRequestHandler.java:373] request send: {"command":"getPlaylistName"}
[2024-03-19 18:10:46.853] [INFO ] [ClientRequestHandler.java:380] response from server: {"command":"getPlaylistName"}
[2024-03-19 18:10:51.079] [INFO ] [ClientRequestHandler.java:58] request send: {"command":"library"}
[2024-03-19 18:10:53.706] [INFO ] [ClientRequestHandler.java:230] request send: {"message":"music.wav","command":"audioFile"}
[2024-03-19 18:10:56.914] [INFO ] [ClientRequestHandler.java:373] request send: {"command":"getPlaylistName"}
[2024-03-19 18:10:56.917] [INFO ] [ClientRequestHandler.java:380] response from server: {"command":"getPlaylistName"}
[2024-03-19 18:11:13.758] [INFO ] [ClientRequestHandler.java:58] request send: {"command":"library"}
[2024-03-19 18:11:16.706] [INFO ] [ClientRequestHandler.java:373] request send: {"command":"getPlaylistName"}
[2024-03-19 18:11:16.708] [INFO ] [ClientRequestHandler.java:380] response from server: {"command":"getPlaylistName"}
[2024-03-19 18:11:17.912] [INFO ] [ClientRequestHandler.java:373] request send: {"command":"getPlaylistName"}
[2024-03-19 18:11:17.914] [INFO ] [ClientRequestHandler.java:380] response from server: {"command":"getPlaylistName"}
[2024-03-19 18:11:22.521] [INFO ] [ClientRequestHandler.java:58] request send: {"command":"library"}
[2024-03-19 18:11:24.639] [INFO ] [ClientRequestHandler.java:230] request send: {"message":"music.wav","command":"audioFile"}
[2024-03-19 18:11:30.875] [INFO ] [ClientRequestHandler.java:373] request send: {"command":"getPlaylistName"}
[2024-03-19 18:11:30.877] [INFO ] [ClientRequestHandler.java:380] response from server: {"command":"getPlaylistName"}
[2024-03-19 18:11:30.880] [INFO ] [ClientRequestHandler.java:428] request send: {"message":"tets/music.wav","command":"addToPlaylist","username":"shivam"}
[2024-03-19 18:11:30.884] [INFO ] [ClientRequestHandler.java:434] response from server: {"message":"tets/music.wav","command":"addToPlaylist","username":"shivam"}
[2024-03-19 18:11:34.603] [INFO ] [ClientRequestHandler.java:58] request send: {"command":"library"}
[2024-03-19 18:11:38.592] [INFO ] [ClientRequestHandler.java:373] request send: {"command":"getPlaylistName"}
[2024-03-19 18:11:38.594] [INFO ] [ClientRequestHandler.java:380] response from server: {"command":"getPlaylistName"}
[2024-03-19 18:11:42.016] [INFO ] [ClientRequestHandler.java:373] request send: {"command":"getPlaylistName"}
[2024-03-19 18:11:42.018] [INFO ] [ClientRequestHandler.java:380] response from server: {"command":"getPlaylistName"}
[2024-03-19 18:11:47.489] [INFO ] [ClientRequestHandler.java:341] request send: {"message":"tets","command":"createPlaylist","username":"shivam1"}
[2024-03-19 18:11:47.492] [INFO ] [ClientRequestHandler.java:345] response from server: {"message":"tets","command":"createPlaylist","username":"shivam1"}
[2024-03-19 18:11:47.495] [INFO ] [ClientRequestHandler.java:373] request send: {"command":"getPlaylistName"}
[2024-03-19 18:11:47.496] [INFO ] [ClientRequestHandler.java:380] response from server: {"command":"getPlaylistName"}
[2024-03-19 18:11:49.271] [INFO ] [ClientRequestHandler.java:373] request send: {"command":"getPlaylistName"}
[2024-03-19 18:11:49.272] [INFO ] [ClientRequestHandler.java:380] response from server: {"command":"getPlaylistName"}
[2024-03-19 18:12:02.059] [INFO ] [ClientSocket.java:37] read config file: {
    "IP": "127.0.0.1",
    "PORT": 6001,
    "CORE_POOL_SIZE": 8,
    "MAXIMUM_POOL_SIZE": 12,
    "KEEP_ALIVE_TIME": 60,
    "BLOCKING_QUEUE_CAPACITY": 100

}

[2024-03-19 18:12:02.063] [INFO ] [ClientRequestHandler.java:522] request send: {"message":"tets:shivam1","command":"getPlaylist"}
[2024-03-19 18:12:02.065] [INFO ] [ClientRequestHandler.java:529] response from server: {"getPlaylist":[]}
[2024-03-19 18:12:02.069] [INFO ] [ClientRequestHandler.java:373] request send: {"command":"getPlaylistName"}
[2024-03-19 18:12:02.071] [INFO ] [ClientRequestHandler.java:380] response from server: {"command":"getPlaylistName"}
[2024-03-19 18:12:20.886] [INFO ] [ClientSocket.java:37] read config file: {
    "IP": "127.0.0.1",
    "PORT": 6001,
    "CORE_POOL_SIZE": 8,
    "MAXIMUM_POOL_SIZE": 12,
    "KEEP_ALIVE_TIME": 60,
    "BLOCKING_QUEUE_CAPACITY": 100

}

[2024-03-19 18:12:20.889] [INFO ] [ClientRequestHandler.java:522] request send: {"message":"tets:shivam","command":"getPlaylist"}
[2024-03-19 18:12:20.891] [INFO ] [ClientRequestHandler.java:529] response from server: null
[2024-03-19 18:12:20.892] [INFO ] [ClientRequestHandler.java:373] request send: {"command":"getPlaylistName"}
[2024-03-19 18:12:20.893] [INFO ] [ClientRequestHandler.java:380] response from server: {"command":"getPlaylistName"}
[2024-03-19 18:12:33.050] [INFO ] [ClientRequestHandler.java:373] request send: {"command":"getPlaylistName"}
[2024-03-19 18:12:33.052] [INFO ] [ClientRequestHandler.java:380] response from server: {"command":"getPlaylistName"}
[2024-03-19 18:12:42.309] [INFO ] [ClientRequestHandler.java:341] request send: {"message":"tets","command":"createPlaylist","username":"shivam1"}
[2024-03-19 18:12:42.312] [INFO ] [ClientRequestHandler.java:345] response from server: {"message":"tets","command":"createPlaylist","username":"shivam1"}
[2024-03-19 18:12:42.315] [INFO ] [ClientRequestHandler.java:373] request send: {"command":"getPlaylistName"}
[2024-03-19 18:12:42.316] [INFO ] [ClientRequestHandler.java:380] response from server: {"command":"getPlaylistName"}
[2024-03-19 18:12:49.152] [INFO ] [ClientSocket.java:37] read config file: {
    "IP": "127.0.0.1",
    "PORT": 6001,
    "CORE_POOL_SIZE": 8,
    "MAXIMUM_POOL_SIZE": 12,
    "KEEP_ALIVE_TIME": 60,
    "BLOCKING_QUEUE_CAPACITY": 100

}

[2024-03-19 18:12:49.155] [INFO ] [ClientRequestHandler.java:522] request send: {"message":"tets:shivam","command":"getPlaylist"}
[2024-03-19 18:12:49.157] [INFO ] [ClientRequestHandler.java:529] response from server: null
[2024-03-19 18:12:49.160] [INFO ] [ClientRequestHandler.java:373] request send: {"command":"getPlaylistName"}
[2024-03-19 18:12:49.162] [INFO ] [ClientRequestHandler.java:380] response from server: {"command":"getPlaylistName"}
[2024-03-19 18:13:28.825] [INFO ] [ClientRequestHandler.java:373] request send: {"command":"getPlaylistName"}
[2024-03-19 18:13:28.827] [INFO ] [ClientRequestHandler.java:380] response from server: {"command":"getPlaylistName"}
[2024-03-19 18:13:31.033] [INFO ] [ClientRequestHandler.java:373] request send: {"command":"getPlaylistName"}
[2024-03-19 18:13:31.035] [INFO ] [ClientRequestHandler.java:380] response from server: {"command":"getPlaylistName"}
[2024-03-19 18:13:33.626] [INFO ] [ClientRequestHandler.java:373] request send: {"command":"getPlaylistName"}
[2024-03-19 18:13:33.627] [INFO ] [ClientRequestHandler.java:380] response from server: {"command":"getPlaylistName"}
[2024-03-19 18:13:35.222] [INFO ] [ClientRequestHandler.java:373] request send: {"command":"getPlaylistName"}
[2024-03-19 18:13:35.224] [INFO ] [ClientRequestHandler.java:380] response from server: {"command":"getPlaylistName"}
[2024-03-19 18:13:42.683] [INFO ] [ClientSocket.java:37] read config file: {
    "IP": "127.0.0.1",
    "PORT": 6001,
    "CORE_POOL_SIZE": 8,
    "MAXIMUM_POOL_SIZE": 12,
    "KEEP_ALIVE_TIME": 60,
    "BLOCKING_QUEUE_CAPACITY": 100

}

[2024-03-19 18:13:42.685] [INFO ] [ClientRequestHandler.java:522] request send: {"message":"tets:shivam","command":"getPlaylist"}
[2024-03-19 18:13:42.685] [INFO ] [ClientRequestHandler.java:529] response from server: null
[2024-03-19 18:13:42.687] [INFO ] [ClientRequestHandler.java:373] request send: {"command":"getPlaylistName"}
[2024-03-19 18:13:42.687] [INFO ] [ClientRequestHandler.java:380] response from server: {"command":"getPlaylistName"}
[2024-03-19 18:14:02.727] [INFO ] [ClientSocket.java:37] read config file: {
    "IP": "127.0.0.1",
    "PORT": 6001,
    "CORE_POOL_SIZE": 8,
    "MAXIMUM_POOL_SIZE": 12,
    "KEEP_ALIVE_TIME": 60,
    "BLOCKING_QUEUE_CAPACITY": 100

}

[2024-03-19 18:14:02.730] [INFO ] [ClientRequestHandler.java:522] request send: {"message":"tets:shivam","command":"getPlaylist"}
[2024-03-19 18:14:02.732] [INFO ] [ClientRequestHandler.java:529] response from server: null
[2024-03-19 18:14:02.735] [INFO ] [ClientRequestHandler.java:373] request send: {"command":"getPlaylistName"}
[2024-03-19 18:14:02.737] [INFO ] [ClientRequestHandler.java:380] response from server: {"command":"getPlaylistName"}
[2024-03-19 18:16:06.335] [INFO ] [ClientRequestHandler.java:373] request send: {"command":"getPlaylistName"}
[2024-03-19 18:16:06.336] [INFO ] [ClientRequestHandler.java:380] response from server: {"command":"getPlaylistName"}
[2024-03-19 18:18:29.315] [INFO ] [ClientSocket.java:37] read config file: {
    "IP": "127.0.0.1",
    "PORT": 6001,
    "CORE_POOL_SIZE": 8,
    "MAXIMUM_POOL_SIZE": 12,
    "KEEP_ALIVE_TIME": 60,
    "BLOCKING_QUEUE_CAPACITY": 100

}

[2024-03-19 18:18:29.317] [INFO ] [ClientRequestHandler.java:522] request send: {"message":"tets:shivam","command":"getPlaylist"}
[2024-03-19 18:18:29.319] [INFO ] [ClientRequestHandler.java:529] response from server: null
[2024-03-19 18:18:29.322] [INFO ] [ClientRequestHandler.java:373] request send: {"command":"getPlaylistName"}
[2024-03-19 18:18:29.324] [INFO ] [ClientRequestHandler.java:380] response from server: {"command":"getPlaylistName"}
[2024-03-19 18:22:40.211] [INFO ] [ServerSockets.java:37] read config file: {
    "IP": "127.0.0.1",
    "PORT": 6001,
    "CORE_POOL_SIZE": 8,
    "MAXIMUM_POOL_SIZE": 12,
    "KEEP_ALIVE_TIME": 60,
    "BLOCKING_QUEUE_CAPACITY": 100

}

[2024-03-19 18:22:44.372] [INFO ] [ClientSocket.java:37] read config file: {
    "IP": "127.0.0.1",
    "PORT": 6001,
    "CORE_POOL_SIZE": 8,
    "MAXIMUM_POOL_SIZE": 12,
    "KEEP_ALIVE_TIME": 60,
    "BLOCKING_QUEUE_CAPACITY": 100

}

[2024-03-19 18:22:44.452] [INFO ] [ClientSocket.java:37] read config file: {
    "IP": "127.0.0.1",
    "PORT": 6001,
    "CORE_POOL_SIZE": 8,
    "MAXIMUM_POOL_SIZE": 12,
    "KEEP_ALIVE_TIME": 60,
    "BLOCKING_QUEUE_CAPACITY": 100

}

[2024-03-19 18:22:44.454] [INFO ] [ClientSocket.java:37] read config file: {
    "IP": "127.0.0.1",
    "PORT": 6001,
    "CORE_POOL_SIZE": 8,
    "MAXIMUM_POOL_SIZE": 12,
    "KEEP_ALIVE_TIME": 60,
    "BLOCKING_QUEUE_CAPACITY": 100

}

[2024-03-19 18:22:51.538] [INFO ] [ClientRequestHandler.java:186] request send: {"password":"shivam","command":"register","username":"shivam"}
[2024-03-19 18:22:51.548] [INFO ] [ClientRequestHandler.java:190] response from server: {"password":"shivam","command":"register","username":"shivam"}
[2024-03-19 18:22:55.893] [INFO ] [ClientRequestHandler.java:151] request send: {"password":"shivam","command":"login","username":"shivam"}
[2024-03-19 18:22:55.895] [INFO ] [ClientRequestHandler.java:155] response from server: {"password":"shivam","command":"login","username":"shivam"}
[2024-03-19 18:22:55.897] [INFO ] [TerminalUI.java:89] shivam logged in
[2024-03-19 18:22:57.312] [INFO ] [ClientRequestHandler.java:373] request send: {"command":"getPlaylistName"}
[2024-03-19 18:22:57.318] [INFO ] [ClientRequestHandler.java:380] response from server: {"command":"getPlaylistName"}
[2024-03-19 18:23:29.564] [INFO ] [ClientRequestHandler.java:341] request send: {"message":"test","command":"createPlaylist","username":"shivam"}
[2024-03-19 18:23:36.141] [INFO ] [ClientRequestHandler.java:345] response from server: {"message":"test","command":"createPlaylist","username":"shivam"}
[2024-03-19 18:23:49.977] [INFO ] [ClientRequestHandler.java:373] request send: {"command":"getPlaylistName"}
[2024-03-19 18:23:49.979] [INFO ] [ClientRequestHandler.java:380] response from server: {"command":"getPlaylistName"}
[2024-03-19 18:24:06.800] [INFO ] [ClientRequestHandler.java:58] request send: {"command":"library"}
[2024-03-19 18:24:18.723] [INFO ] [ClientRequestHandler.java:230] request send: {"message":"music.wav","command":"audioFile"}
[2024-03-19 18:24:26.484] [INFO ] [ClientRequestHandler.java:373] request send: {"command":"getPlaylistName"}
[2024-03-19 18:24:26.486] [INFO ] [ClientRequestHandler.java:380] response from server: {"command":"getPlaylistName"}
[2024-03-19 18:24:26.487] [INFO ] [ClientRequestHandler.java:428] request send: {"message":"test/music.wav","command":"addToPlaylist","username":"shivam"}
[2024-03-19 18:25:39.280] [INFO ] [ClientRequestHandler.java:434] response from server: {"message":"test/music.wav","command":"addToPlaylist","username":"shivam"}
[2024-03-19 18:26:10.941] [INFO ] [ClientRequestHandler.java:58] request send: {"command":"library"}
[2024-03-19 18:26:16.751] [INFO ] [ClientRequestHandler.java:373] request send: {"command":"getPlaylistName"}
[2024-03-19 18:26:16.753] [INFO ] [ClientRequestHandler.java:380] response from server: {"command":"getPlaylistName"}
[2024-03-19 18:27:29.340] [INFO ] [ClientSocket.java:37] read config file: {
    "IP": "127.0.0.1",
    "PORT": 6001,
    "CORE_POOL_SIZE": 8,
    "MAXIMUM_POOL_SIZE": 12,
    "KEEP_ALIVE_TIME": 60,
    "BLOCKING_QUEUE_CAPACITY": 100

}

[2024-03-19 18:28:14.648] [INFO ] [ClientRequestHandler.java:522] request send: {"message":"test:shivam","command":"getPlaylist"}
[2024-03-19 18:28:30.486] [INFO ] [ClientRequestHandler.java:529] response from server: {"getPlaylist":["music.wav"]}
[2024-03-19 18:30:16.607] [INFO ] [ClientRequestHandler.java:522] request send: {"message":"test:shivam","command":"getPlaylist"}
[2024-03-19 18:30:18.806] [INFO ] [ClientRequestHandler.java:529] response from server: {"getPlaylist":["music.wav"]}
[2024-03-19 18:30:34.377] [INFO ] [ServerSockets.java:37] read config file: {
    "IP": "127.0.0.1",
    "PORT": 6001,
    "CORE_POOL_SIZE": 8,
    "MAXIMUM_POOL_SIZE": 12,
    "KEEP_ALIVE_TIME": 60,
    "BLOCKING_QUEUE_CAPACITY": 100

}

[2024-03-19 18:30:37.703] [INFO ] [ClientSocket.java:37] read config file: {
    "IP": "127.0.0.1",
    "PORT": 6001,
    "CORE_POOL_SIZE": 8,
    "MAXIMUM_POOL_SIZE": 12,
    "KEEP_ALIVE_TIME": 60,
    "BLOCKING_QUEUE_CAPACITY": 100

}

[2024-03-19 18:30:37.712] [INFO ] [ClientSocket.java:37] read config file: {
    "IP": "127.0.0.1",
    "PORT": 6001,
    "CORE_POOL_SIZE": 8,
    "MAXIMUM_POOL_SIZE": 12,
    "KEEP_ALIVE_TIME": 60,
    "BLOCKING_QUEUE_CAPACITY": 100

}

[2024-03-19 18:30:37.713] [INFO ] [ClientSocket.java:37] read config file: {
    "IP": "127.0.0.1",
    "PORT": 6001,
    "CORE_POOL_SIZE": 8,
    "MAXIMUM_POOL_SIZE": 12,
    "KEEP_ALIVE_TIME": 60,
    "BLOCKING_QUEUE_CAPACITY": 100

}

[2024-03-19 18:30:42.934] [INFO ] [ClientRequestHandler.java:186] request send: {"password":"shivam","command":"register","username":"shivam"}
[2024-03-19 18:30:42.956] [INFO ] [ClientRequestHandler.java:190] response from server: {"password":"shivam","command":"register","username":"shivam"}
[2024-03-19 18:30:47.160] [INFO ] [ClientRequestHandler.java:151] request send: {"password":"shivam","command":"login","username":"shivam"}
[2024-03-19 18:30:47.164] [INFO ] [ClientRequestHandler.java:155] response from server: {"password":"shivam","command":"login","username":"shivam"}
[2024-03-19 18:30:47.165] [INFO ] [TerminalUI.java:89] shivam logged in
[2024-03-19 18:30:48.460] [INFO ] [ClientRequestHandler.java:373] request send: {"command":"getPlaylistName"}
[2024-03-19 18:30:48.467] [INFO ] [ClientRequestHandler.java:380] response from server: {"command":"getPlaylistName"}
[2024-03-19 18:30:51.657] [INFO ] [ClientRequestHandler.java:341] request send: {"message":"test","command":"createPlaylist","username":"shivam"}
[2024-03-19 18:30:51.662] [INFO ] [ClientRequestHandler.java:345] response from server: {"message":"test","command":"createPlaylist","username":"shivam"}
[2024-03-19 18:30:51.663] [INFO ] [ClientRequestHandler.java:373] request send: {"command":"getPlaylistName"}
[2024-03-19 18:30:51.664] [INFO ] [ClientRequestHandler.java:380] response from server: {"command":"getPlaylistName"}
[2024-03-19 18:30:54.934] [INFO ] [ClientRequestHandler.java:58] request send: {"command":"library"}
[2024-03-19 18:30:56.272] [INFO ] [ClientRequestHandler.java:230] request send: {"message":"music.wav","command":"audioFile"}
[2024-03-19 18:30:59.978] [INFO ] [ClientRequestHandler.java:373] request send: {"command":"getPlaylistName"}
[2024-03-19 18:30:59.986] [INFO ] [ClientRequestHandler.java:380] response from server: {"command":"getPlaylistName"}
[2024-03-19 18:30:59.990] [INFO ] [ClientRequestHandler.java:428] request send: {"message":"test/music.wav","command":"addToPlaylist","username":"shivam"}
[2024-03-19 18:30:59.994] [INFO ] [ClientRequestHandler.java:434] response from server: {"message":"test/music.wav","command":"addToPlaylist","username":"shivam"}
[2024-03-19 18:31:02.344] [INFO ] [ClientRequestHandler.java:58] request send: {"command":"library"}
[2024-03-19 18:31:02.348] [INFO ] [ClientRequestHandler.java:230] request send: {"message":"mini.wav","command":"audioFile"}
[2024-03-19 18:31:04.443] [INFO ] [ClientRequestHandler.java:373] request send: {"command":"getPlaylistName"}
[2024-03-19 18:31:04.445] [INFO ] [ClientRequestHandler.java:380] response from server: {"command":"getPlaylistName"}
[2024-03-19 18:31:04.447] [INFO ] [ClientRequestHandler.java:428] request send: {"message":"test/mini.wav","command":"addToPlaylist","username":"shivam"}
[2024-03-19 18:31:04.449] [INFO ] [ClientRequestHandler.java:434] response from server: {"message":"test/mini.wav","command":"addToPlaylist","username":"shivam"}
[2024-03-19 18:31:05.971] [INFO ] [ClientRequestHandler.java:58] request send: {"command":"library"}
[2024-03-19 18:31:08.461] [INFO ] [ClientRequestHandler.java:373] request send: {"command":"getPlaylistName"}
[2024-03-19 18:31:08.463] [INFO ] [ClientRequestHandler.java:380] response from server: {"command":"getPlaylistName"}
[2024-03-19 18:31:12.180] [INFO ] [ClientRequestHandler.java:373] request send: {"command":"getPlaylistName"}
[2024-03-19 18:31:12.182] [INFO ] [ClientRequestHandler.java:380] response from server: {"command":"getPlaylistName"}
[2024-03-19 18:31:18.218] [INFO ] [ClientSocket.java:37] read config file: {
    "IP": "127.0.0.1",
    "PORT": 6001,
    "CORE_POOL_SIZE": 8,
    "MAXIMUM_POOL_SIZE": 12,
    "KEEP_ALIVE_TIME": 60,
    "BLOCKING_QUEUE_CAPACITY": 100

}

[2024-03-19 18:31:18.219] [INFO ] [ClientRequestHandler.java:522] request send: {"message":"test:shivam","command":"getPlaylist"}
[2024-03-19 18:31:18.220] [INFO ] [ClientRequestHandler.java:529] response from server: {"getPlaylist":["music.wav","mini.wav"]}
[2024-03-19 18:31:22.129] [INFO ] [ClientRequestHandler.java:373] request send: {"command":"getPlaylistName"}
[2024-03-19 18:31:22.131] [INFO ] [ClientRequestHandler.java:380] response from server: {"command":"getPlaylistName"}
[2024-03-19 18:31:26.578] [INFO ] [ClientSocket.java:37] read config file: {
    "IP": "127.0.0.1",
    "PORT": 6001,
    "CORE_POOL_SIZE": 8,
    "MAXIMUM_POOL_SIZE": 12,
    "KEEP_ALIVE_TIME": 60,
    "BLOCKING_QUEUE_CAPACITY": 100

}

[2024-03-19 18:31:26.585] [INFO ] [ClientSocket.java:37] read config file: {
    "IP": "127.0.0.1",
    "PORT": 6001,
    "CORE_POOL_SIZE": 8,
    "MAXIMUM_POOL_SIZE": 12,
    "KEEP_ALIVE_TIME": 60,
    "BLOCKING_QUEUE_CAPACITY": 100

}

[2024-03-19 18:31:26.586] [INFO ] [ClientSocket.java:37] read config file: {
    "IP": "127.0.0.1",
    "PORT": 6001,
    "CORE_POOL_SIZE": 8,
    "MAXIMUM_POOL_SIZE": 12,
    "KEEP_ALIVE_TIME": 60,
    "BLOCKING_QUEUE_CAPACITY": 100

}

[2024-03-19 18:31:35.374] [INFO ] [ClientRequestHandler.java:186] request send: {"password":"shivam1","command":"register","username":"shivam1"}
[2024-03-19 18:31:35.376] [INFO ] [ClientRequestHandler.java:190] response from server: {"password":"shivam1","command":"register","username":"shivam1"}
[2024-03-19 18:31:46.630] [INFO ] [ClientRequestHandler.java:151] request send: {"password":"shivam1","command":"login","username":"shivam1"}
[2024-03-19 18:31:46.633] [INFO ] [ClientRequestHandler.java:155] response from server: {"password":"shivam1","command":"login","username":"shivam1"}
[2024-03-19 18:31:46.636] [INFO ] [TerminalUI.java:89] shivam1 logged in
[2024-03-19 18:31:48.325] [INFO ] [ClientRequestHandler.java:373] request send: {"command":"getPlaylistName"}
[2024-03-19 18:31:48.326] [INFO ] [ClientRequestHandler.java:380] response from server: {"command":"getPlaylistName"}
[2024-03-19 18:31:51.968] [INFO ] [ClientRequestHandler.java:341] request send: {"message":"test","command":"createPlaylist","username":"shivam1"}
[2024-03-19 18:31:51.970] [INFO ] [ClientRequestHandler.java:345] response from server: {"message":"test","command":"createPlaylist","username":"shivam1"}
[2024-03-19 18:31:51.973] [INFO ] [ClientRequestHandler.java:373] request send: {"command":"getPlaylistName"}
[2024-03-19 18:31:51.975] [INFO ] [ClientRequestHandler.java:380] response from server: {"command":"getPlaylistName"}
[2024-03-19 18:31:55.861] [INFO ] [ClientRequestHandler.java:58] request send: {"command":"library"}
[2024-03-19 18:31:58.419] [INFO ] [ClientRequestHandler.java:230] request send: {"message":"Yodha.wav","command":"audioFile"}
[2024-03-19 18:32:01.817] [INFO ] [ClientRequestHandler.java:373] request send: {"command":"getPlaylistName"}
[2024-03-19 18:32:01.819] [INFO ] [ClientRequestHandler.java:380] response from server: {"command":"getPlaylistName"}
[2024-03-19 18:32:01.823] [INFO ] [ClientRequestHandler.java:428] request send: {"message":"test/Yodha.wav","command":"addToPlaylist","username":"shivam1"}
[2024-03-19 18:32:01.826] [INFO ] [ClientRequestHandler.java:434] response from server: {"message":"test/Yodha.wav","command":"addToPlaylist","username":"shivam1"}
[2024-03-19 18:32:03.517] [INFO ] [ClientRequestHandler.java:58] request send: {"command":"library"}
[2024-03-19 18:32:05.816] [INFO ] [ClientRequestHandler.java:373] request send: {"command":"getPlaylistName"}
[2024-03-19 18:32:05.818] [INFO ] [ClientRequestHandler.java:380] response from server: {"command":"getPlaylistName"}
[2024-03-19 18:32:13.455] [INFO ] [ClientSocket.java:37] read config file: {
    "IP": "127.0.0.1",
    "PORT": 6001,
    "CORE_POOL_SIZE": 8,
    "MAXIMUM_POOL_SIZE": 12,
    "KEEP_ALIVE_TIME": 60,
    "BLOCKING_QUEUE_CAPACITY": 100

}

[2024-03-19 18:32:13.458] [INFO ] [ClientRequestHandler.java:522] request send: {"message":"test:shivam","command":"getPlaylist"}
[2024-03-19 18:32:13.460] [INFO ] [ClientRequestHandler.java:529] response from server: null
[2024-03-19 18:32:13.464] [INFO ] [ClientRequestHandler.java:373] request send: {"command":"getPlaylistName"}
[2024-03-19 18:32:13.465] [INFO ] [ClientRequestHandler.java:380] response from server: {"command":"getPlaylistName"}
[2024-03-19 18:32:49.813] [INFO ] [ClientSocket.java:37] read config file: {
    "IP": "127.0.0.1",
    "PORT": 6001,
    "CORE_POOL_SIZE": 8,
    "MAXIMUM_POOL_SIZE": 12,
    "KEEP_ALIVE_TIME": 60,
    "BLOCKING_QUEUE_CAPACITY": 100

}

[2024-03-19 18:32:49.815] [INFO ] [ClientRequestHandler.java:522] request send: {"message":"test:shivam1","command":"getPlaylist"}
[2024-03-19 18:32:49.815] [INFO ] [ClientRequestHandler.java:529] response from server: {"getPlaylist":["Yodha.wav"]}
[2024-03-19 18:32:54.660] [INFO ] [ClientRequestHandler.java:373] request send: {"command":"getPlaylistName"}
[2024-03-19 18:32:54.662] [INFO ] [ClientRequestHandler.java:380] response from server: {"command":"getPlaylistName"}
[2024-03-19 18:33:06.718] [INFO ] [ClientSocket.java:37] read config file: {
    "IP": "127.0.0.1",
    "PORT": 6001,
    "CORE_POOL_SIZE": 8,
    "MAXIMUM_POOL_SIZE": 12,
    "KEEP_ALIVE_TIME": 60,
    "BLOCKING_QUEUE_CAPACITY": 100

}

[2024-03-19 18:33:06.721] [INFO ] [ClientRequestHandler.java:522] request send: {"message":"test:shivam1","command":"getPlaylist"}
[2024-03-19 18:33:06.723] [INFO ] [ClientRequestHandler.java:529] response from server: {"getPlaylist":["Yodha.wav"]}
[2024-03-19 18:33:10.515] [INFO ] [ClientRequestHandler.java:373] request send: {"command":"getPlaylistName"}
[2024-03-19 18:33:10.517] [INFO ] [ClientRequestHandler.java:380] response from server: {"command":"getPlaylistName"}
[2024-03-19 18:33:22.239] [INFO ] [ClientSocket.java:37] read config file: {
    "IP": "127.0.0.1",
    "PORT": 6001,
    "CORE_POOL_SIZE": 8,
    "MAXIMUM_POOL_SIZE": 12,
    "KEEP_ALIVE_TIME": 60,
    "BLOCKING_QUEUE_CAPACITY": 100

}

[2024-03-19 18:33:22.242] [INFO ] [ClientRequestHandler.java:522] request send: {"message":"test:shivam","command":"getPlaylist"}
[2024-03-19 18:33:22.243] [INFO ] [ClientRequestHandler.java:529] response from server: null
[2024-03-19 18:33:22.245] [INFO ] [ClientRequestHandler.java:373] request send: {"command":"getPlaylistName"}
[2024-03-19 18:33:22.246] [INFO ] [ClientRequestHandler.java:380] response from server: {"command":"getPlaylistName"}
[2024-03-19 18:38:07.072] [INFO ] [ServerSockets.java:37] read config file: {
    "IP": "127.0.0.1",
    "PORT": 6001,
    "CORE_POOL_SIZE": 8,
    "MAXIMUM_POOL_SIZE": 12,
    "KEEP_ALIVE_TIME": 60,
    "BLOCKING_QUEUE_CAPACITY": 100

}

[2024-03-19 18:38:10.677] [INFO ] [ClientSocket.java:37] read config file: {
    "IP": "127.0.0.1",
    "PORT": 6001,
    "CORE_POOL_SIZE": 8,
    "MAXIMUM_POOL_SIZE": 12,
    "KEEP_ALIVE_TIME": 60,
    "BLOCKING_QUEUE_CAPACITY": 100

}

[2024-03-19 18:38:10.684] [INFO ] [ClientSocket.java:37] read config file: {
    "IP": "127.0.0.1",
    "PORT": 6001,
    "CORE_POOL_SIZE": 8,
    "MAXIMUM_POOL_SIZE": 12,
    "KEEP_ALIVE_TIME": 60,
    "BLOCKING_QUEUE_CAPACITY": 100

}

[2024-03-19 18:38:10.685] [INFO ] [ClientSocket.java:37] read config file: {
    "IP": "127.0.0.1",
    "PORT": 6001,
    "CORE_POOL_SIZE": 8,
    "MAXIMUM_POOL_SIZE": 12,
    "KEEP_ALIVE_TIME": 60,
    "BLOCKING_QUEUE_CAPACITY": 100

}

[2024-03-19 18:38:16.344] [INFO ] [ClientRequestHandler.java:186] request send: {"password":"shivam","command":"register","username":"shivam"}
[2024-03-19 18:38:16.351] [INFO ] [ClientRequestHandler.java:190] response from server: {"password":"shivam","command":"register","username":"shivam"}
[2024-03-19 18:38:21.941] [INFO ] [ClientRequestHandler.java:151] request send: {"password":"shivam","command":"login","username":"shivam"}
[2024-03-19 18:38:21.942] [INFO ] [ClientRequestHandler.java:155] response from server: {"password":"shivam","command":"login","username":"shivam"}
[2024-03-19 18:38:21.944] [INFO ] [TerminalUI.java:89] shivam logged in
[2024-03-19 18:38:23.139] [INFO ] [ClientRequestHandler.java:373] request send: {"command":"getPlaylistName"}
[2024-03-19 18:38:23.146] [INFO ] [ClientRequestHandler.java:380] response from server: {"command":"getPlaylistName"}
[2024-03-19 18:38:25.779] [INFO ] [ClientRequestHandler.java:341] request send: {"message":"test","command":"createPlaylist","username":"shivam"}
[2024-03-19 18:38:25.785] [INFO ] [ClientRequestHandler.java:345] response from server: {"message":"test","command":"createPlaylist","username":"shivam"}
[2024-03-19 18:38:25.788] [INFO ] [ClientRequestHandler.java:373] request send: {"command":"getPlaylistName"}
[2024-03-19 18:38:25.791] [INFO ] [ClientRequestHandler.java:380] response from server: {"command":"getPlaylistName"}
[2024-03-19 18:38:28.832] [INFO ] [ClientRequestHandler.java:58] request send: {"command":"library"}
[2024-03-19 18:38:30.770] [INFO ] [ClientRequestHandler.java:230] request send: {"message":"music.wav","command":"audioFile"}
[2024-03-19 18:38:35.780] [INFO ] [ClientRequestHandler.java:373] request send: {"command":"getPlaylistName"}
[2024-03-19 18:38:35.785] [INFO ] [ClientRequestHandler.java:380] response from server: {"command":"getPlaylistName"}
[2024-03-19 18:38:35.790] [INFO ] [ClientRequestHandler.java:428] request send: {"message":"test/music.wav","command":"addToPlaylist","username":"shivam"}
[2024-03-19 18:38:35.795] [INFO ] [ClientRequestHandler.java:434] response from server: {"message":"test/music.wav","command":"addToPlaylist","username":"shivam"}
[2024-03-19 18:38:37.135] [INFO ] [ClientRequestHandler.java:58] request send: {"command":"library"}
[2024-03-19 18:41:05.282] [INFO ] [ClientSocket.java:37] read config file: {
    "IP": "127.0.0.1",
    "PORT": 6001,
    "CORE_POOL_SIZE": 8,
    "MAXIMUM_POOL_SIZE": 12,
    "KEEP_ALIVE_TIME": 60,
    "BLOCKING_QUEUE_CAPACITY": 100

}

[2024-03-19 18:41:05.289] [INFO ] [ClientSocket.java:37] read config file: {
    "IP": "127.0.0.1",
    "PORT": 6001,
    "CORE_POOL_SIZE": 8,
    "MAXIMUM_POOL_SIZE": 12,
    "KEEP_ALIVE_TIME": 60,
    "BLOCKING_QUEUE_CAPACITY": 100

}

[2024-03-19 18:41:05.289] [INFO ] [ClientSocket.java:37] read config file: {
    "IP": "127.0.0.1",
    "PORT": 6001,
    "CORE_POOL_SIZE": 8,
    "MAXIMUM_POOL_SIZE": 12,
    "KEEP_ALIVE_TIME": 60,
    "BLOCKING_QUEUE_CAPACITY": 100

}

[2024-03-19 18:41:09.977] [INFO ] [ClientRequestHandler.java:373] request send: {"command":"getPlaylistName"}
[2024-03-19 18:41:09.979] [INFO ] [ClientRequestHandler.java:380] response from server: {"command":"getPlaylistName"}
[2024-03-19 18:41:15.358] [INFO ] [ClientSocket.java:37] read config file: {
    "IP": "127.0.0.1",
    "PORT": 6001,
    "CORE_POOL_SIZE": 8,
    "MAXIMUM_POOL_SIZE": 12,
    "KEEP_ALIVE_TIME": 60,
    "BLOCKING_QUEUE_CAPACITY": 100

}

[2024-03-19 18:41:15.361] [INFO ] [ClientRequestHandler.java:522] request send: {"message":"test:shivam","command":"getPlaylist"}
[2024-03-19 18:41:15.363] [INFO ] [ClientRequestHandler.java:529] response from server: {"getPlaylist":["music.wav"]}
[2024-03-19 18:41:17.218] [INFO ] [ClientRequestHandler.java:373] request send: {"command":"getPlaylistName"}
[2024-03-19 18:41:17.219] [INFO ] [ClientRequestHandler.java:380] response from server: {"command":"getPlaylistName"}
[2024-03-19 18:41:32.546] [INFO ] [ClientRequestHandler.java:186] request send: {"password":"shivam1","command":"register","username":"shivam1"}
[2024-03-19 18:41:32.548] [INFO ] [ClientRequestHandler.java:190] response from server: {"password":"shivam1","command":"register","username":"shivam1"}
[2024-03-19 18:41:37.276] [INFO ] [ClientRequestHandler.java:151] request send: {"password":"shivam1","command":"login","username":"shivam1"}
[2024-03-19 18:41:37.279] [INFO ] [ClientRequestHandler.java:155] response from server: {"password":"shivam1","command":"login","username":"shivam1"}
[2024-03-19 18:41:37.282] [INFO ] [TerminalUI.java:89] shivam1 logged in
[2024-03-19 18:41:39.107] [INFO ] [ClientRequestHandler.java:373] request send: {"command":"getPlaylistName"}
[2024-03-19 18:41:39.107] [INFO ] [ClientRequestHandler.java:380] response from server: {"command":"getPlaylistName"}
[2024-03-19 18:41:41.807] [INFO ] [ClientRequestHandler.java:341] request send: {"message":"test","command":"createPlaylist","username":"shivam1"}
[2024-03-19 18:41:41.810] [INFO ] [ClientRequestHandler.java:345] response from server: {"message":"test","command":"createPlaylist","username":"shivam1"}
[2024-03-19 18:41:41.813] [INFO ] [ClientRequestHandler.java:373] request send: {"command":"getPlaylistName"}
[2024-03-19 18:41:41.815] [INFO ] [ClientRequestHandler.java:380] response from server: {"command":"getPlaylistName"}
[2024-03-19 18:41:46.540] [INFO ] [ClientRequestHandler.java:58] request send: {"command":"library"}
[2024-03-19 18:41:51.210] [INFO ] [ClientRequestHandler.java:230] request send: {"message":"Yodha.wav","command":"audioFile"}
[2024-03-19 18:41:55.104] [INFO ] [ClientRequestHandler.java:373] request send: {"command":"getPlaylistName"}
[2024-03-19 18:41:55.106] [INFO ] [ClientRequestHandler.java:380] response from server: {"command":"getPlaylistName"}
[2024-03-19 18:41:55.110] [INFO ] [ClientRequestHandler.java:428] request send: {"message":"test/Yodha.wav","command":"addToPlaylist","username":"shivam1"}
[2024-03-19 18:41:55.112] [INFO ] [ClientRequestHandler.java:434] response from server: {"message":"test/Yodha.wav","command":"addToPlaylist","username":"shivam1"}
[2024-03-19 18:41:56.376] [INFO ] [ClientRequestHandler.java:58] request send: {"command":"library"}
[2024-03-19 18:42:01.850] [INFO ] [ClientRequestHandler.java:373] request send: {"command":"getPlaylistName"}
[2024-03-19 18:42:01.851] [INFO ] [ClientRequestHandler.java:380] response from server: {"command":"getPlaylistName"}
[2024-03-19 18:42:07.839] [INFO ] [ClientRequestHandler.java:373] request send: {"command":"getPlaylistName"}
[2024-03-19 18:42:07.840] [INFO ] [ClientRequestHandler.java:380] response from server: {"command":"getPlaylistName"}
[2024-03-19 18:42:09.159] [INFO ] [ClientRequestHandler.java:373] request send: {"command":"getPlaylistName"}
[2024-03-19 18:42:09.160] [INFO ] [ClientRequestHandler.java:380] response from server: {"command":"getPlaylistName"}
[2024-03-19 18:42:31.038] [INFO ] [ClientSocket.java:37] read config file: {
    "IP": "127.0.0.1",
    "PORT": 6001,
    "CORE_POOL_SIZE": 8,
    "MAXIMUM_POOL_SIZE": 12,
    "KEEP_ALIVE_TIME": 60,
    "BLOCKING_QUEUE_CAPACITY": 100

}

[2024-03-19 18:42:31.042] [INFO ] [ClientRequestHandler.java:522] request send: {"message":"test:shivam1","command":"getPlaylist"}
[2024-03-19 18:42:31.043] [INFO ] [ClientRequestHandler.java:529] response from server: {"getPlaylist":["Yodha.wav"]}
[2024-03-19 18:42:33.447] [INFO ] [ClientRequestHandler.java:373] request send: {"command":"getPlaylistName"}
[2024-03-19 18:42:33.449] [INFO ] [ClientRequestHandler.java:380] response from server: {"command":"getPlaylistName"}
[2024-03-19 18:42:47.555] [INFO ] [ClientSocket.java:37] read config file: {
    "IP": "127.0.0.1",
    "PORT": 6001,
    "CORE_POOL_SIZE": 8,
    "MAXIMUM_POOL_SIZE": 12,
    "KEEP_ALIVE_TIME": 60,
    "BLOCKING_QUEUE_CAPACITY": 100

}

[2024-03-19 18:42:47.557] [INFO ] [ClientRequestHandler.java:522] request send: {"message":"test:shivam","command":"getPlaylist"}
[2024-03-19 18:42:47.559] [INFO ] [ClientRequestHandler.java:529] response from server: {"getPlaylist":["music.wav"]}
[2024-03-19 18:42:56.381] [INFO ] [ClientRequestHandler.java:373] request send: {"command":"getPlaylistName"}
[2024-03-19 18:42:56.383] [INFO ] [ClientRequestHandler.java:380] response from server: {"command":"getPlaylistName"}
[2024-03-19 18:42:57.763] [INFO ] [ClientRequestHandler.java:373] request send: {"command":"getPlaylistName"}
[2024-03-19 18:42:57.764] [INFO ] [ClientRequestHandler.java:380] response from server: {"command":"getPlaylistName"}
[2024-03-19 18:49:11.264] [INFO ] [ServerSockets.java:37] read config file: {
    "IP": "127.0.0.1",
    "PORT": 6001,
    "CORE_POOL_SIZE": 8,
    "MAXIMUM_POOL_SIZE": 12,
    "KEEP_ALIVE_TIME": 60,
    "BLOCKING_QUEUE_CAPACITY": 100

}

[2024-03-19 18:49:14.075] [INFO ] [ClientSocket.java:37] read config file: {
    "IP": "127.0.0.1",
    "PORT": 6001,
    "CORE_POOL_SIZE": 8,
    "MAXIMUM_POOL_SIZE": 12,
    "KEEP_ALIVE_TIME": 60,
    "BLOCKING_QUEUE_CAPACITY": 100

}

[2024-03-19 18:49:14.084] [INFO ] [ClientSocket.java:37] read config file: {
    "IP": "127.0.0.1",
    "PORT": 6001,
    "CORE_POOL_SIZE": 8,
    "MAXIMUM_POOL_SIZE": 12,
    "KEEP_ALIVE_TIME": 60,
    "BLOCKING_QUEUE_CAPACITY": 100

}

[2024-03-19 18:49:14.085] [INFO ] [ClientSocket.java:37] read config file: {
    "IP": "127.0.0.1",
    "PORT": 6001,
    "CORE_POOL_SIZE": 8,
    "MAXIMUM_POOL_SIZE": 12,
    "KEEP_ALIVE_TIME": 60,
    "BLOCKING_QUEUE_CAPACITY": 100

}

[2024-03-19 18:49:19.413] [INFO ] [ClientRequestHandler.java:186] request send: {"password":"shivam","command":"register","username":"shivam"}
[2024-03-19 18:49:19.422] [INFO ] [ClientRequestHandler.java:190] response from server: {"password":"shivam","command":"register","username":"shivam"}
[2024-03-19 18:49:24.345] [INFO ] [ClientRequestHandler.java:151] request send: {"password":"shivam","command":"login","username":"shivam"}
[2024-03-19 18:49:24.349] [INFO ] [ClientRequestHandler.java:155] response from server: {"password":"shivam","command":"login","username":"shivam"}
[2024-03-19 18:49:24.353] [INFO ] [TerminalUI.java:89] shivam logged in
[2024-03-19 18:49:26.100] [INFO ] [ClientRequestHandler.java:58] request send: {"command":"library"}
[2024-03-19 18:49:30.950] [INFO ] [ClientRequestHandler.java:230] request send: {"message":"Yodha.wav","command":"audioFile"}
[2024-03-19 18:49:33.472] [INFO ] [ClientRequestHandler.java:313] request send: {"message":"Yodha.wav","command":"downloadAudio"}
[2024-03-19 18:49:33.565] [INFO ] [ClientRequestHandler.java:318] Download successful: Yodha.wav
[2024-03-19 18:49:37.047] [INFO ] [ClientRequestHandler.java:58] request send: {"command":"library"}
[2024-03-19 18:53:19.431] [INFO ] [ClientRequestHandler.java:371] request send: {"command":"getPlaylistName"}
[2024-03-19 18:53:19.436] [INFO ] [ClientRequestHandler.java:378] response from server: {"command":"getPlaylistName"}
[2024-03-19 18:53:21.489] [INFO ] [ClientRequestHandler.java:371] request send: {"command":"getPlaylistName"}
[2024-03-19 18:53:21.492] [INFO ] [ClientRequestHandler.java:378] response from server: {"command":"getPlaylistName"}
[2024-03-19 18:53:28.732] [INFO ] [ClientRequestHandler.java:339] request send: {"message":"test","command":"createPlaylist","username":"shivam"}
[2024-03-19 18:53:28.737] [INFO ] [ClientRequestHandler.java:343] response from server: {"message":"test","command":"createPlaylist","username":"shivam"}
[2024-03-19 18:53:28.740] [INFO ] [ClientRequestHandler.java:371] request send: {"command":"getPlaylistName"}
[2024-03-19 18:53:28.741] [INFO ] [ClientRequestHandler.java:378] response from server: {"command":"getPlaylistName"}
[2024-03-19 18:53:39.555] [INFO ] [ClientSocket.java:37] read config file: {
    "IP": "127.0.0.1",
    "PORT": 6001,
    "CORE_POOL_SIZE": 8,
    "MAXIMUM_POOL_SIZE": 12,
    "KEEP_ALIVE_TIME": 60,
    "BLOCKING_QUEUE_CAPACITY": 100

}

[2024-03-19 18:53:39.558] [INFO ] [ClientRequestHandler.java:520] request send: {"message":"test:shivam","command":"getPlaylist"}
[2024-03-19 18:53:39.560] [INFO ] [ClientRequestHandler.java:527] response from server: {"getPlaylist":[]}
[2024-03-19 18:53:39.562] [INFO ] [ClientRequestHandler.java:371] request send: {"command":"getPlaylistName"}
[2024-03-19 18:53:39.564] [INFO ] [ClientRequestHandler.java:378] response from server: {"command":"getPlaylistName"}
[2024-03-19 18:53:44.371] [INFO ] [ClientRequestHandler.java:58] request send: {"command":"library"}
[2024-03-19 18:53:46.251] [INFO ] [ClientRequestHandler.java:230] request send: {"message":"music.wav","command":"audioFile"}
[2024-03-19 18:53:49.480] [INFO ] [ClientRequestHandler.java:371] request send: {"command":"getPlaylistName"}
[2024-03-19 18:53:49.482] [INFO ] [ClientRequestHandler.java:378] response from server: {"command":"getPlaylistName"}
[2024-03-19 18:53:49.488] [INFO ] [ClientRequestHandler.java:426] request send: {"message":"test/music.wav","command":"addToPlaylist","username":"shivam"}
[2024-03-19 18:53:49.491] [INFO ] [ClientRequestHandler.java:432] response from server: {"message":"test/music.wav","command":"addToPlaylist","username":"shivam"}
[2024-03-19 18:53:51.344] [INFO ] [ClientRequestHandler.java:58] request send: {"command":"library"}
[2024-03-19 18:53:51.346] [INFO ] [ClientRequestHandler.java:230] request send: {"message":"mini.wav","command":"audioFile"}
[2024-03-19 18:53:56.768] [INFO ] [ClientRequestHandler.java:58] request send: {"command":"library"}
[2024-03-19 18:53:56.772] [INFO ] [ClientRequestHandler.java:230] request send: {"message":"Yodha.wav","command":"audioFile"}
[2024-03-19 18:53:59.450] [INFO ] [ClientRequestHandler.java:371] request send: {"command":"getPlaylistName"}
[2024-03-19 18:53:59.453] [INFO ] [ClientRequestHandler.java:378] response from server: {"command":"getPlaylistName"}
[2024-03-19 18:53:59.456] [INFO ] [ClientRequestHandler.java:426] request send: {"message":"test/Yodha.wav","command":"addToPlaylist","username":"shivam"}
[2024-03-19 18:53:59.459] [INFO ] [ClientRequestHandler.java:432] response from server: {"message":"test/Yodha.wav","command":"addToPlaylist","username":"shivam"}
[2024-03-19 18:54:00.908] [INFO ] [ClientRequestHandler.java:58] request send: {"command":"library"}
[2024-03-19 18:54:03.402] [INFO ] [ClientRequestHandler.java:371] request send: {"command":"getPlaylistName"}
[2024-03-19 18:54:03.404] [INFO ] [ClientRequestHandler.java:378] response from server: {"command":"getPlaylistName"}
[2024-03-19 18:54:07.704] [INFO ] [ClientSocket.java:37] read config file: {
    "IP": "127.0.0.1",
    "PORT": 6001,
    "CORE_POOL_SIZE": 8,
    "MAXIMUM_POOL_SIZE": 12,
    "KEEP_ALIVE_TIME": 60,
    "BLOCKING_QUEUE_CAPACITY": 100

}

[2024-03-19 18:54:07.707] [INFO ] [ClientRequestHandler.java:520] request send: {"message":"test:shivam","command":"getPlaylist"}
[2024-03-19 18:54:07.709] [INFO ] [ClientRequestHandler.java:527] response from server: {"getPlaylist":["music.wav","Yodha.wav"]}
[2024-03-19 18:54:10.130] [INFO ] [ClientRequestHandler.java:230] request send: {"message":"music.wav","command":"audioFile"}
[2024-03-19 18:54:11.949] [INFO ] [ClientRequestHandler.java:520] request send: {"message":"test:shivam","command":"getPlaylist"}
[2024-03-19 18:54:11.951] [INFO ] [ClientRequestHandler.java:527] response from server: {"getPlaylist":["music.wav","Yodha.wav"]}
[2024-03-19 18:54:11.953] [INFO ] [ClientRequestHandler.java:230] request send: {"message":"Yodha.wav","command":"audioFile"}
[2024-03-19 18:54:13.180] [INFO ] [ClientRequestHandler.java:520] request send: {"message":"test:shivam","command":"getPlaylist"}
[2024-03-19 18:54:13.182] [INFO ] [ClientRequestHandler.java:527] response from server: {"getPlaylist":["music.wav","Yodha.wav"]}
[2024-03-19 18:54:13.184] [INFO ] [ClientRequestHandler.java:230] request send: {"message":"music.wav","command":"audioFile"}
[2024-03-19 18:54:14.212] [INFO ] [ClientRequestHandler.java:520] request send: {"message":"test:shivam","command":"getPlaylist"}
[2024-03-19 18:54:14.214] [INFO ] [ClientRequestHandler.java:527] response from server: {"getPlaylist":["music.wav","Yodha.wav"]}
[2024-03-19 18:54:14.216] [INFO ] [ClientRequestHandler.java:230] request send: {"message":"Yodha.wav","command":"audioFile"}
[2024-03-19 18:54:18.119] [INFO ] [ClientRequestHandler.java:230] request send: {"message":"music.wav","command":"audioFile"}
[2024-03-19 18:54:19.142] [INFO ] [ClientRequestHandler.java:230] request send: {"message":"Yodha.wav","command":"audioFile"}
[2024-03-19 18:54:21.736] [INFO ] [ClientRequestHandler.java:230] request send: {"message":"music.wav","command":"audioFile"}
[2024-03-19 18:54:22.604] [INFO ] [ClientRequestHandler.java:230] request send: {"message":"music.wav","command":"audioFile"}
[2024-03-19 18:54:23.471] [INFO ] [ClientRequestHandler.java:230] request send: {"message":"music.wav","command":"audioFile"}
[2024-03-19 18:55:07.100] [INFO ] [ClientSocket.java:37] read config file: {
    "IP": "127.0.0.1",
    "PORT": 6001,
    "CORE_POOL_SIZE": 8,
    "MAXIMUM_POOL_SIZE": 12,
    "KEEP_ALIVE_TIME": 60,
    "BLOCKING_QUEUE_CAPACITY": 100

}

[2024-03-19 18:55:07.108] [INFO ] [ClientSocket.java:37] read config file: {
    "IP": "127.0.0.1",
    "PORT": 6001,
    "CORE_POOL_SIZE": 8,
    "MAXIMUM_POOL_SIZE": 12,
    "KEEP_ALIVE_TIME": 60,
    "BLOCKING_QUEUE_CAPACITY": 100

}

[2024-03-19 18:55:07.109] [INFO ] [ClientSocket.java:37] read config file: {
    "IP": "127.0.0.1",
    "PORT": 6001,
    "CORE_POOL_SIZE": 8,
    "MAXIMUM_POOL_SIZE": 12,
    "KEEP_ALIVE_TIME": 60,
    "BLOCKING_QUEUE_CAPACITY": 100

}

[2024-03-19 18:57:41.265] [INFO ] [ClientSocket.java:37] read config file: {
    "IP": "127.0.0.1",
    "PORT": 6001,
    "CORE_POOL_SIZE": 8,
    "MAXIMUM_POOL_SIZE": 12,
    "KEEP_ALIVE_TIME": 60,
    "BLOCKING_QUEUE_CAPACITY": 100

}

[2024-03-19 18:57:41.273] [INFO ] [ClientSocket.java:37] read config file: {
    "IP": "127.0.0.1",
    "PORT": 6001,
    "CORE_POOL_SIZE": 8,
    "MAXIMUM_POOL_SIZE": 12,
    "KEEP_ALIVE_TIME": 60,
    "BLOCKING_QUEUE_CAPACITY": 100

}

[2024-03-19 18:57:41.274] [INFO ] [ClientSocket.java:37] read config file: {
    "IP": "127.0.0.1",
    "PORT": 6001,
    "CORE_POOL_SIZE": 8,
    "MAXIMUM_POOL_SIZE": 12,
    "KEEP_ALIVE_TIME": 60,
    "BLOCKING_QUEUE_CAPACITY": 100

}

[2024-03-19 18:57:47.068] [INFO ] [ClientRequestHandler.java:151] request send: {"password":"shivam","command":"login","username":"shivam"}
[2024-03-19 18:57:47.069] [INFO ] [ClientRequestHandler.java:155] response from server: {"password":"shivam","command":"login","username":"shivam"}
[2024-03-19 18:57:47.070] [INFO ] [TerminalUI.java:89] shivam logged in
[2024-03-19 18:57:48.100] [INFO ] [ClientRequestHandler.java:374] request send: {"command":"getPlaylistName"}
[2024-03-19 18:57:48.102] [INFO ] [ClientRequestHandler.java:381] response from server: {"command":"getPlaylistName"}
[2024-03-19 18:57:51.367] [INFO ] [ClientRequestHandler.java:58] request send: {"command":"library"}
[2024-03-19 18:57:52.755] [INFO ] [ClientRequestHandler.java:230] request send: {"message":"music.wav","command":"audioFile"}
[2024-03-19 18:57:55.145] [INFO ] [ClientRequestHandler.java:58] request send: {"command":"library"}
[2024-03-19 18:57:55.146] [INFO ] [ClientRequestHandler.java:230] request send: {"message":"mini.wav","command":"audioFile"}
[2024-03-19 18:58:00.374] [INFO ] [ClientRequestHandler.java:58] request send: {"command":"library"}
[2024-03-19 18:58:00.378] [INFO ] [ClientRequestHandler.java:230] request send: {"message":"Yodha.wav","command":"audioFile"}
[2024-03-19 18:58:06.551] [INFO ] [ClientRequestHandler.java:230] request send: {"message":"mini.wav","command":"audioFile"}
[2024-03-19 18:58:13.522] [INFO ] [ClientRequestHandler.java:58] request send: {"command":"library"}
[2024-03-19 18:58:21.932] [INFO ] [ClientRequestHandler.java:230] request send: {"message":"music.wav","command":"audioFile"}
[2024-03-19 18:58:27.296] [INFO ] [ClientRequestHandler.java:58] request send: {"command":"library"}
[2024-03-19 18:58:27.297] [INFO ] [ClientRequestHandler.java:230] request send: {"message":"mini.wav","command":"audioFile"}
[2024-03-19 18:58:31.267] [INFO ] [ClientRequestHandler.java:58] request send: {"command":"library"}
[2024-03-19 18:58:31.268] [INFO ] [ClientRequestHandler.java:230] request send: {"message":"Yodha.wav","command":"audioFile"}
[2024-03-19 18:58:35.557] [INFO ] [ClientRequestHandler.java:58] request send: {"command":"library"}
[2024-03-19 19:02:10.826] [INFO ] [ClientRequestHandler.java:374] request send: {"command":"getPlaylistName"}
[2024-03-19 19:02:10.828] [INFO ] [ClientRequestHandler.java:381] response from server: {"command":"getPlaylistName"}
[2024-03-19 19:02:13.820] [INFO ] [ClientRequestHandler.java:374] request send: {"command":"getPlaylistName"}
[2024-03-19 19:02:13.821] [INFO ] [ClientRequestHandler.java:381] response from server: {"command":"getPlaylistName"}
[2024-03-19 19:02:18.887] [INFO ] [ClientSocket.java:37] read config file: {
    "IP": "127.0.0.1",
    "PORT": 6001,
    "CORE_POOL_SIZE": 8,
    "MAXIMUM_POOL_SIZE": 12,
    "KEEP_ALIVE_TIME": 60,
    "BLOCKING_QUEUE_CAPACITY": 100

}

[2024-03-19 19:02:18.890] [INFO ] [ClientRequestHandler.java:526] request send: {"message":"test:shivam","command":"getPlaylist"}
[2024-03-19 19:02:18.892] [INFO ] [ClientRequestHandler.java:533] response from server: {"getPlaylist":["music.wav","Yodha.wav"]}
[2024-03-19 19:02:24.802] [INFO ] [ClientRequestHandler.java:429] request send: {"message":"test:shivam/music.wav","command":"removeFromPlaylist","username":"shivam"}
[2024-03-19 19:02:24.804] [INFO ] [ClientRequestHandler.java:435] response from server: {"message":"test:shivam/music.wav","command":"removeFromPlaylist","username":"shivam"}
[2024-03-19 19:02:24.805] [ERROR] [ClientApplication.java:30] server is down
[2024-03-19 19:02:24.805] [INFO ] [ClientSocket.java:37] read config file: {
    "IP": "127.0.0.1",
    "PORT": 6001,
    "CORE_POOL_SIZE": 8,
    "MAXIMUM_POOL_SIZE": 12,
    "KEEP_ALIVE_TIME": 60,
    "BLOCKING_QUEUE_CAPACITY": 100

}

[2024-03-19 19:02:24.806] [INFO ] [ClientSocket.java:37] read config file: {
    "IP": "127.0.0.1",
    "PORT": 6001,
    "CORE_POOL_SIZE": 8,
    "MAXIMUM_POOL_SIZE": 12,
    "KEEP_ALIVE_TIME": 60,
    "BLOCKING_QUEUE_CAPACITY": 100

}

[2024-03-19 19:02:24.806] [INFO ] [ClientSocket.java:37] read config file: {
    "IP": "127.0.0.1",
    "PORT": 6001,
    "CORE_POOL_SIZE": 8,
    "MAXIMUM_POOL_SIZE": 12,
    "KEEP_ALIVE_TIME": 60,
    "BLOCKING_QUEUE_CAPACITY": 100

}

