[2024-03-19 17:20:54.879] [INFO ] [ClientHandler.java:35] {"password":"raj","command":"login","username":"raj"}
[2024-03-19 17:20:54.885] [INFO ] [ServerRequestHandler.java:202] {"message":"Invalid credentials","status":"fail"}
[2024-03-19 17:20:54.886] [INFO ] [ClientHandler.java:35] null
[2024-03-19 17:20:54.887] [ERROR] [ClientHandler.java:116] (ERROR) entered request is null: 
[2024-03-19 17:21:53.037] [INFO ] [ClientHandler.java:35] {"password":"raj1234","command":"register","username":"raj1234"}
[2024-03-19 17:21:53.039] [INFO ] [MusicLibrary.java:146] raj1234 registered to application
[2024-03-19 17:21:53.040] [INFO ] [ServerRequestHandler.java:181] {"message":"user added Successfully","status":"success"}
[2024-03-19 17:21:53.041] [INFO ] [ClientHandler.java:35] null
[2024-03-19 17:21:53.042] [ERROR] [ClientHandler.java:116] (ERROR) entered request is null: 
[2024-03-19 17:22:02.475] [INFO ] [ClientHandler.java:35] {"password":"raj1234","command":"login","username":"raj1234"}
[2024-03-19 17:22:02.477] [INFO ] [MusicLibrary.java:156] raj1234 logged into application
[2024-03-19 17:22:02.479] [INFO ] [ServerRequestHandler.java:202] {"message":"login Successfully","status":"success"}
[2024-03-19 17:22:02.480] [INFO ] [ClientHandler.java:35] null
[2024-03-19 17:22:02.481] [ERROR] [ClientHandler.java:116] (ERROR) entered request is null: 
[2024-03-19 17:22:06.465] [INFO ] [ClientHandler.java:35] {"command":"library"}
[2024-03-19 17:22:06.467] [INFO ] [ServerRequestHandler.java:42] {"library":["music.wav","mini.wav","Yodha.wav","mangalvar.wav","Imagine.wav","mini2.wav","Perfect.wav","Heading_Home.wav"]}
[2024-03-19 17:22:06.468] [INFO ] [ClientHandler.java:35] null
[2024-03-19 17:22:06.469] [ERROR] [ClientHandler.java:116] (ERROR) entered request is null: 
[2024-03-19 17:22:22.880] [INFO ] [ClientHandler.java:35] {"message":"Imagine.wav","command":"audioFile"}
[2024-03-19 17:22:41.491] [INFO ] [ClientHandler.java:35] {"password":"raj1234","command":"login","username":"raj1234"}
[2024-03-19 17:22:41.492] [INFO ] [MusicLibrary.java:156] raj1234 logged into application
[2024-03-19 17:22:41.493] [INFO ] [ServerRequestHandler.java:202] {"message":"login Successfully","status":"success"}
[2024-03-19 17:22:41.496] [INFO ] [ClientHandler.java:35] null
[2024-03-19 17:22:41.496] [ERROR] [ClientHandler.java:116] (ERROR) entered request is null: 
[2024-03-19 17:22:43.687] [INFO ] [ClientHandler.java:35] {"command":"library"}
[2024-03-19 17:22:43.688] [INFO ] [ServerRequestHandler.java:42] {"library":["music.wav","mini.wav","Yodha.wav","mangalvar.wav","Imagine.wav","mini2.wav","Perfect.wav","Heading_Home.wav"]}
[2024-03-19 17:22:43.691] [INFO ] [ClientHandler.java:35] null
[2024-03-19 17:22:43.692] [ERROR] [ClientHandler.java:116] (ERROR) entered request is null: 
[2024-03-19 17:22:46.770] [INFO ] [ClientHandler.java:35] {"command":"getPlaylistName"}
[2024-03-19 17:22:46.772] [INFO ] [ServerRequestHandler.java:90] {}
[2024-03-19 17:22:46.773] [INFO ] [ClientHandler.java:35] null
[2024-03-19 17:22:46.774] [ERROR] [ClientHandler.java:116] (ERROR) entered request is null: 
[2024-03-19 17:22:49.937] [INFO ] [ClientHandler.java:35] {"message":"test","command":"createPlaylist","username":"raj1234"}
[2024-03-19 17:22:49.938] [INFO ] [MusicLibrary.java:50] playlist created test
[2024-03-19 17:22:49.938] [INFO ] [ServerRequestHandler.java:75] {"message":"Playlist created successfully","status":"success"}
[2024-03-19 17:22:49.939] [INFO ] [ClientHandler.java:35] null
[2024-03-19 17:22:49.939] [ERROR] [ClientHandler.java:116] (ERROR) entered request is null: 
[2024-03-19 17:22:49.939] [INFO ] [ClientHandler.java:35] {"command":"getPlaylistName"}
[2024-03-19 17:22:49.939] [INFO ] [ServerRequestHandler.java:90] {}
[2024-03-19 17:22:49.940] [INFO ] [ClientHandler.java:35] null
[2024-03-19 17:22:49.940] [ERROR] [ClientHandler.java:116] (ERROR) entered request is null: 
[2024-03-19 17:22:55.120] [INFO ] [ClientHandler.java:35] {"command":"getPlaylistName"}
[2024-03-19 17:22:55.121] [INFO ] [ServerRequestHandler.java:90] {}
[2024-03-19 17:22:55.122] [INFO ] [ClientHandler.java:35] null
[2024-03-19 17:22:55.122] [ERROR] [ClientHandler.java:116] (ERROR) entered request is null: 
[2024-03-19 17:22:55.123] [INFO ] [ClientHandler.java:35] {"message":"test/Imagine.wav","command":"addToPlaylist","username":"raj1234"}
[2024-03-19 17:22:55.124] [INFO ] [MusicLibrary.java:82] Imagine.wav added to test
[2024-03-19 17:22:55.125] [INFO ] [ServerRequestHandler.java:142] {"message":"Music added to playlist test","status":"success"}
[2024-03-19 17:22:55.126] [INFO ] [ClientHandler.java:35] null
[2024-03-19 17:22:55.126] [ERROR] [ClientHandler.java:116] (ERROR) entered request is null: 
[2024-03-19 17:23:05.655] [INFO ] [ClientHandler.java:35] {"command":"library"}
[2024-03-19 17:23:05.656] [INFO ] [ServerRequestHandler.java:42] {"library":["music.wav","mini.wav","Yodha.wav","mangalvar.wav","Imagine.wav","mini2.wav","Perfect.wav","Heading_Home.wav"]}
[2024-03-19 17:23:05.656] [INFO ] [ClientHandler.java:35] null
[2024-03-19 17:23:05.656] [ERROR] [ClientHandler.java:116] (ERROR) entered request is null: 
[2024-03-19 17:23:05.657] [INFO ] [ClientHandler.java:35] {"message":"mini2.wav","command":"audioFile"}
[2024-03-19 17:23:25.584] [INFO ] [ClientHandler.java:35] {"command":"library"}
[2024-03-19 17:23:25.586] [INFO ] [ServerRequestHandler.java:42] {"library":["music.wav","mini.wav","Yodha.wav","mangalvar.wav","Imagine.wav","mini2.wav","Perfect.wav","Heading_Home.wav"]}
[2024-03-19 17:23:25.586] [INFO ] [ClientHandler.java:35] null
[2024-03-19 17:23:25.587] [ERROR] [ClientHandler.java:116] (ERROR) entered request is null: 
[2024-03-19 17:23:25.587] [INFO ] [ClientHandler.java:35] {"message":"Perfect.wav","command":"audioFile"}
[2024-03-19 17:23:36.255] [INFO ] [ClientHandler.java:35] {"command":"getPlaylistName"}
[2024-03-19 17:23:36.256] [INFO ] [ServerRequestHandler.java:90] {}
[2024-03-19 17:23:36.256] [INFO ] [ClientHandler.java:35] null
[2024-03-19 17:23:36.256] [ERROR] [ClientHandler.java:116] (ERROR) entered request is null: 
[2024-03-19 17:23:36.257] [INFO ] [ClientHandler.java:35] {"message":"test/Perfect.wav","command":"addToPlaylist","username":"raj1234"}
[2024-03-19 17:23:36.257] [INFO ] [MusicLibrary.java:82] Perfect.wav added to test
[2024-03-19 17:23:36.257] [INFO ] [ServerRequestHandler.java:142] {"message":"Music added to playlist test","status":"success"}
[2024-03-19 17:23:36.257] [INFO ] [ClientHandler.java:35] null
[2024-03-19 17:23:36.257] [ERROR] [ClientHandler.java:116] (ERROR) entered request is null: 
[2024-03-19 17:23:50.707] [INFO ] [ClientHandler.java:35] {"message":"test","command":"getPlaylist"}
[2024-03-19 17:23:50.708] [INFO ] [ServerRequestHandler.java:101] {}
[2024-03-19 17:23:50.709] [INFO ] [ClientHandler.java:35] null
[2024-03-19 17:23:50.709] [ERROR] [ClientHandler.java:116] (ERROR) entered request is null: 
[2024-03-19 17:23:54.850] [INFO ] [ClientHandler.java:35] {"message":"Imagine.wav","command":"audioFile"}
[2024-03-19 17:24:05.121] [INFO ] [ClientHandler.java:35] {"command":"library"}
[2024-03-19 17:24:05.122] [INFO ] [ServerRequestHandler.java:42] {"library":["music.wav","mini.wav","Yodha.wav","mangalvar.wav","Imagine.wav","mini2.wav","Perfect.wav","Heading_Home.wav"]}
[2024-03-19 17:24:05.122] [INFO ] [ClientHandler.java:35] null
[2024-03-19 17:24:05.122] [ERROR] [ClientHandler.java:116] (ERROR) entered request is null: 
[2024-03-19 17:24:05.122] [INFO ] [ClientHandler.java:35] {"message":"Heading_Home.wav","command":"audioFile"}
[2024-03-19 17:24:09.631] [INFO ] [ClientHandler.java:35] {"command":"getPlaylistName"}
[2024-03-19 17:24:09.633] [INFO ] [ServerRequestHandler.java:90] {}
[2024-03-19 17:24:09.634] [INFO ] [ClientHandler.java:35] null
[2024-03-19 17:24:09.635] [ERROR] [ClientHandler.java:116] (ERROR) entered request is null: 
[2024-03-19 17:24:09.636] [INFO ] [ClientHandler.java:35] {"message":"test/Heading_Home.wav","command":"addToPlaylist","username":"raj1234"}
[2024-03-19 17:24:09.636] [INFO ] [MusicLibrary.java:82] Heading_Home.wav added to test
[2024-03-19 17:24:09.637] [INFO ] [ServerRequestHandler.java:142] {"message":"Music added to playlist test","status":"success"}
[2024-03-19 17:24:09.639] [INFO ] [ClientHandler.java:35] null
[2024-03-19 17:24:09.640] [ERROR] [ClientHandler.java:116] (ERROR) entered request is null: 
[2024-03-19 17:24:20.207] [INFO ] [ClientHandler.java:35] {"password":"deval123","command":"register","username":"deval123"}
[2024-03-19 17:24:20.208] [INFO ] [MusicLibrary.java:146] deval123 registered to application
[2024-03-19 17:24:20.209] [INFO ] [ServerRequestHandler.java:181] {"message":"user added Successfully","status":"success"}
[2024-03-19 17:24:20.213] [INFO ] [ClientHandler.java:35] null
[2024-03-19 17:24:20.214] [ERROR] [ClientHandler.java:116] (ERROR) entered request is null: 
[2024-03-19 17:24:27.886] [INFO ] [ClientHandler.java:35] {"password":"deval123","command":"login","username":"deval123"}
[2024-03-19 17:24:27.886] [INFO ] [MusicLibrary.java:156] deval123 logged into application
[2024-03-19 17:24:27.887] [INFO ] [ServerRequestHandler.java:202] {"message":"login Successfully","status":"success"}
[2024-03-19 17:24:27.887] [INFO ] [ClientHandler.java:35] null
[2024-03-19 17:24:27.887] [ERROR] [ClientHandler.java:116] (ERROR) entered request is null: 
[2024-03-19 17:24:29.887] [INFO ] [ClientHandler.java:35] {"command":"getPlaylistName"}
[2024-03-19 17:24:29.889] [INFO ] [ServerRequestHandler.java:90] {}
[2024-03-19 17:24:29.891] [INFO ] [ClientHandler.java:35] null
[2024-03-19 17:24:29.892] [ERROR] [ClientHandler.java:116] (ERROR) entered request is null: 
[2024-03-19 17:24:35.486] [INFO ] [ClientHandler.java:35] {"message":"test","command":"getPlaylist"}
[2024-03-19 17:24:35.487] [INFO ] [ServerRequestHandler.java:101] {}
[2024-03-19 17:24:35.489] [INFO ] [ClientHandler.java:35] null
[2024-03-19 17:24:35.490] [ERROR] [ClientHandler.java:116] (ERROR) entered request is null: 
[2024-03-19 17:24:40.615] [INFO ] [ClientHandler.java:35] {"message":"Imagine.wav","command":"audioFile"}
[2024-03-19 17:24:50.415] [INFO ] [ClientHandler.java:35] null
[2024-03-19 17:24:50.415] [INFO ] [ClientHandler.java:35] null
[2024-03-19 17:24:50.415] [INFO ] [ClientHandler.java:35] null
[2024-03-19 17:24:50.415] [INFO ] [ClientHandler.java:35] null
[2024-03-19 17:24:50.416] [ERROR] [ClientHandler.java:116] (ERROR) entered request is null: 
[2024-03-19 17:24:50.416] [ERROR] [ClientHandler.java:116] (ERROR) entered request is null: 
[2024-03-19 17:24:50.416] [ERROR] [ClientHandler.java:116] (ERROR) entered request is null: 
[2024-03-19 17:24:50.416] [INFO ] [ClientHandler.java:35] {"command":"library"}
[2024-03-19 17:24:50.416] [ERROR] [ClientHandler.java:116] (ERROR) entered request is null: 
[2024-03-19 17:24:50.416] [INFO ] [ServerRequestHandler.java:42] {"library":["music.wav","mini.wav","Yodha.wav","mangalvar.wav","Imagine.wav","mini2.wav","Perfect.wav","Heading_Home.wav"]}
[2024-03-19 17:24:50.416] [INFO ] [ClientHandler.java:35] null
[2024-03-19 17:24:50.416] [ERROR] [ClientHandler.java:116] (ERROR) entered request is null: 
[2024-03-19 17:25:01.050] [INFO ] [ClientHandler.java:35] {"command":"getPlaylistName"}
[2024-03-19 17:25:01.051] [INFO ] [ServerRequestHandler.java:90] {}
[2024-03-19 17:25:01.051] [INFO ] [ClientHandler.java:35] null
[2024-03-19 17:25:01.051] [ERROR] [ClientHandler.java:116] (ERROR) entered request is null: 
[2024-03-19 17:25:31.358] [INFO ] [ClientHandler.java:35] null
[2024-03-19 17:25:31.358] [ERROR] [ClientHandler.java:116] (ERROR) entered request is null: 
[2024-03-19 17:25:31.358] [INFO ] [ClientHandler.java:35] {"message":"test","command":"getPlaylist"}
[2024-03-19 17:25:31.359] [INFO ] [ServerRequestHandler.java:101] {}
[2024-03-19 17:25:31.359] [INFO ] [ClientHandler.java:35] null
[2024-03-19 17:25:31.359] [ERROR] [ClientHandler.java:116] (ERROR) entered request is null: 
[2024-03-19 17:25:38.123] [INFO ] [ClientHandler.java:35] null
[2024-03-19 17:25:38.123] [ERROR] [ClientHandler.java:116] (ERROR) entered request is null: 
[2024-03-19 17:25:38.124] [INFO ] [ClientHandler.java:35] {"message":"test","command":"getPlaylist"}
[2024-03-19 17:25:38.124] [INFO ] [ServerRequestHandler.java:101] {}
[2024-03-19 17:25:38.124] [INFO ] [ClientHandler.java:35] null
[2024-03-19 17:25:38.124] [ERROR] [ClientHandler.java:116] (ERROR) entered request is null: 
[2024-03-19 17:25:44.977] [INFO ] [ClientHandler.java:35] {"message":"test/Imagine.wav","command":"removeFromPlaylist","username":"deval123"}
[2024-03-19 17:25:44.978] [INFO ] [ServerRequestHandler.java:142] {"message":"You are not the owner of test","status":"fail"}
[2024-03-19 17:25:44.980] [INFO ] [ClientHandler.java:35] null
[2024-03-19 17:25:44.981] [ERROR] [ClientHandler.java:116] (ERROR) entered request is null: 
[2024-03-19 17:25:44.981] [INFO ] [ClientHandler.java:35] {"message":"test","command":"getPlaylist"}
[2024-03-19 17:25:44.981] [INFO ] [ServerRequestHandler.java:101] {}
[2024-03-19 17:25:44.982] [INFO ] [ClientHandler.java:35] null
[2024-03-19 17:25:44.982] [ERROR] [ClientHandler.java:116] (ERROR) entered request is null: 
[2024-03-19 17:25:51.676] [INFO ] [ClientHandler.java:35] {"message":"test/Imagine.wav","command":"removeFromPlaylist","username":"raj1234"}
[2024-03-19 17:25:51.678] [INFO ] [MusicLibrary.java:96] Imagine.wav removed from test
[2024-03-19 17:25:51.678] [INFO ] [MusicLibrary.java:96] Imagine.wav removed from test
[2024-03-19 17:25:51.679] [INFO ] [ServerRequestHandler.java:142] {"message":"Music removed to playlist test","status":"success"}
[2024-03-19 17:25:51.681] [INFO ] [ClientHandler.java:35] null
[2024-03-19 17:25:51.682] [ERROR] [ClientHandler.java:116] (ERROR) entered request is null: 
[2024-03-19 17:25:51.682] [INFO ] [ClientHandler.java:35] {"message":"test","command":"getPlaylist"}
[2024-03-19 17:25:51.684] [INFO ] [ServerRequestHandler.java:101] {}
[2024-03-19 17:25:51.685] [INFO ] [ClientHandler.java:35] null
[2024-03-19 17:25:51.686] [ERROR] [ClientHandler.java:116] (ERROR) entered request is null: 
[2024-03-19 17:26:06.525] [INFO ] [ClientHandler.java:35] {"message":"Perfect.wav","command":"audioFile"}
[2024-03-19 17:26:15.178] [INFO ] [ClientHandler.java:35] {"command":"getPlaylistName"}
[2024-03-19 17:26:15.178] [INFO ] [ServerRequestHandler.java:90] {}
[2024-03-19 17:26:15.179] [INFO ] [ClientHandler.java:35] null
[2024-03-19 17:26:15.179] [ERROR] [ClientHandler.java:116] (ERROR) entered request is null: 
[2024-03-19 17:26:18.168] [INFO ] [ClientHandler.java:35] {"command":"getPlaylistName"}
[2024-03-19 17:26:18.170] [INFO ] [ServerRequestHandler.java:90] {}
[2024-03-19 17:26:18.171] [INFO ] [ClientHandler.java:35] null
[2024-03-19 17:26:18.172] [ERROR] [ClientHandler.java:116] (ERROR) entered request is null: 
[2024-03-19 17:26:18.172] [INFO ] [ClientHandler.java:35] {"message":"test","command":"removePlaylist","username":"raj1234"}
[2024-03-19 17:26:18.174] [INFO ] [MusicLibrary.java:115] raj1234 deleted playlist test
[2024-03-19 17:26:18.175] [INFO ] [ServerRequestHandler.java:162] {"message":"Successfully deleted playlist test","status":"success"}
[2024-03-19 17:26:18.176] [INFO ] [ClientHandler.java:35] null
[2024-03-19 17:26:18.177] [ERROR] [ClientHandler.java:116] (ERROR) entered request is null: 
[2024-03-19 17:26:18.177] [INFO ] [ClientHandler.java:35] {"command":"getPlaylistName"}
[2024-03-19 17:26:18.179] [INFO ] [ServerRequestHandler.java:90] {}
[2024-03-19 17:26:18.180] [INFO ] [ClientHandler.java:35] null
[2024-03-19 17:26:18.181] [ERROR] [ClientHandler.java:116] (ERROR) entered request is null: 
[2024-03-19 17:26:28.721] [INFO ] [ClientHandler.java:35] {"message":"test","command":"getPlaylist"}
[2024-03-19 17:26:28.721] [ERROR] [ClientHandler.java:116] (ERROR) entered request is null: 
[2024-03-19 17:26:28.722] [INFO ] [ClientHandler.java:35] null
[2024-03-19 17:26:28.722] [ERROR] [ClientHandler.java:116] (ERROR) entered request is null: 
[2024-03-19 17:26:28.722] [INFO ] [ClientHandler.java:35] {"message":"test","command":"getPlaylist"}
[2024-03-19 17:26:28.722] [ERROR] [ClientHandler.java:116] (ERROR) entered request is null: 
[2024-03-19 17:26:28.723] [INFO ] [ClientHandler.java:35] {"command":"getPlaylistName"}
[2024-03-19 17:26:28.723] [INFO ] [ServerRequestHandler.java:90] {}
[2024-03-19 17:26:28.723] [INFO ] [ClientHandler.java:35] null
[2024-03-19 17:26:28.724] [ERROR] [ClientHandler.java:116] (ERROR) entered request is null: 
[2024-03-19 17:26:46.163] [INFO ] [ClientHandler.java:35] {"message":"Heading_Home.wav","command":"audioFile"}
[2024-03-19 17:27:27.789] [INFO ] [ClientHandler.java:35] {"message":"test","command":"getPlaylist"}
[2024-03-19 17:27:27.790] [ERROR] [ClientHandler.java:116] (ERROR) entered request is null: 
[2024-03-19 17:27:27.790] [INFO ] [ClientHandler.java:35] null
[2024-03-19 17:27:27.790] [ERROR] [ClientHandler.java:116] (ERROR) entered request is null: 
[2024-03-19 17:27:27.790] [INFO ] [ClientHandler.java:35] {"message":"test","command":"getPlaylist"}
[2024-03-19 17:27:27.790] [ERROR] [ClientHandler.java:116] (ERROR) entered request is null: 
[2024-03-19 17:27:27.791] [INFO ] [ClientHandler.java:35] {"command":"getPlaylistName"}
[2024-03-19 17:27:27.791] [INFO ] [ServerRequestHandler.java:90] {}
[2024-03-19 17:27:27.792] [INFO ] [ClientHandler.java:35] null
[2024-03-19 17:27:27.792] [ERROR] [ClientHandler.java:116] (ERROR) entered request is null: 
[2024-03-19 17:27:59.659] [INFO ] [ClientHandler.java:35] {"command":"library"}
[2024-03-19 17:27:59.660] [INFO ] [ServerRequestHandler.java:42] {"library":["music.wav","mini.wav","Yodha.wav","mangalvar.wav","Imagine.wav","mini2.wav","Perfect.wav","Heading_Home.wav"]}
[2024-03-19 17:27:59.661] [INFO ] [ClientHandler.java:35] null
[2024-03-19 17:27:59.662] [ERROR] [ClientHandler.java:116] (ERROR) entered request is null: 
[2024-03-19 17:28:08.121] [INFO ] [ClientHandler.java:35] {"message":"Imagine.wav","command":"audioFile"}
[2024-03-19 17:29:18.875] [INFO ] [ClientHandler.java:35] {"message":"Imagine.wav","command":"downloadAudio"}
[2024-03-19 17:29:18.966] [ERROR] [ClientHandler.java:112] An IOException occurred. Please check your input or connection.Socket closed
[2024-03-19 17:29:34.372] [INFO ] [ClientHandler.java:35] {"message":"Imagine.wav","command":"downloadAudio"}
[2024-03-19 17:29:34.428] [ERROR] [ClientHandler.java:112] An IOException occurred. Please check your input or connection.Socket closed
[2024-03-19 17:29:58.185] [INFO ] [ClientHandler.java:35] {"command":"getPlaylistName"}
[2024-03-19 17:29:58.185] [INFO ] [ServerRequestHandler.java:90] {}
[2024-03-19 17:29:58.185] [INFO ] [ClientHandler.java:35] null
[2024-03-19 17:29:58.186] [ERROR] [ClientHandler.java:116] (ERROR) entered request is null: 
[2024-03-19 17:30:04.005] [INFO ] [ClientHandler.java:35] {"command":"getPlaylistName"}
[2024-03-19 17:30:04.005] [INFO ] [ServerRequestHandler.java:90] {}
[2024-03-19 17:30:04.005] [INFO ] [ClientHandler.java:35] null
[2024-03-19 17:30:04.006] [ERROR] [ClientHandler.java:116] (ERROR) entered request is null: 
[2024-03-19 17:30:34.608] [INFO ] [ClientHandler.java:35] {"message":"teset","command":"createPlaylist","username":"raj1234"}
[2024-03-19 17:30:34.609] [INFO ] [MusicLibrary.java:50] playlist created teset
[2024-03-19 17:30:34.610] [INFO ] [ServerRequestHandler.java:75] {"message":"Playlist created successfully","status":"success"}
[2024-03-19 17:30:34.612] [INFO ] [ClientHandler.java:35] null
[2024-03-19 17:30:34.613] [ERROR] [ClientHandler.java:116] (ERROR) entered request is null: 
[2024-03-19 17:30:34.613] [INFO ] [ClientHandler.java:35] {"command":"getPlaylistName"}
[2024-03-19 17:30:34.614] [INFO ] [ServerRequestHandler.java:90] {}
[2024-03-19 17:30:34.615] [INFO ] [ClientHandler.java:35] null
[2024-03-19 17:30:34.615] [ERROR] [ClientHandler.java:116] (ERROR) entered request is null: 
[2024-03-19 17:30:39.080] [INFO ] [ClientHandler.java:35] {"command":"getPlaylistName"}
[2024-03-19 17:30:39.081] [INFO ] [ServerRequestHandler.java:90] {}
[2024-03-19 17:30:39.081] [INFO ] [ClientHandler.java:35] null
[2024-03-19 17:30:39.081] [ERROR] [ClientHandler.java:116] (ERROR) entered request is null: 
[2024-03-19 17:30:47.120] [INFO ] [ClientHandler.java:35] {"command":"getPlaylistName"}
[2024-03-19 17:30:47.120] [INFO ] [ServerRequestHandler.java:90] {}
[2024-03-19 17:30:47.120] [INFO ] [ClientHandler.java:35] null
[2024-03-19 17:30:47.120] [ERROR] [ClientHandler.java:116] (ERROR) entered request is null: 
[2024-03-19 17:30:57.449] [INFO ] [ClientHandler.java:35] {"message":"test","command":"createPlaylist","username":"raj1234"}
[2024-03-19 17:30:57.449] [INFO ] [MusicLibrary.java:50] playlist created test
[2024-03-19 17:30:57.449] [INFO ] [ServerRequestHandler.java:75] {"message":"Playlist created successfully","status":"success"}
[2024-03-19 17:30:57.450] [INFO ] [ClientHandler.java:35] null
[2024-03-19 17:30:57.450] [ERROR] [ClientHandler.java:116] (ERROR) entered request is null: 
[2024-03-19 17:30:57.450] [INFO ] [ClientHandler.java:35] {"command":"getPlaylistName"}
[2024-03-19 17:30:57.451] [INFO ] [ServerRequestHandler.java:90] {}
[2024-03-19 17:30:57.451] [INFO ] [ClientHandler.java:35] null
[2024-03-19 17:30:57.452] [ERROR] [ClientHandler.java:116] (ERROR) entered request is null: 
[2024-03-19 17:31:05.191] [INFO ] [ClientHandler.java:35] {"command":"getPlaylistName"}
[2024-03-19 17:31:05.191] [INFO ] [ServerRequestHandler.java:90] {}
[2024-03-19 17:31:05.192] [INFO ] [ClientHandler.java:35] null
[2024-03-19 17:31:05.192] [ERROR] [ClientHandler.java:116] (ERROR) entered request is null: 
[2024-03-19 17:31:05.193] [INFO ] [ClientHandler.java:35] {"message":"test/Imagine.wav","command":"addToPlaylist","username":"raj1234"}
[2024-03-19 17:31:05.193] [INFO ] [MusicLibrary.java:82] Imagine.wav added to test
[2024-03-19 17:31:05.193] [INFO ] [ServerRequestHandler.java:142] {"message":"Music added to playlist test","status":"success"}
[2024-03-19 17:31:05.194] [INFO ] [ClientHandler.java:35] null
[2024-03-19 17:31:05.194] [ERROR] [ClientHandler.java:116] (ERROR) entered request is null: 
[2024-03-19 17:31:15.958] [INFO ] [ClientHandler.java:35] {"message":"test","command":"createPlaylist","username":"deval123"}
[2024-03-19 17:31:15.959] [INFO ] [MusicLibrary.java:50] playlist created test
[2024-03-19 17:31:15.960] [INFO ] [ServerRequestHandler.java:75] {"message":"Playlist created successfully","status":"success"}
[2024-03-19 17:31:15.961] [INFO ] [ClientHandler.java:35] null
[2024-03-19 17:31:15.962] [ERROR] [ClientHandler.java:116] (ERROR) entered request is null: 
[2024-03-19 17:31:15.963] [INFO ] [ClientHandler.java:35] {"command":"getPlaylistName"}
[2024-03-19 17:31:15.964] [INFO ] [ServerRequestHandler.java:90] {}
[2024-03-19 17:31:15.965] [INFO ] [ClientHandler.java:35] null
[2024-03-19 17:31:15.966] [ERROR] [ClientHandler.java:116] (ERROR) entered request is null: 
[2024-03-19 17:31:22.518] [INFO ] [ClientHandler.java:35] {"command":"getPlaylistName"}
[2024-03-19 17:31:22.518] [INFO ] [ServerRequestHandler.java:90] {}
[2024-03-19 17:31:22.519] [INFO ] [ClientHandler.java:35] null
[2024-03-19 17:31:22.519] [ERROR] [ClientHandler.java:116] (ERROR) entered request is null: 
[2024-03-19 17:31:27.058] [INFO ] [ClientHandler.java:35] {"command":"getPlaylistName"}
[2024-03-19 17:31:27.059] [INFO ] [ServerRequestHandler.java:90] {}
[2024-03-19 17:31:27.059] [INFO ] [ClientHandler.java:35] null
[2024-03-19 17:31:27.059] [ERROR] [ClientHandler.java:116] (ERROR) entered request is null: 
[2024-03-19 17:31:33.794] [INFO ] [ClientHandler.java:35] null
[2024-03-19 17:31:33.795] [ERROR] [ClientHandler.java:116] (ERROR) entered request is null: 
[2024-03-19 17:31:33.795] [INFO ] [ClientHandler.java:35] {"command":"library"}
[2024-03-19 17:31:33.797] [INFO ] [ServerRequestHandler.java:42] {"library":["music.wav","mini.wav","Yodha.wav","mangalvar.wav","Imagine.wav","mini2.wav","Perfect.wav","Heading_Home.wav"]}
[2024-03-19 17:31:33.797] [INFO ] [ClientHandler.java:35] null
[2024-03-19 17:31:33.798] [ERROR] [ClientHandler.java:116] (ERROR) entered request is null: 
[2024-03-19 17:31:36.862] [INFO ] [ClientHandler.java:35] {"command":"getPlaylistName"}
[2024-03-19 17:31:36.863] [INFO ] [ServerRequestHandler.java:90] {}
[2024-03-19 17:31:36.864] [INFO ] [ClientHandler.java:35] null
[2024-03-19 17:31:36.865] [ERROR] [ClientHandler.java:116] (ERROR) entered request is null: 
[2024-03-19 17:31:38.537] [INFO ] [ClientHandler.java:35] {"command":"getPlaylistName"}
[2024-03-19 17:31:38.538] [INFO ] [ServerRequestHandler.java:90] {}
[2024-03-19 17:31:38.540] [INFO ] [ClientHandler.java:35] null
[2024-03-19 17:31:38.540] [ERROR] [ClientHandler.java:116] (ERROR) entered request is null: 
[2024-03-19 17:31:48.989] [INFO ] [ClientHandler.java:35] {"command":"getPlaylistName"}
[2024-03-19 17:31:48.990] [INFO ] [ServerRequestHandler.java:90] {}
[2024-03-19 17:31:48.991] [INFO ] [ClientHandler.java:35] null
[2024-03-19 17:31:48.992] [ERROR] [ClientHandler.java:116] (ERROR) entered request is null: 
[2024-03-19 17:31:54.702] [INFO ] [ClientHandler.java:35] {"message":"test","command":"getPlaylist"}
[2024-03-19 17:31:54.703] [INFO ] [ServerRequestHandler.java:101] {}
[2024-03-19 17:31:54.704] [INFO ] [ClientHandler.java:35] null
[2024-03-19 17:31:54.705] [ERROR] [ClientHandler.java:116] (ERROR) entered request is null: 
[2024-03-19 17:32:01.862] [INFO ] [ClientHandler.java:35] {"message":"test","command":"getPlaylist"}
[2024-03-19 17:32:01.863] [INFO ] [ServerRequestHandler.java:101] {}
[2024-03-19 17:32:01.868] [INFO ] [ClientHandler.java:35] null
[2024-03-19 17:32:01.869] [ERROR] [ClientHandler.java:116] (ERROR) entered request is null: 
[2024-03-19 17:34:40.440] [INFO ] [ClientHandler.java:35] {"command":"getPlaylistName"}
[2024-03-19 17:34:40.441] [INFO ] [ServerRequestHandler.java:90] {}
[2024-03-19 17:34:40.442] [INFO ] [ClientHandler.java:35] null
[2024-03-19 17:34:40.443] [ERROR] [ClientHandler.java:116] (ERROR) entered request is null: 
[2024-03-19 17:34:53.068] [INFO ] [ClientHandler.java:35] {"message":"test/Imagine.wav","command":"removeFromPlaylist","username":"deval123"}
[2024-03-19 17:34:53.069] [INFO ] [MusicLibrary.java:96] Imagine.wav removed from test
[2024-03-19 17:34:53.069] [INFO ] [MusicLibrary.java:96] Imagine.wav removed from test
[2024-03-19 17:34:53.070] [INFO ] [ServerRequestHandler.java:142] {"message":"Music removed to playlist test","status":"success"}
[2024-03-19 17:34:53.071] [INFO ] [ClientHandler.java:35] null
[2024-03-19 17:34:53.072] [ERROR] [ClientHandler.java:116] (ERROR) entered request is null: 
[2024-03-19 17:34:53.072] [INFO ] [ClientHandler.java:35] {"message":"test","command":"getPlaylist"}
[2024-03-19 17:34:53.073] [INFO ] [ServerRequestHandler.java:101] {}
[2024-03-19 17:34:53.075] [INFO ] [ClientHandler.java:35] null
[2024-03-19 17:34:53.075] [ERROR] [ClientHandler.java:116] (ERROR) entered request is null: 
[2024-03-19 17:35:47.282] [INFO ] [ClientHandler.java:35] {"command":"getPlaylistName"}
[2024-03-19 17:35:47.283] [INFO ] [ServerRequestHandler.java:90] {}
[2024-03-19 17:35:47.284] [INFO ] [ClientHandler.java:35] null
[2024-03-19 17:35:47.285] [ERROR] [ClientHandler.java:116] (ERROR) entered request is null: 
[2024-03-19 17:35:51.602] [INFO ] [ClientHandler.java:35] {"message":"test","command":"getPlaylist"}
[2024-03-19 17:35:51.604] [INFO ] [ServerRequestHandler.java:101] {}
[2024-03-19 17:35:51.605] [INFO ] [ClientHandler.java:35] null
[2024-03-19 17:35:51.606] [ERROR] [ClientHandler.java:116] (ERROR) entered request is null: 
[2024-03-19 17:37:13.537] [INFO ] [ClientHandler.java:35] {"command":"getPlaylistName"}
[2024-03-19 17:37:13.538] [INFO ] [ServerRequestHandler.java:90] {}
[2024-03-19 17:37:13.539] [INFO ] [ClientHandler.java:35] null
[2024-03-19 17:37:13.540] [ERROR] [ClientHandler.java:116] (ERROR) entered request is null: 
[2024-03-19 17:37:30.836] [INFO ] [ClientHandler.java:35] {"message":"Imagine.wav","command":"audioFile"}
[2024-03-19 17:37:35.173] [INFO ] [ClientHandler.java:35] null
[2024-03-19 17:37:35.174] [INFO ] [ClientHandler.java:35] {"message":"test","command":"getPlaylist"}
[2024-03-19 17:37:35.174] [ERROR] [ClientHandler.java:116] (ERROR) entered request is null: 
[2024-03-19 17:37:35.174] [INFO ] [ServerRequestHandler.java:101] {}
[2024-03-19 17:37:35.174] [INFO ] [ClientHandler.java:35] null
[2024-03-19 17:37:35.174] [ERROR] [ClientHandler.java:116] (ERROR) entered request is null: 
[2024-03-19 17:37:38.816] [INFO ] [ClientHandler.java:35] {"message":"test/Imagine.wav","command":"removeFromPlaylist","username":"raj1234"}
[2024-03-19 17:37:38.816] [INFO ] [MusicLibrary.java:96] Imagine.wav removed from test
[2024-03-19 17:37:38.817] [INFO ] [MusicLibrary.java:96] Imagine.wav removed from test
[2024-03-19 17:37:38.817] [INFO ] [ServerRequestHandler.java:142] {"message":"Music removed to playlist test","status":"success"}
[2024-03-19 17:37:38.818] [INFO ] [ClientHandler.java:35] null
[2024-03-19 17:37:38.819] [ERROR] [ClientHandler.java:116] (ERROR) entered request is null: 
[2024-03-19 17:37:38.820] [INFO ] [ClientHandler.java:35] {"message":"test","command":"getPlaylist"}
[2024-03-19 17:37:38.820] [INFO ] [ServerRequestHandler.java:101] {}
[2024-03-19 17:37:38.822] [INFO ] [ClientHandler.java:35] null
[2024-03-19 17:37:38.823] [ERROR] [ClientHandler.java:116] (ERROR) entered request is null: 
[2024-03-19 17:37:38.823] [INFO ] [ClientHandler.java:35] {"command":"getPlaylistName"}
[2024-03-19 17:37:38.824] [INFO ] [ServerRequestHandler.java:90] {}
[2024-03-19 17:37:38.825] [INFO ] [ClientHandler.java:35] null
[2024-03-19 17:37:38.826] [ERROR] [ClientHandler.java:116] (ERROR) entered request is null: 
[2024-03-19 17:37:42.312] [INFO ] [ClientHandler.java:35] {"command":"getPlaylistName"}
[2024-03-19 17:37:42.313] [INFO ] [ServerRequestHandler.java:90] {}
[2024-03-19 17:37:42.314] [INFO ] [ClientHandler.java:35] null
[2024-03-19 17:37:42.315] [ERROR] [ClientHandler.java:116] (ERROR) entered request is null: 
[2024-03-19 17:37:44.054] [INFO ] [ClientHandler.java:35] {"command":"getPlaylistName"}
[2024-03-19 17:37:44.056] [INFO ] [ServerRequestHandler.java:90] {}
[2024-03-19 17:37:44.057] [INFO ] [ClientHandler.java:35] null
[2024-03-19 17:37:44.058] [ERROR] [ClientHandler.java:116] (ERROR) entered request is null: 
[2024-03-19 17:37:48.721] [INFO ] [ClientHandler.java:35] {"message":"test","command":"getPlaylist"}
[2024-03-19 17:37:48.722] [INFO ] [ServerRequestHandler.java:101] {}
[2024-03-19 17:37:48.723] [INFO ] [ClientHandler.java:35] null
[2024-03-19 17:37:48.723] [ERROR] [ClientHandler.java:116] (ERROR) entered request is null: 
[2024-03-19 17:37:48.724] [INFO ] [ClientHandler.java:35] {"command":"getPlaylistName"}
[2024-03-19 17:37:48.724] [INFO ] [ServerRequestHandler.java:90] {}
[2024-03-19 17:37:48.724] [INFO ] [ClientHandler.java:35] null
[2024-03-19 17:37:48.724] [ERROR] [ClientHandler.java:116] (ERROR) entered request is null: 
[2024-03-19 17:37:52.738] [INFO ] [ClientHandler.java:35] {"message":"test","command":"getPlaylist"}
[2024-03-19 17:37:52.738] [INFO ] [ServerRequestHandler.java:101] {}
[2024-03-19 17:37:52.738] [INFO ] [ClientHandler.java:35] null
[2024-03-19 17:37:52.739] [ERROR] [ClientHandler.java:116] (ERROR) entered request is null: 
[2024-03-19 17:37:52.739] [INFO ] [ClientHandler.java:35] {"command":"getPlaylistName"}
[2024-03-19 17:37:52.740] [INFO ] [ServerRequestHandler.java:90] {}
[2024-03-19 17:37:52.740] [INFO ] [ClientHandler.java:35] null
[2024-03-19 17:37:52.740] [ERROR] [ClientHandler.java:116] (ERROR) entered request is null: 
[2024-03-19 17:37:58.052] [INFO ] [ClientHandler.java:35] {"command":"library"}
[2024-03-19 17:37:58.053] [INFO ] [ServerRequestHandler.java:42] {"library":["music.wav","mini.wav","Yodha.wav","mangalvar.wav","Imagine.wav","mini2.wav","Perfect.wav","Heading_Home.wav"]}
[2024-03-19 17:37:58.054] [INFO ] [ClientHandler.java:35] null
[2024-03-19 17:37:58.055] [ERROR] [ClientHandler.java:116] (ERROR) entered request is null: 
[2024-03-19 17:38:06.149] [INFO ] [ClientHandler.java:35] {"message":"Yodha.wav","command":"audioFile"}
[2024-03-19 17:38:10.882] [INFO ] [ClientHandler.java:35] {"command":"getPlaylistName"}
[2024-03-19 17:38:10.884] [INFO ] [ServerRequestHandler.java:90] {}
[2024-03-19 17:38:10.885] [INFO ] [ClientHandler.java:35] null
[2024-03-19 17:38:10.886] [ERROR] [ClientHandler.java:116] (ERROR) entered request is null: 
[2024-03-19 17:38:10.887] [INFO ] [ClientHandler.java:35] {"message":"test/Yodha.wav","command":"addToPlaylist","username":"raj1234"}
[2024-03-19 17:38:10.887] [INFO ] [MusicLibrary.java:82] Yodha.wav added to test
[2024-03-19 17:38:10.888] [INFO ] [ServerRequestHandler.java:142] {"message":"Music added to playlist test","status":"success"}
[2024-03-19 17:38:10.889] [INFO ] [ClientHandler.java:35] null
[2024-03-19 17:38:10.890] [ERROR] [ClientHandler.java:116] (ERROR) entered request is null: 
[2024-03-19 17:38:12.282] [INFO ] [ClientHandler.java:35] null
[2024-03-19 17:38:12.283] [ERROR] [ClientHandler.java:116] (ERROR) entered request is null: 
[2024-03-19 17:38:12.283] [INFO ] [ClientHandler.java:35] {"command":"library"}
[2024-03-19 17:38:12.289] [INFO ] [ServerRequestHandler.java:42] {"library":["music.wav","mini.wav","Yodha.wav","mangalvar.wav","Imagine.wav","mini2.wav","Perfect.wav","Heading_Home.wav"]}
[2024-03-19 17:38:12.290] [INFO ] [ClientHandler.java:35] null
[2024-03-19 17:38:12.291] [ERROR] [ClientHandler.java:116] (ERROR) entered request is null: 
[2024-03-19 17:38:18.944] [INFO ] [ClientHandler.java:35] {"message":"test","command":"getPlaylist"}
[2024-03-19 17:38:18.945] [INFO ] [ServerRequestHandler.java:101] {}
[2024-03-19 17:38:18.946] [INFO ] [ClientHandler.java:35] null
[2024-03-19 17:38:18.947] [ERROR] [ClientHandler.java:116] (ERROR) entered request is null: 
[2024-03-19 17:38:20.905] [INFO ] [ClientHandler.java:35] {"command":"getPlaylistName"}
[2024-03-19 17:38:20.907] [INFO ] [ServerRequestHandler.java:90] {}
[2024-03-19 17:38:20.908] [INFO ] [ClientHandler.java:35] null
[2024-03-19 17:38:20.909] [ERROR] [ClientHandler.java:116] (ERROR) entered request is null: 
[2024-03-19 17:38:30.988] [INFO ] [ClientHandler.java:35] {"command":"library"}
[2024-03-19 17:38:30.989] [INFO ] [ServerRequestHandler.java:42] {"library":["music.wav","mini.wav","Yodha.wav","mangalvar.wav","Imagine.wav","mini2.wav","Perfect.wav","Heading_Home.wav"]}
[2024-03-19 17:38:30.990] [INFO ] [ClientHandler.java:35] null
[2024-03-19 17:38:30.990] [ERROR] [ClientHandler.java:116] (ERROR) entered request is null: 
[2024-03-19 17:40:07.119] [INFO ] [ClientHandler.java:35] {"command":"library"}
[2024-03-19 17:40:07.120] [INFO ] [ServerRequestHandler.java:42] {"library":["music.wav","mini.wav","Yodha.wav","mangalvar.wav","Imagine.wav","mini2.wav","Perfect.wav","Heading_Home.wav"]}
[2024-03-19 17:40:07.121] [INFO ] [ClientHandler.java:35] null
[2024-03-19 17:40:07.121] [ERROR] [ClientHandler.java:116] (ERROR) entered request is null: 
[2024-03-19 17:40:18.553] [INFO ] [ClientHandler.java:35] {"command":"library"}
[2024-03-19 17:40:18.554] [INFO ] [ServerRequestHandler.java:42] {"library":["music.wav","mini.wav","Yodha.wav","mangalvar.wav","Imagine.wav","mini2.wav","Perfect.wav","Heading_Home.wav"]}
[2024-03-19 17:40:18.554] [INFO ] [ClientHandler.java:35] null
[2024-03-19 17:40:18.555] [ERROR] [ClientHandler.java:116] (ERROR) entered request is null: 
[2024-03-19 17:40:26.051] [INFO ] [ClientHandler.java:35] {"command":"library"}
[2024-03-19 17:40:26.052] [INFO ] [ServerRequestHandler.java:42] {"library":["music.wav","mini.wav","Yodha.wav","mangalvar.wav","Imagine.wav","mini2.wav","Perfect.wav","Heading_Home.wav"]}
[2024-03-19 17:40:26.053] [INFO ] [ClientHandler.java:35] null
[2024-03-19 17:40:26.053] [ERROR] [ClientHandler.java:116] (ERROR) entered request is null: 
[2024-03-19 17:40:37.774] [INFO ] [ClientHandler.java:35] {"command":"library"}
[2024-03-19 17:40:37.775] [INFO ] [ServerRequestHandler.java:42] {"library":["music.wav","mini.wav","Yodha.wav","mangalvar.wav","Imagine.wav","mini2.wav","Perfect.wav","Heading_Home.wav"]}
[2024-03-19 17:40:37.776] [INFO ] [ClientHandler.java:35] null
[2024-03-19 17:40:37.776] [ERROR] [ClientHandler.java:116] (ERROR) entered request is null: 
[2024-03-19 17:40:49.359] [INFO ] [ClientHandler.java:35] {"command":"library"}
[2024-03-19 17:40:49.360] [INFO ] [ServerRequestHandler.java:42] {"library":["music.wav","mini.wav","Yodha.wav","mangalvar.wav","Imagine.wav","mini2.wav","Perfect.wav","Heading_Home.wav"]}
[2024-03-19 17:40:49.361] [INFO ] [ClientHandler.java:35] null
[2024-03-19 17:40:49.361] [ERROR] [ClientHandler.java:116] (ERROR) entered request is null: 
[2024-03-19 17:41:21.981] [INFO ] [ClientHandler.java:35] exit
[2024-03-19 17:41:22.737] [INFO ] [ClientHandler.java:35] null
[2024-03-19 17:41:22.737] [INFO ] [ClientHandler.java:35] null
[2024-03-19 17:41:22.737] [INFO ] [ClientHandler.java:35] null
[2024-03-19 17:41:22.737] [INFO ] [ClientHandler.java:35] null
[2024-03-19 17:41:22.737] [INFO ] [ClientHandler.java:35] null
[2024-03-19 17:41:22.737] [INFO ] [ClientHandler.java:35] null
[2024-03-19 17:41:22.737] [ERROR] [ClientHandler.java:116] (ERROR) entered request is null: 
[2024-03-19 17:41:22.737] [ERROR] [ClientHandler.java:116] (ERROR) entered request is null: 
[2024-03-19 17:41:22.737] [ERROR] [ClientHandler.java:116] (ERROR) entered request is null: 
[2024-03-19 17:41:22.738] [ERROR] [ClientHandler.java:116] (ERROR) entered request is null: 
[2024-03-19 17:41:22.738] [ERROR] [ClientHandler.java:116] (ERROR) entered request is null: 
[2024-03-19 17:41:22.738] [ERROR] [ClientHandler.java:116] (ERROR) entered request is null: 
[2024-03-19 17:41:26.210] [INFO ] [ClientHandler.java:35] exit
[2024-03-19 17:41:30.241] [INFO ] [ClientHandler.java:35] exit
[2024-03-19 17:44:12.213] [INFO ] [ClientHandler.java:35] {"password":"raj123","command":"login","username":"raj123"}
[2024-03-19 17:44:12.219] [INFO ] [ServerRequestHandler.java:202] {"message":"Invalid credentials","status":"fail"}
[2024-03-19 17:44:12.220] [INFO ] [ClientHandler.java:35] null
[2024-03-19 17:44:12.221] [ERROR] [ClientHandler.java:116] (ERROR) entered request is null: 
[2024-03-19 17:44:19.292] [INFO ] [ClientHandler.java:35] {"password":"raj1234","command":"login","username":"raj1234"}
[2024-03-19 17:44:19.294] [INFO ] [ServerRequestHandler.java:202] {"message":"Invalid credentials","status":"fail"}
[2024-03-19 17:44:19.296] [INFO ] [ClientHandler.java:35] null
[2024-03-19 17:44:19.297] [ERROR] [ClientHandler.java:116] (ERROR) entered request is null: 
[2024-03-19 17:44:55.376] [INFO ] [ClientHandler.java:35] {"password":"deval123","command":"register","username":"deval123"}
[2024-03-19 17:44:55.378] [INFO ] [MusicLibrary.java:146] deval123 registered to application
[2024-03-19 17:44:55.379] [INFO ] [ServerRequestHandler.java:181] {"message":"user added Successfully","status":"success"}
[2024-03-19 17:44:55.380] [INFO ] [ClientHandler.java:35] null
[2024-03-19 17:44:55.380] [ERROR] [ClientHandler.java:116] (ERROR) entered request is null: 
[2024-03-19 17:45:04.381] [INFO ] [ClientHandler.java:35] {"password":"deval123","command":"login","username":"deval123"}
[2024-03-19 17:45:04.382] [INFO ] [MusicLibrary.java:156] deval123 logged into application
[2024-03-19 17:45:04.384] [INFO ] [ServerRequestHandler.java:202] {"message":"login Successfully","status":"success"}
[2024-03-19 17:45:04.385] [INFO ] [ClientHandler.java:35] null
[2024-03-19 17:45:04.386] [ERROR] [ClientHandler.java:116] (ERROR) entered request is null: 
[2024-03-19 17:45:11.171] [INFO ] [ClientHandler.java:35] {"command":"library"}
[2024-03-19 17:45:11.176] [INFO ] [ServerRequestHandler.java:42] {"library":["music.wav","mini.wav","Yodha.wav","mangalvar.wav","Imagine.wav","mini2.wav","Perfect.wav","Heading_Home.wav"]}
[2024-03-19 17:45:11.178] [INFO ] [ClientHandler.java:35] null
[2024-03-19 17:45:11.179] [ERROR] [ClientHandler.java:116] (ERROR) entered request is null: 
[2024-03-19 17:45:13.356] [INFO ] [ClientHandler.java:35] exit
[2024-03-19 17:45:39.057] [INFO ] [ClientHandler.java:35] {"password":"raj123","command":"login","username":"raj123"}
[2024-03-19 17:45:39.058] [INFO ] [ServerRequestHandler.java:202] {"message":"Invalid credentials","status":"fail"}
[2024-03-19 17:45:39.059] [INFO ] [ClientHandler.java:35] null
[2024-03-19 17:45:39.059] [ERROR] [ClientHandler.java:116] (ERROR) entered request is null: 
[2024-03-19 17:45:51.771] [INFO ] [ClientHandler.java:35] {"password":"deval123","command":"login","username":"deval123"}
[2024-03-19 17:45:51.772] [INFO ] [MusicLibrary.java:156] deval123 logged into application
[2024-03-19 17:45:51.773] [INFO ] [ServerRequestHandler.java:202] {"message":"login Successfully","status":"success"}
[2024-03-19 17:45:51.775] [INFO ] [ClientHandler.java:35] null
[2024-03-19 17:45:51.776] [ERROR] [ClientHandler.java:116] (ERROR) entered request is null: 
[2024-03-19 17:45:53.560] [INFO ] [ClientHandler.java:35] {"command":"library"}
[2024-03-19 17:45:53.562] [INFO ] [ServerRequestHandler.java:42] {"library":["music.wav","mini.wav","Yodha.wav","mangalvar.wav","Imagine.wav","mini2.wav","Perfect.wav","Heading_Home.wav"]}
[2024-03-19 17:45:53.564] [INFO ] [ClientHandler.java:35] null
[2024-03-19 17:45:53.565] [ERROR] [ClientHandler.java:116] (ERROR) entered request is null: 
[2024-03-19 17:45:55.478] [INFO ] [ClientHandler.java:35] exit
[2024-03-19 17:55:40.595] [INFO ] [ClientHandler.java:36] {"password":"d","command":"login","username":"s"}
[2024-03-19 17:55:40.611] [INFO ] [ServerRequestHandler.java:202] {"message":"Invalid credentials","status":"fail"}
[2024-03-19 18:05:34.765] [INFO ] [ClientHandler.java:36] {"password":"shivam","command":"register","username":"shivam"}
[2024-03-19 18:05:34.770] [INFO ] [MusicLibrary.java:146] shivam registered to application
[2024-03-19 18:05:34.772] [INFO ] [ServerRequestHandler.java:181] {"message":"user added Successfully","status":"success"}
[2024-03-19 18:05:39.992] [INFO ] [ClientHandler.java:36] {"password":"shivam","command":"login","username":"shivam"}
[2024-03-19 18:05:39.994] [INFO ] [MusicLibrary.java:156] shivam logged into application
[2024-03-19 18:05:39.996] [INFO ] [ServerRequestHandler.java:202] {"message":"login Successfully","status":"success"}
[2024-03-19 18:05:42.348] [INFO ] [ClientHandler.java:36] {"command":"getPlaylistName"}
[2024-03-19 18:05:42.354] [INFO ] [ServerRequestHandler.java:90] {}
[2024-03-19 18:05:43.363] [INFO ] [ClientHandler.java:36] {"command":"getPlaylistName"}
[2024-03-19 18:05:43.364] [INFO ] [ServerRequestHandler.java:90] {}
[2024-03-19 18:05:49.859] [INFO ] [ClientHandler.java:36] {"message":"test","command":"createPlaylist","username":"shivam"}
[2024-03-19 18:05:49.861] [INFO ] [MusicLibrary.java:50] playlist created test
[2024-03-19 18:05:49.862] [INFO ] [ServerRequestHandler.java:75] {"message":"Playlist created successfully","status":"success"}
[2024-03-19 18:05:49.867] [INFO ] [ClientHandler.java:36] {"command":"getPlaylistName"}
[2024-03-19 18:05:49.869] [INFO ] [ServerRequestHandler.java:90] {}
[2024-03-19 18:06:06.393] [INFO ] [ClientHandler.java:36] {"password":"shivam1","command":"register","username":"shivam"}
[2024-03-19 18:06:06.394] [INFO ] [ServerRequestHandler.java:181] {"message":"user already exists","status":"fail"}
[2024-03-19 18:06:14.459] [INFO ] [ClientHandler.java:36] {"password":"shivam1","command":"register","username":"shivam1"}
[2024-03-19 18:06:14.460] [INFO ] [MusicLibrary.java:146] shivam1 registered to application
[2024-03-19 18:06:14.461] [INFO ] [ServerRequestHandler.java:181] {"message":"user added Successfully","status":"success"}
[2024-03-19 18:06:21.040] [INFO ] [ClientHandler.java:36] {"password":"shivam1","command":"login","username":"shivam1"}
[2024-03-19 18:06:21.041] [INFO ] [MusicLibrary.java:156] shivam1 logged into application
[2024-03-19 18:06:21.042] [INFO ] [ServerRequestHandler.java:202] {"message":"login Successfully","status":"success"}
[2024-03-19 18:06:25.494] [INFO ] [ClientHandler.java:36] {"command":"getPlaylistName"}
[2024-03-19 18:06:25.495] [INFO ] [ServerRequestHandler.java:90] {}
[2024-03-19 18:06:29.243] [INFO ] [ClientHandler.java:36] {"message":"test","command":"createPlaylist","username":"shivam1"}
[2024-03-19 18:06:29.244] [INFO ] [MusicLibrary.java:50] playlist created test
[2024-03-19 18:06:29.245] [INFO ] [ServerRequestHandler.java:75] {"message":"Playlist created successfully","status":"success"}
[2024-03-19 18:06:29.248] [INFO ] [ClientHandler.java:36] {"command":"getPlaylistName"}
[2024-03-19 18:06:29.250] [INFO ] [ServerRequestHandler.java:90] {}
[2024-03-19 18:06:30.826] [INFO ] [ClientHandler.java:36] {"command":"getPlaylistName"}
[2024-03-19 18:06:30.828] [INFO ] [ServerRequestHandler.java:90] {}
[2024-03-19 18:06:42.386] [INFO ] [ClientHandler.java:36] {"command":"library"}
[2024-03-19 18:06:42.389] [INFO ] [ServerRequestHandler.java:42] {"library":["music.wav","mini.wav","Yodha.wav","mangalvar.wav","Imagine.wav","mini2.wav","Perfect.wav","Heading_Home.wav"]}
[2024-03-19 18:06:44.902] [INFO ] [ClientHandler.java:36] {"message":"music.wav","command":"audioFile"}
[2024-03-19 18:06:49.922] [INFO ] [ClientHandler.java:36] {"command":"getPlaylistName"}
[2024-03-19 18:06:49.924] [INFO ] [ServerRequestHandler.java:90] {}
[2024-03-19 18:07:02.035] [INFO ] [ClientHandler.java:36] {"command":"getPlaylistName"}
[2024-03-19 18:07:02.036] [INFO ] [ServerRequestHandler.java:90] {}
[2024-03-19 18:10:02.053] [INFO ] [ClientHandler.java:36] {"command":"library"}
[2024-03-19 18:10:02.055] [INFO ] [ServerRequestHandler.java:42] {"library":["music.wav","mini.wav","Yodha.wav","mangalvar.wav","Imagine.wav","mini2.wav","Perfect.wav","Heading_Home.wav"]}
[2024-03-19 18:10:20.856] [INFO ] [ClientHandler.java:36] {"password":"shivam","command":"register","username":"shivam"}
[2024-03-19 18:10:20.872] [INFO ] [MusicLibrary.java:146] shivam registered to application
[2024-03-19 18:10:20.876] [INFO ] [ServerRequestHandler.java:181] {"message":"user added Successfully","status":"success"}
[2024-03-19 18:10:25.040] [INFO ] [ClientHandler.java:36] {"password":"shivam","command":"login","username":"shivam"}
[2024-03-19 18:10:25.042] [INFO ] [MusicLibrary.java:156] shivam logged into application
[2024-03-19 18:10:25.043] [INFO ] [ServerRequestHandler.java:202] {"message":"login Successfully","status":"success"}
[2024-03-19 18:10:33.176] [INFO ] [ClientHandler.java:36] {"password":"shivam1","command":"register","username":"shivam1"}
[2024-03-19 18:10:33.177] [INFO ] [MusicLibrary.java:146] shivam1 registered to application
[2024-03-19 18:10:33.179] [INFO ] [ServerRequestHandler.java:181] {"message":"user added Successfully","status":"success"}
[2024-03-19 18:10:40.062] [INFO ] [ClientHandler.java:36] {"password":"shivam1","command":"login","username":"shivam1"}
[2024-03-19 18:10:40.063] [INFO ] [MusicLibrary.java:156] shivam1 logged into application
[2024-03-19 18:10:40.063] [INFO ] [ServerRequestHandler.java:202] {"message":"login Successfully","status":"success"}
[2024-03-19 18:10:43.361] [INFO ] [ClientHandler.java:36] {"command":"getPlaylistName"}
[2024-03-19 18:10:43.367] [INFO ] [ServerRequestHandler.java:90] {}
[2024-03-19 18:10:46.843] [INFO ] [ClientHandler.java:36] {"message":"tets","command":"createPlaylist","username":"shivam"}
[2024-03-19 18:10:46.845] [INFO ] [MusicLibrary.java:50] playlist created tets
[2024-03-19 18:10:46.847] [INFO ] [ServerRequestHandler.java:75] {"message":"Playlist created successfully","status":"success"}
[2024-03-19 18:10:46.851] [INFO ] [ClientHandler.java:36] {"command":"getPlaylistName"}
[2024-03-19 18:10:46.853] [INFO ] [ServerRequestHandler.java:90] {}
[2024-03-19 18:10:51.080] [INFO ] [ClientHandler.java:36] {"command":"library"}
[2024-03-19 18:10:51.083] [INFO ] [ServerRequestHandler.java:42] {"library":["music.wav","mini.wav","Yodha.wav","mangalvar.wav","Imagine.wav","mini2.wav","Perfect.wav","Heading_Home.wav"]}
[2024-03-19 18:10:53.707] [INFO ] [ClientHandler.java:36] {"message":"music.wav","command":"audioFile"}
[2024-03-19 18:10:56.915] [INFO ] [ClientHandler.java:36] {"command":"getPlaylistName"}
[2024-03-19 18:10:56.917] [INFO ] [ServerRequestHandler.java:90] {}
[2024-03-19 18:11:13.758] [INFO ] [ClientHandler.java:36] {"command":"library"}
[2024-03-19 18:11:13.760] [INFO ] [ServerRequestHandler.java:42] {"library":["music.wav","mini.wav","Yodha.wav","mangalvar.wav","Imagine.wav","mini2.wav","Perfect.wav","Heading_Home.wav"]}
[2024-03-19 18:11:16.706] [INFO ] [ClientHandler.java:36] {"command":"getPlaylistName"}
[2024-03-19 18:11:16.708] [INFO ] [ServerRequestHandler.java:90] {}
[2024-03-19 18:11:17.912] [INFO ] [ClientHandler.java:36] {"command":"getPlaylistName"}
[2024-03-19 18:11:17.914] [INFO ] [ServerRequestHandler.java:90] {}
[2024-03-19 18:11:22.521] [INFO ] [ClientHandler.java:36] {"command":"library"}
[2024-03-19 18:11:22.522] [INFO ] [ServerRequestHandler.java:42] {"library":["music.wav","mini.wav","Yodha.wav","mangalvar.wav","Imagine.wav","mini2.wav","Perfect.wav","Heading_Home.wav"]}
[2024-03-19 18:11:24.639] [INFO ] [ClientHandler.java:36] {"message":"music.wav","command":"audioFile"}
[2024-03-19 18:11:30.875] [INFO ] [ClientHandler.java:36] {"command":"getPlaylistName"}
[2024-03-19 18:11:30.877] [INFO ] [ServerRequestHandler.java:90] {}
[2024-03-19 18:11:30.880] [INFO ] [ClientHandler.java:36] {"message":"tets/music.wav","command":"addToPlaylist","username":"shivam"}
[2024-03-19 18:11:30.882] [INFO ] [MusicLibrary.java:82] music.wav added to tets
[2024-03-19 18:11:30.884] [INFO ] [ServerRequestHandler.java:142] {"message":"Music added to playlist tets","status":"success"}
[2024-03-19 18:11:34.603] [INFO ] [ClientHandler.java:36] {"command":"library"}
[2024-03-19 18:11:34.605] [INFO ] [ServerRequestHandler.java:42] {"library":["music.wav","mini.wav","Yodha.wav","mangalvar.wav","Imagine.wav","mini2.wav","Perfect.wav","Heading_Home.wav"]}
[2024-03-19 18:11:38.592] [INFO ] [ClientHandler.java:36] {"command":"getPlaylistName"}
[2024-03-19 18:11:38.594] [INFO ] [ServerRequestHandler.java:90] {}
[2024-03-19 18:11:42.015] [INFO ] [ClientHandler.java:36] {"command":"getPlaylistName"}
[2024-03-19 18:11:42.017] [INFO ] [ServerRequestHandler.java:90] {}
[2024-03-19 18:11:47.489] [INFO ] [ClientHandler.java:36] {"message":"tets","command":"createPlaylist","username":"shivam1"}
[2024-03-19 18:11:47.490] [INFO ] [MusicLibrary.java:50] playlist created tets
[2024-03-19 18:11:47.491] [INFO ] [ServerRequestHandler.java:75] {"message":"Playlist created successfully","status":"success"}
[2024-03-19 18:11:47.495] [INFO ] [ClientHandler.java:36] {"command":"getPlaylistName"}
[2024-03-19 18:11:47.496] [INFO ] [ServerRequestHandler.java:90] {}
[2024-03-19 18:11:49.271] [INFO ] [ClientHandler.java:36] {"command":"getPlaylistName"}
[2024-03-19 18:11:49.272] [INFO ] [ServerRequestHandler.java:90] {}
[2024-03-19 18:12:02.062] [INFO ] [ClientHandler.java:36] {"message":"tets:shivam1","command":"getPlaylist"}
[2024-03-19 18:12:02.065] [INFO ] [ServerRequestHandler.java:101] {}
[2024-03-19 18:12:02.069] [INFO ] [ClientHandler.java:36] {"command":"getPlaylistName"}
[2024-03-19 18:12:02.070] [INFO ] [ServerRequestHandler.java:90] {}
[2024-03-19 18:12:20.889] [INFO ] [ClientHandler.java:36] {"message":"tets:shivam","command":"getPlaylist"}
[2024-03-19 18:12:20.892] [INFO ] [ClientHandler.java:36] {"command":"getPlaylistName"}
[2024-03-19 18:12:20.893] [INFO ] [ServerRequestHandler.java:90] {}
[2024-03-19 18:12:33.050] [INFO ] [ClientHandler.java:36] {"command":"getPlaylistName"}
[2024-03-19 18:12:33.052] [INFO ] [ServerRequestHandler.java:90] {}
[2024-03-19 18:12:42.309] [INFO ] [ClientHandler.java:36] {"message":"tets","command":"createPlaylist","username":"shivam1"}
[2024-03-19 18:12:42.310] [INFO ] [MusicLibrary.java:50] playlist created tets
[2024-03-19 18:12:42.311] [INFO ] [ServerRequestHandler.java:75] {"message":"Playlist created successfully","status":"success"}
[2024-03-19 18:12:42.315] [INFO ] [ClientHandler.java:36] {"command":"getPlaylistName"}
[2024-03-19 18:12:42.316] [INFO ] [ServerRequestHandler.java:90] {}
[2024-03-19 18:12:49.156] [INFO ] [ClientHandler.java:36] {"message":"tets:shivam","command":"getPlaylist"}
[2024-03-19 18:12:49.160] [INFO ] [ClientHandler.java:36] {"command":"getPlaylistName"}
[2024-03-19 18:12:49.161] [INFO ] [ServerRequestHandler.java:90] {}
[2024-03-19 18:13:28.825] [INFO ] [ClientHandler.java:36] {"command":"getPlaylistName"}
[2024-03-19 18:13:28.826] [INFO ] [ServerRequestHandler.java:90] {}
[2024-03-19 18:13:31.034] [INFO ] [ClientHandler.java:36] {"command":"getPlaylistName"}
[2024-03-19 18:13:31.035] [INFO ] [ServerRequestHandler.java:90] {}
[2024-03-19 18:13:33.626] [INFO ] [ClientHandler.java:36] {"command":"getPlaylistName"}
[2024-03-19 18:13:33.627] [INFO ] [ServerRequestHandler.java:90] {}
[2024-03-19 18:13:35.222] [INFO ] [ClientHandler.java:36] {"command":"getPlaylistName"}
[2024-03-19 18:13:35.224] [INFO ] [ServerRequestHandler.java:90] {}
[2024-03-19 18:13:42.685] [INFO ] [ClientHandler.java:36] {"message":"tets:shivam","command":"getPlaylist"}
[2024-03-19 18:13:42.687] [INFO ] [ClientHandler.java:36] {"command":"getPlaylistName"}
[2024-03-19 18:13:42.687] [INFO ] [ServerRequestHandler.java:90] {}
[2024-03-19 18:14:02.730] [INFO ] [ClientHandler.java:36] {"message":"tets:shivam","command":"getPlaylist"}
[2024-03-19 18:14:02.736] [INFO ] [ClientHandler.java:36] {"command":"getPlaylistName"}
[2024-03-19 18:14:02.737] [INFO ] [ServerRequestHandler.java:90] {}
[2024-03-19 18:16:06.335] [INFO ] [ClientHandler.java:36] {"command":"getPlaylistName"}
[2024-03-19 18:16:06.336] [INFO ] [ServerRequestHandler.java:90] {}
[2024-03-19 18:18:29.317] [INFO ] [ClientHandler.java:36] {"message":"tets:shivam","command":"getPlaylist"}
[2024-03-19 18:18:29.322] [INFO ] [ClientHandler.java:36] {"command":"getPlaylistName"}
[2024-03-19 18:18:29.323] [INFO ] [ServerRequestHandler.java:90] {}
[2024-03-19 18:22:51.538] [INFO ] [ClientHandler.java:36] {"password":"shivam","command":"register","username":"shivam"}
[2024-03-19 18:22:51.546] [INFO ] [MusicLibrary.java:146] shivam registered to application
[2024-03-19 18:22:51.548] [INFO ] [ServerRequestHandler.java:181] {"message":"user added Successfully","status":"success"}
[2024-03-19 18:22:55.893] [INFO ] [ClientHandler.java:36] {"password":"shivam","command":"login","username":"shivam"}
[2024-03-19 18:22:55.894] [INFO ] [MusicLibrary.java:156] shivam logged into application
[2024-03-19 18:22:55.895] [INFO ] [ServerRequestHandler.java:202] {"message":"login Successfully","status":"success"}
[2024-03-19 18:22:57.314] [INFO ] [ClientHandler.java:36] {"command":"getPlaylistName"}
[2024-03-19 18:22:57.317] [INFO ] [ServerRequestHandler.java:90] {}
[2024-03-19 18:23:26.610] [INFO ] [ClientHandler.java:36] {"message":"test","command":"createPlaylist","username":"shivam"}
[2024-03-19 18:23:26.611] [INFO ] [MusicLibrary.java:50] playlist created test
[2024-03-19 18:23:26.611] [INFO ] [ServerRequestHandler.java:75] {"message":"Playlist created successfully","status":"success"}
[2024-03-19 18:23:49.977] [INFO ] [ClientHandler.java:36] {"command":"getPlaylistName"}
[2024-03-19 18:23:49.978] [INFO ] [ServerRequestHandler.java:90] {}
[2024-03-19 18:24:06.801] [INFO ] [ClientHandler.java:36] {"command":"library"}
[2024-03-19 18:24:06.804] [INFO ] [ServerRequestHandler.java:42] {"library":["music.wav","mini.wav","Yodha.wav","mangalvar.wav","Imagine.wav","mini2.wav","Perfect.wav","Heading_Home.wav"]}
[2024-03-19 18:24:18.724] [INFO ] [ClientHandler.java:36] {"message":"music.wav","command":"audioFile"}
[2024-03-19 18:24:26.485] [INFO ] [ClientHandler.java:36] {"command":"getPlaylistName"}
[2024-03-19 18:24:26.486] [INFO ] [ServerRequestHandler.java:90] {}
[2024-03-19 18:24:26.487] [INFO ] [ClientHandler.java:36] {"message":"test/music.wav","command":"addToPlaylist","username":"shivam"}
[2024-03-19 18:25:21.355] [INFO ] [MusicLibrary.java:82] music.wav added to test
[2024-03-19 18:25:40.483] [INFO ] [ServerRequestHandler.java:142] {"message":"Music added to playlist test","status":"success"}
[2024-03-19 18:26:10.941] [INFO ] [ClientHandler.java:36] {"command":"library"}
[2024-03-19 18:26:10.943] [INFO ] [ServerRequestHandler.java:42] {"library":["music.wav","mini.wav","Yodha.wav","mangalvar.wav","Imagine.wav","mini2.wav","Perfect.wav","Heading_Home.wav"]}
[2024-03-19 18:26:16.751] [INFO ] [ClientHandler.java:36] {"command":"getPlaylistName"}
[2024-03-19 18:26:16.753] [INFO ] [ServerRequestHandler.java:90] {}
[2024-03-19 18:28:11.486] [INFO ] [ClientHandler.java:36] {"message":"test:shivam","command":"getPlaylist"}
[2024-03-19 18:28:11.490] [INFO ] [ServerRequestHandler.java:101] {}
[2024-03-19 18:30:15.457] [INFO ] [ClientHandler.java:36] {"message":"test:shivam","command":"getPlaylist"}
[2024-03-19 18:30:15.458] [INFO ] [ServerRequestHandler.java:101] {}
[2024-03-19 18:30:42.936] [INFO ] [ClientHandler.java:36] {"password":"shivam","command":"register","username":"shivam"}
[2024-03-19 18:30:42.950] [INFO ] [MusicLibrary.java:146] shivam registered to application
[2024-03-19 18:30:42.955] [INFO ] [ServerRequestHandler.java:181] {"message":"user added Successfully","status":"success"}
[2024-03-19 18:30:47.160] [INFO ] [ClientHandler.java:36] {"password":"shivam","command":"login","username":"shivam"}
[2024-03-19 18:30:47.162] [INFO ] [MusicLibrary.java:156] shivam logged into application
[2024-03-19 18:30:47.163] [INFO ] [ServerRequestHandler.java:202] {"message":"login Successfully","status":"success"}
[2024-03-19 18:30:48.461] [INFO ] [ClientHandler.java:36] {"command":"getPlaylistName"}
[2024-03-19 18:30:48.466] [INFO ] [ServerRequestHandler.java:90] {}
[2024-03-19 18:30:51.658] [INFO ] [ClientHandler.java:36] {"message":"test","command":"createPlaylist","username":"shivam"}
[2024-03-19 18:30:51.659] [INFO ] [MusicLibrary.java:50] playlist created test
[2024-03-19 18:30:51.661] [INFO ] [ServerRequestHandler.java:75] {"message":"Playlist created successfully","status":"success"}
[2024-03-19 18:30:51.663] [INFO ] [ClientHandler.java:36] {"command":"getPlaylistName"}
[2024-03-19 18:30:51.664] [INFO ] [ServerRequestHandler.java:90] {}
[2024-03-19 18:30:54.934] [INFO ] [ClientHandler.java:36] {"command":"library"}
[2024-03-19 18:30:54.935] [INFO ] [ServerRequestHandler.java:42] {"library":["music.wav","mini.wav","Yodha.wav","mangalvar.wav","Imagine.wav","mini2.wav","Perfect.wav","Heading_Home.wav"]}
[2024-03-19 18:30:56.272] [INFO ] [ClientHandler.java:36] {"message":"music.wav","command":"audioFile"}
[2024-03-19 18:30:59.980] [INFO ] [ClientHandler.java:36] {"command":"getPlaylistName"}
[2024-03-19 18:30:59.986] [INFO ] [ServerRequestHandler.java:90] {}
[2024-03-19 18:30:59.990] [INFO ] [ClientHandler.java:36] {"message":"test/music.wav","command":"addToPlaylist","username":"shivam"}
[2024-03-19 18:30:59.992] [INFO ] [MusicLibrary.java:82] music.wav added to test
[2024-03-19 18:30:59.994] [INFO ] [ServerRequestHandler.java:142] {"message":"Music added to playlist test","status":"success"}
[2024-03-19 18:31:02.345] [INFO ] [ClientHandler.java:36] {"command":"library"}
[2024-03-19 18:31:02.346] [INFO ] [ServerRequestHandler.java:42] {"library":["music.wav","mini.wav","Yodha.wav","mangalvar.wav","Imagine.wav","mini2.wav","Perfect.wav","Heading_Home.wav"]}
[2024-03-19 18:31:02.348] [INFO ] [ClientHandler.java:36] {"message":"mini.wav","command":"audioFile"}
[2024-03-19 18:31:04.443] [INFO ] [ClientHandler.java:36] {"command":"getPlaylistName"}
[2024-03-19 18:31:04.445] [INFO ] [ServerRequestHandler.java:90] {}
[2024-03-19 18:31:04.447] [INFO ] [ClientHandler.java:36] {"message":"test/mini.wav","command":"addToPlaylist","username":"shivam"}
[2024-03-19 18:31:04.448] [INFO ] [MusicLibrary.java:82] mini.wav added to test
[2024-03-19 18:31:04.449] [INFO ] [ServerRequestHandler.java:142] {"message":"Music added to playlist test","status":"success"}
[2024-03-19 18:31:05.971] [INFO ] [ClientHandler.java:36] {"command":"library"}
[2024-03-19 18:31:05.972] [INFO ] [ServerRequestHandler.java:42] {"library":["music.wav","mini.wav","Yodha.wav","mangalvar.wav","Imagine.wav","mini2.wav","Perfect.wav","Heading_Home.wav"]}
[2024-03-19 18:31:08.461] [INFO ] [ClientHandler.java:36] {"command":"getPlaylistName"}
[2024-03-19 18:31:08.462] [INFO ] [ServerRequestHandler.java:90] {}
[2024-03-19 18:31:12.180] [INFO ] [ClientHandler.java:36] {"command":"getPlaylistName"}
[2024-03-19 18:31:12.182] [INFO ] [ServerRequestHandler.java:90] {}
[2024-03-19 18:31:18.219] [INFO ] [ClientHandler.java:36] {"message":"test:shivam","command":"getPlaylist"}
[2024-03-19 18:31:18.220] [INFO ] [ServerRequestHandler.java:101] {}
[2024-03-19 18:31:22.129] [INFO ] [ClientHandler.java:36] {"command":"getPlaylistName"}
[2024-03-19 18:31:22.131] [INFO ] [ServerRequestHandler.java:90] {}
[2024-03-19 18:31:35.374] [INFO ] [ClientHandler.java:36] {"password":"shivam1","command":"register","username":"shivam1"}
[2024-03-19 18:31:35.375] [INFO ] [MusicLibrary.java:146] shivam1 registered to application
[2024-03-19 18:31:35.376] [INFO ] [ServerRequestHandler.java:181] {"message":"user added Successfully","status":"success"}
[2024-03-19 18:31:46.630] [INFO ] [ClientHandler.java:36] {"password":"shivam1","command":"login","username":"shivam1"}
[2024-03-19 18:31:46.631] [INFO ] [MusicLibrary.java:156] shivam1 logged into application
[2024-03-19 18:31:46.632] [INFO ] [ServerRequestHandler.java:202] {"message":"login Successfully","status":"success"}
[2024-03-19 18:31:48.325] [INFO ] [ClientHandler.java:36] {"command":"getPlaylistName"}
[2024-03-19 18:31:48.326] [INFO ] [ServerRequestHandler.java:90] {}
[2024-03-19 18:31:51.968] [INFO ] [ClientHandler.java:36] {"message":"test","command":"createPlaylist","username":"shivam1"}
[2024-03-19 18:31:51.969] [INFO ] [MusicLibrary.java:50] playlist created test
[2024-03-19 18:31:51.970] [INFO ] [ServerRequestHandler.java:75] {"message":"Playlist created successfully","status":"success"}
[2024-03-19 18:31:51.973] [INFO ] [ClientHandler.java:36] {"command":"getPlaylistName"}
[2024-03-19 18:31:51.975] [INFO ] [ServerRequestHandler.java:90] {}
[2024-03-19 18:31:55.861] [INFO ] [ClientHandler.java:36] {"command":"library"}
[2024-03-19 18:31:55.863] [INFO ] [ServerRequestHandler.java:42] {"library":["music.wav","mini.wav","Yodha.wav","mangalvar.wav","Imagine.wav","mini2.wav","Perfect.wav","Heading_Home.wav"]}
[2024-03-19 18:31:58.419] [INFO ] [ClientHandler.java:36] {"message":"Yodha.wav","command":"audioFile"}
[2024-03-19 18:32:01.817] [INFO ] [ClientHandler.java:36] {"command":"getPlaylistName"}
[2024-03-19 18:32:01.819] [INFO ] [ServerRequestHandler.java:90] {}
[2024-03-19 18:32:01.823] [INFO ] [ClientHandler.java:36] {"message":"test/Yodha.wav","command":"addToPlaylist","username":"shivam1"}
[2024-03-19 18:32:01.824] [INFO ] [MusicLibrary.java:82] Yodha.wav added to test
[2024-03-19 18:32:01.825] [INFO ] [ServerRequestHandler.java:142] {"message":"Music added to playlist test","status":"success"}
[2024-03-19 18:32:03.517] [INFO ] [ClientHandler.java:36] {"command":"library"}
[2024-03-19 18:32:03.519] [INFO ] [ServerRequestHandler.java:42] {"library":["music.wav","mini.wav","Yodha.wav","mangalvar.wav","Imagine.wav","mini2.wav","Perfect.wav","Heading_Home.wav"]}
[2024-03-19 18:32:05.816] [INFO ] [ClientHandler.java:36] {"command":"getPlaylistName"}
[2024-03-19 18:32:05.817] [INFO ] [ServerRequestHandler.java:90] {}
[2024-03-19 18:32:13.458] [INFO ] [ClientHandler.java:36] {"message":"test:shivam","command":"getPlaylist"}
[2024-03-19 18:32:13.464] [INFO ] [ClientHandler.java:36] {"command":"getPlaylistName"}
[2024-03-19 18:32:13.465] [INFO ] [ServerRequestHandler.java:90] {}
[2024-03-19 18:32:49.815] [INFO ] [ClientHandler.java:36] {"message":"test:shivam1","command":"getPlaylist"}
[2024-03-19 18:32:49.815] [INFO ] [ServerRequestHandler.java:101] {}
[2024-03-19 18:32:54.661] [INFO ] [ClientHandler.java:36] {"command":"getPlaylistName"}
[2024-03-19 18:32:54.662] [INFO ] [ServerRequestHandler.java:90] {}
[2024-03-19 18:33:06.721] [INFO ] [ClientHandler.java:36] {"message":"test:shivam1","command":"getPlaylist"}
[2024-03-19 18:33:06.723] [INFO ] [ServerRequestHandler.java:101] {}
[2024-03-19 18:33:10.515] [INFO ] [ClientHandler.java:36] {"command":"getPlaylistName"}
[2024-03-19 18:33:10.517] [INFO ] [ServerRequestHandler.java:90] {}
[2024-03-19 18:33:22.242] [INFO ] [ClientHandler.java:36] {"message":"test:shivam","command":"getPlaylist"}
[2024-03-19 18:33:22.245] [INFO ] [ClientHandler.java:36] {"command":"getPlaylistName"}
[2024-03-19 18:33:22.245] [INFO ] [ServerRequestHandler.java:90] {}
[2024-03-19 18:38:16.345] [INFO ] [ClientHandler.java:36] {"password":"shivam","command":"register","username":"shivam"}
[2024-03-19 18:38:16.350] [INFO ] [MusicLibrary.java:146] shivam registered to application
[2024-03-19 18:38:16.351] [INFO ] [ServerRequestHandler.java:181] {"message":"user added Successfully","status":"success"}
[2024-03-19 18:38:21.941] [INFO ] [ClientHandler.java:36] {"password":"shivam","command":"login","username":"shivam"}
[2024-03-19 18:38:21.942] [INFO ] [MusicLibrary.java:156] shivam logged into application
[2024-03-19 18:38:21.942] [INFO ] [ServerRequestHandler.java:202] {"message":"login Successfully","status":"success"}
[2024-03-19 18:38:23.140] [INFO ] [ClientHandler.java:36] {"command":"getPlaylistName"}
[2024-03-19 18:38:23.145] [INFO ] [ServerRequestHandler.java:90] {}
[2024-03-19 18:38:25.780] [INFO ] [ClientHandler.java:36] {"message":"test","command":"createPlaylist","username":"shivam"}
[2024-03-19 18:38:25.783] [INFO ] [MusicLibrary.java:50] playlist created test
[2024-03-19 18:38:25.784] [INFO ] [ServerRequestHandler.java:75] {"message":"Playlist created successfully","status":"success"}
[2024-03-19 18:38:25.789] [INFO ] [ClientHandler.java:36] {"command":"getPlaylistName"}
[2024-03-19 18:38:25.791] [INFO ] [ServerRequestHandler.java:90] {}
[2024-03-19 18:38:28.833] [INFO ] [ClientHandler.java:36] {"command":"library"}
[2024-03-19 18:38:28.836] [INFO ] [ServerRequestHandler.java:42] {"library":["music.wav","mini.wav","Yodha.wav","mangalvar.wav","Imagine.wav","mini2.wav","Perfect.wav","Heading_Home.wav"]}
[2024-03-19 18:38:30.770] [INFO ] [ClientHandler.java:36] {"message":"music.wav","command":"audioFile"}
[2024-03-19 18:38:35.782] [INFO ] [ClientHandler.java:36] {"command":"getPlaylistName"}
[2024-03-19 18:38:35.784] [INFO ] [ServerRequestHandler.java:90] {}
[2024-03-19 18:38:35.790] [INFO ] [ClientHandler.java:36] {"message":"test/music.wav","command":"addToPlaylist","username":"shivam"}
[2024-03-19 18:38:35.793] [INFO ] [MusicLibrary.java:80] music.wav added to test
[2024-03-19 18:38:35.795] [INFO ] [ServerRequestHandler.java:142] {"message":"Music added to playlist test","status":"success"}
[2024-03-19 18:38:37.136] [INFO ] [ClientHandler.java:36] {"command":"library"}
[2024-03-19 18:38:37.137] [INFO ] [ServerRequestHandler.java:42] {"library":["music.wav","mini.wav","Yodha.wav","mangalvar.wav","Imagine.wav","mini2.wav","Perfect.wav","Heading_Home.wav"]}
[2024-03-19 18:41:09.978] [INFO ] [ClientHandler.java:36] {"command":"getPlaylistName"}
[2024-03-19 18:41:09.979] [INFO ] [ServerRequestHandler.java:90] {}
[2024-03-19 18:41:15.361] [INFO ] [ClientHandler.java:36] {"message":"test:shivam","command":"getPlaylist"}
[2024-03-19 18:41:15.362] [INFO ] [ServerRequestHandler.java:101] {}
[2024-03-19 18:41:17.218] [INFO ] [ClientHandler.java:36] {"command":"getPlaylistName"}
[2024-03-19 18:41:17.219] [INFO ] [ServerRequestHandler.java:90] {}
[2024-03-19 18:41:32.545] [INFO ] [ClientHandler.java:36] {"password":"shivam1","command":"register","username":"shivam1"}
[2024-03-19 18:41:32.546] [INFO ] [MusicLibrary.java:146] shivam1 registered to application
[2024-03-19 18:41:32.547] [INFO ] [ServerRequestHandler.java:181] {"message":"user added Successfully","status":"success"}
[2024-03-19 18:41:37.276] [INFO ] [ClientHandler.java:36] {"password":"shivam1","command":"login","username":"shivam1"}
[2024-03-19 18:41:37.277] [INFO ] [MusicLibrary.java:156] shivam1 logged into application
[2024-03-19 18:41:37.278] [INFO ] [ServerRequestHandler.java:202] {"message":"login Successfully","status":"success"}
[2024-03-19 18:41:39.107] [INFO ] [ClientHandler.java:36] {"command":"getPlaylistName"}
[2024-03-19 18:41:39.107] [INFO ] [ServerRequestHandler.java:90] {}
[2024-03-19 18:41:41.807] [INFO ] [ClientHandler.java:36] {"message":"test","command":"createPlaylist","username":"shivam1"}
[2024-03-19 18:41:41.808] [INFO ] [MusicLibrary.java:50] playlist created test
[2024-03-19 18:41:41.809] [INFO ] [ServerRequestHandler.java:75] {"message":"Playlist created successfully","status":"success"}
[2024-03-19 18:41:41.813] [INFO ] [ClientHandler.java:36] {"command":"getPlaylistName"}
[2024-03-19 18:41:41.814] [INFO ] [ServerRequestHandler.java:90] {}
[2024-03-19 18:41:46.539] [INFO ] [ClientHandler.java:36] {"command":"library"}
[2024-03-19 18:41:46.541] [INFO ] [ServerRequestHandler.java:42] {"library":["music.wav","mini.wav","Yodha.wav","mangalvar.wav","Imagine.wav","mini2.wav","Perfect.wav","Heading_Home.wav"]}
[2024-03-19 18:41:51.210] [INFO ] [ClientHandler.java:36] {"message":"Yodha.wav","command":"audioFile"}
[2024-03-19 18:41:55.104] [INFO ] [ClientHandler.java:36] {"command":"getPlaylistName"}
[2024-03-19 18:41:55.105] [INFO ] [ServerRequestHandler.java:90] {}
[2024-03-19 18:41:55.110] [INFO ] [ClientHandler.java:36] {"message":"test/Yodha.wav","command":"addToPlaylist","username":"shivam1"}
[2024-03-19 18:41:55.111] [INFO ] [MusicLibrary.java:80] Yodha.wav added to test
[2024-03-19 18:41:55.112] [INFO ] [ServerRequestHandler.java:142] {"message":"Music added to playlist test","status":"success"}
[2024-03-19 18:41:56.376] [INFO ] [ClientHandler.java:36] {"command":"library"}
[2024-03-19 18:41:56.377] [INFO ] [ServerRequestHandler.java:42] {"library":["music.wav","mini.wav","Yodha.wav","mangalvar.wav","Imagine.wav","mini2.wav","Perfect.wav","Heading_Home.wav"]}
[2024-03-19 18:42:01.850] [INFO ] [ClientHandler.java:36] {"command":"getPlaylistName"}
[2024-03-19 18:42:01.851] [INFO ] [ServerRequestHandler.java:90] {}
[2024-03-19 18:42:07.839] [INFO ] [ClientHandler.java:36] {"command":"getPlaylistName"}
[2024-03-19 18:42:07.840] [INFO ] [ServerRequestHandler.java:90] {}
[2024-03-19 18:42:09.159] [INFO ] [ClientHandler.java:36] {"command":"getPlaylistName"}
[2024-03-19 18:42:09.160] [INFO ] [ServerRequestHandler.java:90] {}
[2024-03-19 18:42:31.041] [INFO ] [ClientHandler.java:36] {"message":"test:shivam1","command":"getPlaylist"}
[2024-03-19 18:42:31.043] [INFO ] [ServerRequestHandler.java:101] {}
[2024-03-19 18:42:33.447] [INFO ] [ClientHandler.java:36] {"command":"getPlaylistName"}
[2024-03-19 18:42:33.449] [INFO ] [ServerRequestHandler.java:90] {}
[2024-03-19 18:42:47.558] [INFO ] [ClientHandler.java:36] {"message":"test:shivam","command":"getPlaylist"}
[2024-03-19 18:42:47.559] [INFO ] [ServerRequestHandler.java:101] {}
[2024-03-19 18:42:56.381] [INFO ] [ClientHandler.java:36] {"command":"getPlaylistName"}
[2024-03-19 18:42:56.383] [INFO ] [ServerRequestHandler.java:90] {}
[2024-03-19 18:42:57.763] [INFO ] [ClientHandler.java:36] {"command":"getPlaylistName"}
[2024-03-19 18:42:57.764] [INFO ] [ServerRequestHandler.java:90] {}
[2024-03-19 18:49:19.414] [INFO ] [ClientHandler.java:36] {"password":"shivam","command":"register","username":"shivam"}
[2024-03-19 18:49:19.420] [INFO ] [MusicLibrary.java:146] shivam registered to application
[2024-03-19 18:49:19.422] [INFO ] [ServerRequestHandler.java:193] {"message":"user added Successfully","status":"success"}
[2024-03-19 18:49:24.346] [INFO ] [ClientHandler.java:36] {"password":"shivam","command":"login","username":"shivam"}
[2024-03-19 18:49:24.347] [INFO ] [MusicLibrary.java:156] shivam logged into application
[2024-03-19 18:49:24.349] [INFO ] [ServerRequestHandler.java:214] {"message":"login Successfully","status":"success"}
[2024-03-19 18:49:26.101] [INFO ] [ClientHandler.java:36] {"command":"library"}
[2024-03-19 18:49:26.106] [INFO ] [ServerRequestHandler.java:42] {"library":["music.wav","mini.wav","Yodha.wav","mangalvar.wav","Imagine.wav","mini2.wav","Perfect.wav","Heading_Home.wav"]}
[2024-03-19 18:49:30.951] [INFO ] [ClientHandler.java:36] {"message":"Yodha.wav","command":"audioFile"}
[2024-03-19 18:49:33.473] [INFO ] [ClientHandler.java:36] {"message":"Yodha.wav","command":"downloadAudio"}
[2024-03-19 18:49:33.550] [ERROR] [ClientHandler.java:113] An IOException occurred. Please check your input or connection.Socket closed
[2024-03-19 18:49:37.048] [INFO ] [ClientHandler.java:36] {"command":"library"}
[2024-03-19 18:49:37.050] [INFO ] [ServerRequestHandler.java:42] {"library":["music.wav","mini.wav","Yodha.wav","mangalvar.wav","Imagine.wav","mini2.wav","Perfect.wav","Heading_Home.wav"]}
[2024-03-19 18:53:19.432] [INFO ] [ClientHandler.java:36] {"command":"getPlaylistName"}
[2024-03-19 18:53:19.435] [INFO ] [ServerRequestHandler.java:90] {}
[2024-03-19 18:53:21.490] [INFO ] [ClientHandler.java:36] {"command":"getPlaylistName"}
[2024-03-19 18:53:21.491] [INFO ] [ServerRequestHandler.java:90] {}
[2024-03-19 18:53:28.733] [INFO ] [ClientHandler.java:36] {"message":"test","command":"createPlaylist","username":"shivam"}
[2024-03-19 18:53:28.735] [INFO ] [MusicLibrary.java:50] playlist created test
[2024-03-19 18:53:28.736] [INFO ] [ServerRequestHandler.java:75] {"message":"Playlist created successfully","status":"success"}
[2024-03-19 18:53:28.740] [INFO ] [ClientHandler.java:36] {"command":"getPlaylistName"}
[2024-03-19 18:53:28.741] [INFO ] [ServerRequestHandler.java:90] {}
[2024-03-19 18:53:39.558] [INFO ] [ClientHandler.java:36] {"message":"test:shivam","command":"getPlaylist"}
[2024-03-19 18:53:39.559] [INFO ] [ServerRequestHandler.java:113] {"getPlaylist":[]}
[2024-03-19 18:53:39.563] [INFO ] [ClientHandler.java:36] {"command":"getPlaylistName"}
[2024-03-19 18:53:39.564] [INFO ] [ServerRequestHandler.java:90] {}
[2024-03-19 18:53:44.371] [INFO ] [ClientHandler.java:36] {"command":"library"}
[2024-03-19 18:53:44.373] [INFO ] [ServerRequestHandler.java:42] {"library":["music.wav","mini.wav","Yodha.wav","mangalvar.wav","Imagine.wav","mini2.wav","Perfect.wav","Heading_Home.wav"]}
[2024-03-19 18:53:46.251] [INFO ] [ClientHandler.java:36] {"message":"music.wav","command":"audioFile"}
[2024-03-19 18:53:49.481] [INFO ] [ClientHandler.java:36] {"command":"getPlaylistName"}
[2024-03-19 18:53:49.482] [INFO ] [ServerRequestHandler.java:90] {}
[2024-03-19 18:53:49.488] [INFO ] [ClientHandler.java:36] {"message":"test/music.wav","command":"addToPlaylist","username":"shivam"}
[2024-03-19 18:53:49.490] [INFO ] [MusicLibrary.java:80] music.wav added to test
[2024-03-19 18:53:49.491] [INFO ] [ServerRequestHandler.java:154] {"message":"Music added to playlist test","status":"success"}
[2024-03-19 18:53:51.344] [INFO ] [ClientHandler.java:36] {"command":"library"}
[2024-03-19 18:53:51.345] [INFO ] [ServerRequestHandler.java:42] {"library":["music.wav","mini.wav","Yodha.wav","mangalvar.wav","Imagine.wav","mini2.wav","Perfect.wav","Heading_Home.wav"]}
[2024-03-19 18:53:51.346] [INFO ] [ClientHandler.java:36] {"message":"mini.wav","command":"audioFile"}
[2024-03-19 18:53:56.768] [INFO ] [ClientHandler.java:36] {"command":"library"}
[2024-03-19 18:53:56.770] [INFO ] [ServerRequestHandler.java:42] {"library":["music.wav","mini.wav","Yodha.wav","mangalvar.wav","Imagine.wav","mini2.wav","Perfect.wav","Heading_Home.wav"]}
[2024-03-19 18:53:56.772] [INFO ] [ClientHandler.java:36] {"message":"Yodha.wav","command":"audioFile"}
[2024-03-19 18:53:59.450] [INFO ] [ClientHandler.java:36] {"command":"getPlaylistName"}
[2024-03-19 18:53:59.452] [INFO ] [ServerRequestHandler.java:90] {}
[2024-03-19 18:53:59.456] [INFO ] [ClientHandler.java:36] {"message":"test/Yodha.wav","command":"addToPlaylist","username":"shivam"}
[2024-03-19 18:53:59.458] [INFO ] [MusicLibrary.java:80] Yodha.wav added to test
[2024-03-19 18:53:59.458] [INFO ] [ServerRequestHandler.java:154] {"message":"Music added to playlist test","status":"success"}
[2024-03-19 18:54:00.908] [INFO ] [ClientHandler.java:36] {"command":"library"}
[2024-03-19 18:54:00.910] [INFO ] [ServerRequestHandler.java:42] {"library":["music.wav","mini.wav","Yodha.wav","mangalvar.wav","Imagine.wav","mini2.wav","Perfect.wav","Heading_Home.wav"]}
[2024-03-19 18:54:03.402] [INFO ] [ClientHandler.java:36] {"command":"getPlaylistName"}
[2024-03-19 18:54:03.404] [INFO ] [ServerRequestHandler.java:90] {}
[2024-03-19 18:54:07.707] [INFO ] [ClientHandler.java:36] {"message":"test:shivam","command":"getPlaylist"}
[2024-03-19 18:54:07.709] [INFO ] [ServerRequestHandler.java:113] {"getPlaylist":["music.wav","Yodha.wav"]}
[2024-03-19 18:54:10.130] [INFO ] [ClientHandler.java:36] {"message":"music.wav","command":"audioFile"}
[2024-03-19 18:54:11.950] [INFO ] [ClientHandler.java:36] {"message":"test:shivam","command":"getPlaylist"}
[2024-03-19 18:54:11.951] [INFO ] [ServerRequestHandler.java:113] {"getPlaylist":["music.wav","Yodha.wav"]}
[2024-03-19 18:54:11.954] [INFO ] [ClientHandler.java:36] {"message":"Yodha.wav","command":"audioFile"}
[2024-03-19 18:54:13.180] [INFO ] [ClientHandler.java:36] {"message":"test:shivam","command":"getPlaylist"}
[2024-03-19 18:54:13.181] [INFO ] [ServerRequestHandler.java:113] {"getPlaylist":["music.wav","Yodha.wav"]}
[2024-03-19 18:54:13.184] [INFO ] [ClientHandler.java:36] {"message":"music.wav","command":"audioFile"}
[2024-03-19 18:54:14.212] [INFO ] [ClientHandler.java:36] {"message":"test:shivam","command":"getPlaylist"}
[2024-03-19 18:54:14.214] [INFO ] [ServerRequestHandler.java:113] {"getPlaylist":["music.wav","Yodha.wav"]}
[2024-03-19 18:54:14.216] [INFO ] [ClientHandler.java:36] {"message":"Yodha.wav","command":"audioFile"}
[2024-03-19 18:54:18.119] [INFO ] [ClientHandler.java:36] {"message":"music.wav","command":"audioFile"}
[2024-03-19 18:54:19.142] [INFO ] [ClientHandler.java:36] {"message":"Yodha.wav","command":"audioFile"}
[2024-03-19 18:54:21.736] [INFO ] [ClientHandler.java:36] {"message":"music.wav","command":"audioFile"}
[2024-03-19 18:54:22.604] [INFO ] [ClientHandler.java:36] {"message":"music.wav","command":"audioFile"}
[2024-03-19 18:55:04.271] [INFO ] [ClientHandler.java:36] {"message":"music.wav","command":"audioFile"}
[2024-03-19 18:57:47.068] [INFO ] [ClientHandler.java:36] {"password":"shivam","command":"login","username":"shivam"}
[2024-03-19 18:57:47.068] [INFO ] [MusicLibrary.java:156] shivam logged into application
[2024-03-19 18:57:47.068] [INFO ] [ServerRequestHandler.java:214] {"message":"login Successfully","status":"success"}
[2024-03-19 18:57:48.099] [INFO ] [ClientHandler.java:36] {"command":"getPlaylistName"}
[2024-03-19 18:57:48.101] [INFO ] [ServerRequestHandler.java:90] {}
[2024-03-19 18:57:51.367] [INFO ] [ClientHandler.java:36] {"command":"library"}
[2024-03-19 18:57:51.368] [INFO ] [ServerRequestHandler.java:42] {"library":["music.wav","mini.wav","Yodha.wav","mangalvar.wav","Imagine.wav","mini2.wav","Perfect.wav","Heading_Home.wav"]}
[2024-03-19 18:57:52.755] [INFO ] [ClientHandler.java:36] {"message":"music.wav","command":"audioFile"}
[2024-03-19 18:57:55.145] [INFO ] [ClientHandler.java:36] {"command":"library"}
[2024-03-19 18:57:55.145] [INFO ] [ServerRequestHandler.java:42] {"library":["music.wav","mini.wav","Yodha.wav","mangalvar.wav","Imagine.wav","mini2.wav","Perfect.wav","Heading_Home.wav"]}
[2024-03-19 18:57:55.146] [INFO ] [ClientHandler.java:36] {"message":"mini.wav","command":"audioFile"}
[2024-03-19 18:58:00.374] [INFO ] [ClientHandler.java:36] {"command":"library"}
[2024-03-19 18:58:00.376] [INFO ] [ServerRequestHandler.java:42] {"library":["music.wav","mini.wav","Yodha.wav","mangalvar.wav","Imagine.wav","mini2.wav","Perfect.wav","Heading_Home.wav"]}
[2024-03-19 18:58:00.378] [INFO ] [ClientHandler.java:36] {"message":"Yodha.wav","command":"audioFile"}
[2024-03-19 18:58:06.551] [INFO ] [ClientHandler.java:36] {"message":"mini.wav","command":"audioFile"}
[2024-03-19 18:58:13.523] [INFO ] [ClientHandler.java:36] {"command":"library"}
[2024-03-19 18:58:13.524] [INFO ] [ServerRequestHandler.java:42] {"library":["music.wav","mini.wav","Yodha.wav","mangalvar.wav","Imagine.wav","mini2.wav","Perfect.wav","Heading_Home.wav"]}
[2024-03-19 18:58:21.933] [INFO ] [ClientHandler.java:36] {"message":"music.wav","command":"audioFile"}
[2024-03-19 18:58:27.296] [INFO ] [ClientHandler.java:36] {"command":"library"}
[2024-03-19 18:58:27.296] [INFO ] [ServerRequestHandler.java:42] {"library":["music.wav","mini.wav","Yodha.wav","mangalvar.wav","Imagine.wav","mini2.wav","Perfect.wav","Heading_Home.wav"]}
[2024-03-19 18:58:27.297] [INFO ] [ClientHandler.java:36] {"message":"mini.wav","command":"audioFile"}
[2024-03-19 18:58:31.267] [INFO ] [ClientHandler.java:36] {"command":"library"}
[2024-03-19 18:58:31.267] [INFO ] [ServerRequestHandler.java:42] {"library":["music.wav","mini.wav","Yodha.wav","mangalvar.wav","Imagine.wav","mini2.wav","Perfect.wav","Heading_Home.wav"]}
[2024-03-19 18:58:31.268] [INFO ] [ClientHandler.java:36] {"message":"Yodha.wav","command":"audioFile"}
[2024-03-19 18:58:35.558] [INFO ] [ClientHandler.java:36] {"command":"library"}
[2024-03-19 18:58:35.559] [INFO ] [ServerRequestHandler.java:42] {"library":["music.wav","mini.wav","Yodha.wav","mangalvar.wav","Imagine.wav","mini2.wav","Perfect.wav","Heading_Home.wav"]}
[2024-03-19 19:02:10.826] [INFO ] [ClientHandler.java:36] {"command":"getPlaylistName"}
[2024-03-19 19:02:10.828] [INFO ] [ServerRequestHandler.java:90] {}
[2024-03-19 19:02:13.820] [INFO ] [ClientHandler.java:36] {"command":"getPlaylistName"}
[2024-03-19 19:02:13.821] [INFO ] [ServerRequestHandler.java:90] {}
[2024-03-19 19:02:18.890] [INFO ] [ClientHandler.java:36] {"message":"test:shivam","command":"getPlaylist"}
[2024-03-19 19:02:18.891] [INFO ] [ServerRequestHandler.java:113] {"getPlaylist":["music.wav","Yodha.wav"]}
[2024-03-19 19:02:24.801] [INFO ] [ClientHandler.java:36] {"message":"test:shivam/music.wav","command":"removeFromPlaylist","username":"shivam"}
